{"/Users/scott/git/wp-graphql/src/data/Category.js": {"path":"/Users/scott/git/wp-graphql/src/data/Category.js","statementMap":{"0":{"start":{"line":1,"column":13},"end":{"line":1,"column":75}},"1":{"start":{"line":1,"column":98},"end":{"line":1,"column":145}},"2":{"start":{"line":1,"column":169},"end":{"line":1,"column":209}},"3":{"start":{"line":1,"column":230},"end":{"line":1,"column":274}},"4":{"start":{"line":1,"column":295},"end":{"line":1,"column":332}},"5":{"start":{"line":1,"column":353},"end":{"line":1,"column":377}},"6":{"start":{"line":1,"column":416},"end":{"line":1,"column":470}},"7":{"start":{"line":3,"column":11},"end":{"line":3,"column":67}},"8":{"start":{"line":5,"column":11},"end":{"line":12,"column":29}},"9":{"start":{"line":5,"column":45},"end":{"line":5,"column":91}},"10":{"start":{"line":5,"column":92},"end":{"line":12,"column":10}},"11":{"start":{"line":7,"column":6},"end":{"line":7,"column":75}},"12":{"start":{"line":11,"column":6},"end":{"line":11,"column":18}},"13":{"start":{"line":12,"column":10},"end":{"line":12,"column":26}},"14":{"start":{"line":12,"column":30},"end":{"line":15,"column":9}}},"fnMap":{"0":{"name":"_interopRequireDefault","decl":{"start":{"line":1,"column":387},"end":{"line":1,"column":409}},"loc":{"start":{"line":1,"column":415},"end":{"line":1,"column":471}},"line":1},"1":{"name":"(anonymous_1)","decl":{"start":{"line":5,"column":11},"end":{"line":5,"column":12}},"loc":{"start":{"line":5,"column":23},"end":{"line":12,"column":27}},"line":5},"2":{"name":"Category","decl":{"start":{"line":5,"column":33},"end":{"line":5,"column":41}},"loc":{"start":{"line":5,"column":44},"end":{"line":5,"column":92}},"line":5},"3":{"name":"getID","decl":{"start":{"line":5,"column":162},"end":{"line":5,"column":167}},"loc":{"start":{"line":6,"column":4},"end":{"line":8,"column":5}},"line":6},"4":{"name":"getEndpoint","decl":{"start":{"line":8,"column":49},"end":{"line":8,"column":60}},"loc":{"start":{"line":10,"column":4},"end":{"line":12,"column":5}},"line":10}},"branchMap":{"0":{"loc":{"start":{"line":1,"column":423},"end":{"line":1,"column":469}},"type":"cond-expr","locations":[{"start":{"line":1,"column":447},"end":{"line":1,"column":450}},{"start":{"line":1,"column":453},"end":{"line":1,"column":469}}],"line":1},"1":{"loc":{"start":{"line":1,"column":423},"end":{"line":1,"column":444}},"type":"binary-expr","locations":[{"start":{"line":1,"column":423},"end":{"line":1,"column":426}},{"start":{"line":1,"column":430},"end":{"line":1,"column":444}}],"line":1},"2":{"loc":{"start":{"line":3,"column":11},"end":{"line":3,"column":67}},"type":"binary-expr","locations":[{"start":{"line":3,"column":11},"end":{"line":3,"column":45}},{"start":{"line":3,"column":49},"end":{"line":3,"column":67}}],"line":3}},"s":{"0":0,"1":0,"2":0,"3":0,"4":0,"5":0,"6":0,"7":0,"8":0,"9":0,"10":0,"11":0,"12":0,"13":0,"14":0},"f":{"0":0,"1":0,"2":0,"3":0,"4":0},"b":{"0":[0,0],"1":[0,0],"2":[0,0]}}
,"/Users/scott/git/wp-graphql/src/data/Chart.js": {"path":"/Users/scott/git/wp-graphql/src/data/Chart.js","statementMap":{"0":{"start":{"line":1,"column":13},"end":{"line":1,"column":75}},"1":{"start":{"line":1,"column":98},"end":{"line":1,"column":145}},"2":{"start":{"line":1,"column":169},"end":{"line":1,"column":209}},"3":{"start":{"line":1,"column":230},"end":{"line":1,"column":274}},"4":{"start":{"line":1,"column":295},"end":{"line":1,"column":332}},"5":{"start":{"line":1,"column":353},"end":{"line":1,"column":377}},"6":{"start":{"line":1,"column":416},"end":{"line":1,"column":470}},"7":{"start":{"line":3,"column":11},"end":{"line":3,"column":82}},"8":{"start":{"line":5,"column":8},"end":{"line":12,"column":26}},"9":{"start":{"line":5,"column":39},"end":{"line":5,"column":82}},"10":{"start":{"line":5,"column":83},"end":{"line":12,"column":10}},"11":{"start":{"line":7,"column":6},"end":{"line":7,"column":72}},"12":{"start":{"line":11,"column":6},"end":{"line":11,"column":18}},"13":{"start":{"line":12,"column":10},"end":{"line":12,"column":23}},"14":{"start":{"line":12,"column":27},"end":{"line":15,"column":6}}},"fnMap":{"0":{"name":"_interopRequireDefault","decl":{"start":{"line":1,"column":387},"end":{"line":1,"column":409}},"loc":{"start":{"line":1,"column":415},"end":{"line":1,"column":471}},"line":1},"1":{"name":"(anonymous_1)","decl":{"start":{"line":5,"column":8},"end":{"line":5,"column":9}},"loc":{"start":{"line":5,"column":20},"end":{"line":12,"column":24}},"line":5},"2":{"name":"Chart","decl":{"start":{"line":5,"column":30},"end":{"line":5,"column":35}},"loc":{"start":{"line":5,"column":38},"end":{"line":5,"column":83}},"line":5},"3":{"name":"getID","decl":{"start":{"line":5,"column":150},"end":{"line":5,"column":155}},"loc":{"start":{"line":6,"column":4},"end":{"line":8,"column":5}},"line":6},"4":{"name":"getEndpoint","decl":{"start":{"line":8,"column":49},"end":{"line":8,"column":60}},"loc":{"start":{"line":10,"column":4},"end":{"line":12,"column":5}},"line":10}},"branchMap":{"0":{"loc":{"start":{"line":1,"column":423},"end":{"line":1,"column":469}},"type":"cond-expr","locations":[{"start":{"line":1,"column":447},"end":{"line":1,"column":450}},{"start":{"line":1,"column":453},"end":{"line":1,"column":469}}],"line":1},"1":{"loc":{"start":{"line":1,"column":423},"end":{"line":1,"column":444}},"type":"binary-expr","locations":[{"start":{"line":1,"column":423},"end":{"line":1,"column":426}},{"start":{"line":1,"column":430},"end":{"line":1,"column":444}}],"line":1}},"s":{"0":0,"1":0,"2":0,"3":0,"4":0,"5":0,"6":0,"7":0,"8":0,"9":0,"10":0,"11":0,"12":0,"13":0,"14":0},"f":{"0":0,"1":0,"2":0,"3":0,"4":0},"b":{"0":[0,0],"1":[0,0]}}
,"/Users/scott/git/wp-graphql/src/data/Comment.js": {"path":"/Users/scott/git/wp-graphql/src/data/Comment.js","statementMap":{"0":{"start":{"line":6,"column":25},"end":{"line":6,"column":82}},"1":{"start":{"line":7,"column":21},"end":{"line":7,"column":39}},"2":{"start":{"line":11,"column":4},"end":{"line":11,"column":54}},"3":{"start":{"line":15,"column":4},"end":{"line":15,"column":28}},"4":{"start":{"line":19,"column":4},"end":{"line":21,"column":5}},"5":{"start":{"line":20,"column":6},"end":{"line":20,"column":31}},"6":{"start":{"line":23,"column":21},"end":{"line":23,"column":44}},"7":{"start":{"line":24,"column":4},"end":{"line":27,"column":6}},"8":{"start":{"line":31,"column":17},"end":{"line":31,"column":29}},"9":{"start":{"line":32,"column":40},"end":{"line":32,"column":79}},"10":{"start":{"line":33,"column":4},"end":{"line":36,"column":6}},"11":{"start":{"line":35,"column":30},"end":{"line":35,"column":64}},"12":{"start":{"line":40,"column":4},"end":{"line":42,"column":5}},"13":{"start":{"line":41,"column":6},"end":{"line":41,"column":81}},"14":{"start":{"line":44,"column":4},"end":{"line":46,"column":5}},"15":{"start":{"line":45,"column":6},"end":{"line":45,"column":81}},"16":{"start":{"line":48,"column":4},"end":{"line":79,"column":5}},"17":{"start":{"line":49,"column":51},"end":{"line":52,"column":8}},"18":{"start":{"line":54,"column":6},"end":{"line":66,"column":7}},"19":{"start":{"line":55,"column":8},"end":{"line":60,"column":9}},"20":{"start":{"line":56,"column":10},"end":{"line":56,"column":53}},"21":{"start":{"line":59,"column":10},"end":{"line":59,"column":73}},"22":{"start":{"line":61,"column":8},"end":{"line":65,"column":10}},"23":{"start":{"line":68,"column":6},"end":{"line":72,"column":8}},"24":{"start":{"line":74,"column":6},"end":{"line":78,"column":8}},"25":{"start":{"line":83,"column":17},"end":{"line":83,"column":41}},"26":{"start":{"line":84,"column":27},"end":{"line":84,"column":63}},"27":{"start":{"line":85,"column":4},"end":{"line":85,"column":19}},"28":{"start":{"line":87,"column":4},"end":{"line":118,"column":5}},"29":{"start":{"line":88,"column":51},"end":{"line":91,"column":8}},"30":{"start":{"line":93,"column":6},"end":{"line":105,"column":7}},"31":{"start":{"line":94,"column":8},"end":{"line":99,"column":9}},"32":{"start":{"line":95,"column":10},"end":{"line":95,"column":53}},"33":{"start":{"line":98,"column":10},"end":{"line":98,"column":73}},"34":{"start":{"line":100,"column":8},"end":{"line":104,"column":10}},"35":{"start":{"line":107,"column":6},"end":{"line":111,"column":8}},"36":{"start":{"line":113,"column":6},"end":{"line":117,"column":8}},"37":{"start":{"line":122,"column":17},"end":{"line":122,"column":41}},"38":{"start":{"line":123,"column":27},"end":{"line":123,"column":63}},"39":{"start":{"line":125,"column":4},"end":{"line":151,"column":5}},"40":{"start":{"line":126,"column":42},"end":{"line":129,"column":8}},"41":{"start":{"line":131,"column":6},"end":{"line":136,"column":7}},"42":{"start":{"line":132,"column":8},"end":{"line":132,"column":49}},"43":{"start":{"line":135,"column":8},"end":{"line":135,"column":69}},"44":{"start":{"line":138,"column":6},"end":{"line":142,"column":7}},"45":{"start":{"line":139,"column":8},"end":{"line":141,"column":10}},"46":{"start":{"line":144,"column":6},"end":{"line":146,"column":8}},"47":{"start":{"line":148,"column":6},"end":{"line":150,"column":8}}},"fnMap":{"0":{"name":"(anonymous_0)","decl":{"start":{"line":10,"column":2},"end":{"line":10,"column":3}},"loc":{"start":{"line":10,"column":10},"end":{"line":12,"column":3}},"line":10},"1":{"name":"(anonymous_1)","decl":{"start":{"line":14,"column":2},"end":{"line":14,"column":3}},"loc":{"start":{"line":14,"column":23},"end":{"line":16,"column":3}},"line":14},"2":{"name":"(anonymous_2)","decl":{"start":{"line":18,"column":2},"end":{"line":18,"column":3}},"loc":{"start":{"line":18,"column":34},"end":{"line":28,"column":3}},"line":18},"3":{"name":"(anonymous_3)","decl":{"start":{"line":30,"column":2},"end":{"line":30,"column":3}},"loc":{"start":{"line":30,"column":37},"end":{"line":37,"column":3}},"line":30},"4":{"name":"(anonymous_4)","decl":{"start":{"line":35,"column":22},"end":{"line":35,"column":23}},"loc":{"start":{"line":35,"column":30},"end":{"line":35,"column":64}},"line":35},"5":{"name":"(anonymous_5)","decl":{"start":{"line":39,"column":2},"end":{"line":39,"column":3}},"loc":{"start":{"line":39,"column":28},"end":{"line":80,"column":3}},"line":39},"6":{"name":"(anonymous_6)","decl":{"start":{"line":82,"column":2},"end":{"line":82,"column":3}},"loc":{"start":{"line":82,"column":29},"end":{"line":119,"column":3}},"line":82},"7":{"name":"(anonymous_7)","decl":{"start":{"line":121,"column":2},"end":{"line":121,"column":3}},"loc":{"start":{"line":121,"column":29},"end":{"line":152,"column":3}},"line":121}},"branchMap":{"0":{"loc":{"start":{"line":6,"column":25},"end":{"line":6,"column":82}},"type":"binary-expr","locations":[{"start":{"line":6,"column":25},"end":{"line":6,"column":57}},{"start":{"line":6,"column":61},"end":{"line":6,"column":82}}],"line":6},"1":{"loc":{"start":{"line":19,"column":4},"end":{"line":21,"column":5}},"type":"if","locations":[{"start":{"line":19,"column":4},"end":{"line":21,"column":5}},{"start":{"line":19,"column":4},"end":{"line":21,"column":5}}],"line":19},"2":{"loc":{"start":{"line":30,"column":26},"end":{"line":30,"column":35}},"type":"default-arg","locations":[{"start":{"line":30,"column":33},"end":{"line":30,"column":35}}],"line":30},"3":{"loc":{"start":{"line":40,"column":4},"end":{"line":42,"column":5}},"type":"if","locations":[{"start":{"line":40,"column":4},"end":{"line":42,"column":5}},{"start":{"line":40,"column":4},"end":{"line":42,"column":5}}],"line":40},"4":{"loc":{"start":{"line":40,"column":8},"end":{"line":40,"column":64}},"type":"binary-expr","locations":[{"start":{"line":40,"column":8},"end":{"line":40,"column":20}},{"start":{"line":40,"column":24},"end":{"line":40,"column":64}}],"line":40},"5":{"loc":{"start":{"line":40,"column":26},"end":{"line":40,"column":63}},"type":"binary-expr","locations":[{"start":{"line":40,"column":26},"end":{"line":40,"column":43}},{"start":{"line":40,"column":47},"end":{"line":40,"column":63}}],"line":40},"6":{"loc":{"start":{"line":44,"column":4},"end":{"line":46,"column":5}},"type":"if","locations":[{"start":{"line":44,"column":4},"end":{"line":46,"column":5}},{"start":{"line":44,"column":4},"end":{"line":46,"column":5}}],"line":44},"7":{"loc":{"start":{"line":54,"column":6},"end":{"line":66,"column":7}},"type":"if","locations":[{"start":{"line":54,"column":6},"end":{"line":66,"column":7}},{"start":{"line":54,"column":6},"end":{"line":66,"column":7}}],"line":54},"8":{"loc":{"start":{"line":76,"column":16},"end":{"line":76,"column":49}},"type":"binary-expr","locations":[{"start":{"line":76,"column":16},"end":{"line":76,"column":25}},{"start":{"line":76,"column":29},"end":{"line":76,"column":49}}],"line":76},"9":{"loc":{"start":{"line":93,"column":6},"end":{"line":105,"column":7}},"type":"if","locations":[{"start":{"line":93,"column":6},"end":{"line":105,"column":7}},{"start":{"line":93,"column":6},"end":{"line":105,"column":7}}],"line":93},"10":{"loc":{"start":{"line":138,"column":6},"end":{"line":142,"column":7}},"type":"if","locations":[{"start":{"line":138,"column":6},"end":{"line":142,"column":7}},{"start":{"line":138,"column":6},"end":{"line":142,"column":7}}],"line":138}},"s":{"0":1,"1":1,"2":0,"3":0,"4":1,"5":1,"6":0,"7":0,"8":0,"9":0,"10":0,"11":0,"12":3,"13":1,"14":2,"15":1,"16":1,"17":1,"18":1,"19":1,"20":1,"21":0,"22":1,"23":0,"24":0,"25":0,"26":0,"27":0,"28":0,"29":0,"30":0,"31":0,"32":0,"33":0,"34":0,"35":0,"36":0,"37":0,"38":0,"39":0,"40":0,"41":0,"42":0,"43":0,"44":0,"45":0,"46":0,"47":0},"f":{"0":0,"1":0,"2":1,"3":0,"4":0,"5":3,"6":0,"7":0},"b":{"0":[1,0],"1":[1,0],"2":[0],"3":[1,2],"4":[3,3],"5":[3,2],"6":[1,1],"7":[1,0],"8":[0,0],"9":[0,0],"10":[0,0]},"_coverageSchema":"332fd63041d2c1bcb487cc26dd0d5f7d97098a6c","hash":"f025d61a0a3fec4030b4c9efdc77efc2b991ba3c"}
,"/Users/scott/git/wp-graphql/src/data/Media.js": {"path":"/Users/scott/git/wp-graphql/src/data/Media.js","statementMap":{"0":{"start":{"line":1,"column":13},"end":{"line":1,"column":75}},"1":{"start":{"line":1,"column":98},"end":{"line":1,"column":145}},"2":{"start":{"line":1,"column":169},"end":{"line":1,"column":209}},"3":{"start":{"line":1,"column":230},"end":{"line":1,"column":274}},"4":{"start":{"line":1,"column":295},"end":{"line":1,"column":332}},"5":{"start":{"line":1,"column":353},"end":{"line":1,"column":377}},"6":{"start":{"line":1,"column":416},"end":{"line":1,"column":470}},"7":{"start":{"line":3,"column":11},"end":{"line":3,"column":57}},"8":{"start":{"line":5,"column":8},"end":{"line":12,"column":26}},"9":{"start":{"line":5,"column":39},"end":{"line":5,"column":82}},"10":{"start":{"line":5,"column":83},"end":{"line":12,"column":10}},"11":{"start":{"line":7,"column":6},"end":{"line":7,"column":75}},"12":{"start":{"line":11,"column":6},"end":{"line":11,"column":18}},"13":{"start":{"line":12,"column":10},"end":{"line":12,"column":23}},"14":{"start":{"line":12,"column":27},"end":{"line":15,"column":6}}},"fnMap":{"0":{"name":"_interopRequireDefault","decl":{"start":{"line":1,"column":387},"end":{"line":1,"column":409}},"loc":{"start":{"line":1,"column":415},"end":{"line":1,"column":471}},"line":1},"1":{"name":"(anonymous_1)","decl":{"start":{"line":5,"column":8},"end":{"line":5,"column":9}},"loc":{"start":{"line":5,"column":20},"end":{"line":12,"column":24}},"line":5},"2":{"name":"Media","decl":{"start":{"line":5,"column":30},"end":{"line":5,"column":35}},"loc":{"start":{"line":5,"column":38},"end":{"line":5,"column":83}},"line":5},"3":{"name":"getID","decl":{"start":{"line":5,"column":150},"end":{"line":5,"column":155}},"loc":{"start":{"line":6,"column":4},"end":{"line":8,"column":5}},"line":6},"4":{"name":"getEndpoint","decl":{"start":{"line":8,"column":49},"end":{"line":8,"column":60}},"loc":{"start":{"line":10,"column":4},"end":{"line":12,"column":5}},"line":10}},"branchMap":{"0":{"loc":{"start":{"line":1,"column":423},"end":{"line":1,"column":469}},"type":"cond-expr","locations":[{"start":{"line":1,"column":447},"end":{"line":1,"column":450}},{"start":{"line":1,"column":453},"end":{"line":1,"column":469}}],"line":1},"1":{"loc":{"start":{"line":1,"column":423},"end":{"line":1,"column":444}},"type":"binary-expr","locations":[{"start":{"line":1,"column":423},"end":{"line":1,"column":426}},{"start":{"line":1,"column":430},"end":{"line":1,"column":444}}],"line":1},"2":{"loc":{"start":{"line":3,"column":11},"end":{"line":3,"column":57}},"type":"binary-expr","locations":[{"start":{"line":3,"column":11},"end":{"line":3,"column":40}},{"start":{"line":3,"column":44},"end":{"line":3,"column":57}}],"line":3}},"s":{"0":0,"1":0,"2":0,"3":0,"4":0,"5":0,"6":0,"7":0,"8":0,"9":0,"10":0,"11":0,"12":0,"13":0,"14":0},"f":{"0":0,"1":0,"2":0,"3":0,"4":0},"b":{"0":[0,0],"1":[0,0],"2":[0,0]}}
,"/Users/scott/git/wp-graphql/src/data/NavMenu.js": {"path":"/Users/scott/git/wp-graphql/src/data/NavMenu.js","statementMap":{"0":{"start":{"line":1,"column":13},"end":{"line":1,"column":75}},"1":{"start":{"line":1,"column":98},"end":{"line":1,"column":145}},"2":{"start":{"line":1,"column":169},"end":{"line":1,"column":209}},"3":{"start":{"line":1,"column":230},"end":{"line":1,"column":274}},"4":{"start":{"line":1,"column":295},"end":{"line":1,"column":332}},"5":{"start":{"line":1,"column":353},"end":{"line":1,"column":377}},"6":{"start":{"line":1,"column":416},"end":{"line":1,"column":470}},"7":{"start":{"line":3,"column":11},"end":{"line":3,"column":52}},"8":{"start":{"line":4,"column":0},"end":{"line":9,"column":1}},"9":{"start":{"line":5,"column":2},"end":{"line":7,"column":62}},"10":{"start":{"line":11,"column":10},"end":{"line":18,"column":28}},"11":{"start":{"line":11,"column":43},"end":{"line":11,"column":88}},"12":{"start":{"line":11,"column":89},"end":{"line":18,"column":10}},"13":{"start":{"line":13,"column":6},"end":{"line":13,"column":75}},"14":{"start":{"line":17,"column":6},"end":{"line":17,"column":18}},"15":{"start":{"line":18,"column":10},"end":{"line":18,"column":25}},"16":{"start":{"line":18,"column":29},"end":{"line":21,"column":8}}},"fnMap":{"0":{"name":"_interopRequireDefault","decl":{"start":{"line":1,"column":387},"end":{"line":1,"column":409}},"loc":{"start":{"line":1,"column":415},"end":{"line":1,"column":471}},"line":1},"1":{"name":"(anonymous_1)","decl":{"start":{"line":11,"column":10},"end":{"line":11,"column":11}},"loc":{"start":{"line":11,"column":22},"end":{"line":18,"column":26}},"line":11},"2":{"name":"NavMenu","decl":{"start":{"line":11,"column":32},"end":{"line":11,"column":39}},"loc":{"start":{"line":11,"column":42},"end":{"line":11,"column":89}},"line":11},"3":{"name":"getID","decl":{"start":{"line":11,"column":158},"end":{"line":11,"column":163}},"loc":{"start":{"line":12,"column":4},"end":{"line":14,"column":5}},"line":12},"4":{"name":"getEndpoint","decl":{"start":{"line":14,"column":49},"end":{"line":14,"column":60}},"loc":{"start":{"line":16,"column":4},"end":{"line":18,"column":5}},"line":16}},"branchMap":{"0":{"loc":{"start":{"line":1,"column":423},"end":{"line":1,"column":469}},"type":"cond-expr","locations":[{"start":{"line":1,"column":447},"end":{"line":1,"column":450}},{"start":{"line":1,"column":453},"end":{"line":1,"column":469}}],"line":1},"1":{"loc":{"start":{"line":1,"column":423},"end":{"line":1,"column":444}},"type":"binary-expr","locations":[{"start":{"line":1,"column":423},"end":{"line":1,"column":426}},{"start":{"line":1,"column":430},"end":{"line":1,"column":444}}],"line":1},"2":{"loc":{"start":{"line":3,"column":11},"end":{"line":3,"column":52}},"type":"binary-expr","locations":[{"start":{"line":3,"column":11},"end":{"line":3,"column":44}},{"start":{"line":3,"column":48},"end":{"line":3,"column":52}}],"line":3},"3":{"loc":{"start":{"line":4,"column":0},"end":{"line":9,"column":1}},"type":"if","locations":[{"start":{"line":4,"column":0},"end":{"line":9,"column":1}},{"start":{"line":4,"column":0},"end":{"line":9,"column":1}}],"line":4}},"s":{"0":0,"1":0,"2":0,"3":0,"4":0,"5":0,"6":0,"7":0,"8":0,"9":0,"10":0,"11":0,"12":0,"13":0,"14":0,"15":0,"16":0},"f":{"0":0,"1":0,"2":0,"3":0,"4":0},"b":{"0":[0,0],"1":[0,0],"2":[0,0],"3":[0,0]}}
,"/Users/scott/git/wp-graphql/src/data/Page.js": {"path":"/Users/scott/git/wp-graphql/src/data/Page.js","statementMap":{"0":{"start":{"line":1,"column":13},"end":{"line":1,"column":75}},"1":{"start":{"line":1,"column":98},"end":{"line":1,"column":145}},"2":{"start":{"line":1,"column":169},"end":{"line":1,"column":209}},"3":{"start":{"line":1,"column":230},"end":{"line":1,"column":274}},"4":{"start":{"line":1,"column":295},"end":{"line":1,"column":332}},"5":{"start":{"line":1,"column":353},"end":{"line":1,"column":377}},"6":{"start":{"line":1,"column":416},"end":{"line":1,"column":470}},"7":{"start":{"line":3,"column":11},"end":{"line":3,"column":57}},"8":{"start":{"line":5,"column":7},"end":{"line":12,"column":25}},"9":{"start":{"line":5,"column":37},"end":{"line":5,"column":79}},"10":{"start":{"line":5,"column":80},"end":{"line":12,"column":10}},"11":{"start":{"line":7,"column":6},"end":{"line":7,"column":75}},"12":{"start":{"line":11,"column":6},"end":{"line":11,"column":18}},"13":{"start":{"line":12,"column":10},"end":{"line":12,"column":22}},"14":{"start":{"line":12,"column":26},"end":{"line":15,"column":5}}},"fnMap":{"0":{"name":"_interopRequireDefault","decl":{"start":{"line":1,"column":387},"end":{"line":1,"column":409}},"loc":{"start":{"line":1,"column":415},"end":{"line":1,"column":471}},"line":1},"1":{"name":"(anonymous_1)","decl":{"start":{"line":5,"column":7},"end":{"line":5,"column":8}},"loc":{"start":{"line":5,"column":19},"end":{"line":12,"column":23}},"line":5},"2":{"name":"Page","decl":{"start":{"line":5,"column":29},"end":{"line":5,"column":33}},"loc":{"start":{"line":5,"column":36},"end":{"line":5,"column":80}},"line":5},"3":{"name":"getID","decl":{"start":{"line":5,"column":146},"end":{"line":5,"column":151}},"loc":{"start":{"line":6,"column":4},"end":{"line":8,"column":5}},"line":6},"4":{"name":"getEndpoint","decl":{"start":{"line":8,"column":49},"end":{"line":8,"column":60}},"loc":{"start":{"line":10,"column":4},"end":{"line":12,"column":5}},"line":10}},"branchMap":{"0":{"loc":{"start":{"line":1,"column":423},"end":{"line":1,"column":469}},"type":"cond-expr","locations":[{"start":{"line":1,"column":447},"end":{"line":1,"column":450}},{"start":{"line":1,"column":453},"end":{"line":1,"column":469}}],"line":1},"1":{"loc":{"start":{"line":1,"column":423},"end":{"line":1,"column":444}},"type":"binary-expr","locations":[{"start":{"line":1,"column":423},"end":{"line":1,"column":426}},{"start":{"line":1,"column":430},"end":{"line":1,"column":444}}],"line":1},"2":{"loc":{"start":{"line":3,"column":11},"end":{"line":3,"column":57}},"type":"binary-expr","locations":[{"start":{"line":3,"column":11},"end":{"line":3,"column":40}},{"start":{"line":3,"column":44},"end":{"line":3,"column":57}}],"line":3}},"s":{"0":0,"1":0,"2":0,"3":0,"4":0,"5":0,"6":0,"7":0,"8":0,"9":0,"10":0,"11":0,"12":0,"13":0,"14":0},"f":{"0":0,"1":0,"2":0,"3":0,"4":0},"b":{"0":[0,0],"1":[0,0],"2":[0,0]}}
,"/Users/scott/git/wp-graphql/src/data/Post.js": {"path":"/Users/scott/git/wp-graphql/src/data/Post.js","statementMap":{"0":{"start":{"line":4,"column":13},"end":{"line":4,"column":64}},"1":{"start":{"line":8,"column":4},"end":{"line":8,"column":54}},"2":{"start":{"line":12,"column":4},"end":{"line":12,"column":16}},"3":{"start":{"line":16,"column":40},"end":{"line":16,"column":75}},"4":{"start":{"line":17,"column":4},"end":{"line":20,"column":6}},"5":{"start":{"line":19,"column":30},"end":{"line":19,"column":61}}},"fnMap":{"0":{"name":"(anonymous_0)","decl":{"start":{"line":7,"column":2},"end":{"line":7,"column":3}},"loc":{"start":{"line":7,"column":10},"end":{"line":9,"column":3}},"line":7},"1":{"name":"(anonymous_1)","decl":{"start":{"line":11,"column":2},"end":{"line":11,"column":3}},"loc":{"start":{"line":11,"column":23},"end":{"line":13,"column":3}},"line":11},"2":{"name":"(anonymous_2)","decl":{"start":{"line":15,"column":2},"end":{"line":15,"column":3}},"loc":{"start":{"line":15,"column":37},"end":{"line":21,"column":3}},"line":15},"3":{"name":"(anonymous_3)","decl":{"start":{"line":19,"column":22},"end":{"line":19,"column":23}},"loc":{"start":{"line":19,"column":30},"end":{"line":19,"column":61}},"line":19}},"branchMap":{"0":{"loc":{"start":{"line":4,"column":13},"end":{"line":4,"column":64}},"type":"binary-expr","locations":[{"start":{"line":4,"column":13},"end":{"line":4,"column":42}},{"start":{"line":4,"column":46},"end":{"line":4,"column":64}}],"line":4},"1":{"loc":{"start":{"line":15,"column":26},"end":{"line":15,"column":35}},"type":"default-arg","locations":[{"start":{"line":15,"column":33},"end":{"line":15,"column":35}}],"line":15}},"s":{"0":1,"1":0,"2":1,"3":0,"4":0,"5":0},"f":{"0":0,"1":1,"2":0,"3":0},"b":{"0":[1,0],"1":[0]},"_coverageSchema":"332fd63041d2c1bcb487cc26dd0d5f7d97098a6c","hash":"d20e670f6c3d06ba685022ee57c7a203950ca59f"}
,"/Users/scott/git/wp-graphql/src/data/Settings.js": {"path":"/Users/scott/git/wp-graphql/src/data/Settings.js","statementMap":{"0":{"start":{"line":1,"column":13},"end":{"line":1,"column":75}},"1":{"start":{"line":1,"column":98},"end":{"line":1,"column":145}},"2":{"start":{"line":1,"column":169},"end":{"line":1,"column":209}},"3":{"start":{"line":1,"column":230},"end":{"line":1,"column":274}},"4":{"start":{"line":1,"column":295},"end":{"line":1,"column":332}},"5":{"start":{"line":1,"column":353},"end":{"line":1,"column":377}},"6":{"start":{"line":1,"column":416},"end":{"line":1,"column":470}},"7":{"start":{"line":3,"column":11},"end":{"line":3,"column":68}},"8":{"start":{"line":5,"column":11},"end":{"line":12,"column":29}},"9":{"start":{"line":5,"column":45},"end":{"line":5,"column":91}},"10":{"start":{"line":5,"column":92},"end":{"line":12,"column":10}},"11":{"start":{"line":7,"column":6},"end":{"line":7,"column":72}},"12":{"start":{"line":11,"column":6},"end":{"line":11,"column":18}},"13":{"start":{"line":12,"column":10},"end":{"line":12,"column":26}},"14":{"start":{"line":12,"column":30},"end":{"line":15,"column":9}}},"fnMap":{"0":{"name":"_interopRequireDefault","decl":{"start":{"line":1,"column":387},"end":{"line":1,"column":409}},"loc":{"start":{"line":1,"column":415},"end":{"line":1,"column":471}},"line":1},"1":{"name":"(anonymous_1)","decl":{"start":{"line":5,"column":11},"end":{"line":5,"column":12}},"loc":{"start":{"line":5,"column":23},"end":{"line":12,"column":27}},"line":5},"2":{"name":"Settings","decl":{"start":{"line":5,"column":33},"end":{"line":5,"column":41}},"loc":{"start":{"line":5,"column":44},"end":{"line":5,"column":92}},"line":5},"3":{"name":"getID","decl":{"start":{"line":5,"column":162},"end":{"line":5,"column":167}},"loc":{"start":{"line":6,"column":4},"end":{"line":8,"column":5}},"line":6},"4":{"name":"getEndpoint","decl":{"start":{"line":8,"column":49},"end":{"line":8,"column":60}},"loc":{"start":{"line":10,"column":4},"end":{"line":12,"column":5}},"line":10}},"branchMap":{"0":{"loc":{"start":{"line":1,"column":423},"end":{"line":1,"column":469}},"type":"cond-expr","locations":[{"start":{"line":1,"column":447},"end":{"line":1,"column":450}},{"start":{"line":1,"column":453},"end":{"line":1,"column":469}}],"line":1},"1":{"loc":{"start":{"line":1,"column":423},"end":{"line":1,"column":444}},"type":"binary-expr","locations":[{"start":{"line":1,"column":423},"end":{"line":1,"column":426}},{"start":{"line":1,"column":430},"end":{"line":1,"column":444}}],"line":1},"2":{"loc":{"start":{"line":3,"column":11},"end":{"line":3,"column":68}},"type":"binary-expr","locations":[{"start":{"line":3,"column":11},"end":{"line":3,"column":43}},{"start":{"line":3,"column":47},"end":{"line":3,"column":68}}],"line":3}},"s":{"0":0,"1":0,"2":0,"3":0,"4":0,"5":0,"6":0,"7":0,"8":0,"9":0,"10":0,"11":0,"12":0,"13":0,"14":0},"f":{"0":0,"1":0,"2":0,"3":0,"4":0},"b":{"0":[0,0],"1":[0,0],"2":[0,0]}}
,"/Users/scott/git/wp-graphql/src/data/Sidebar.js": {"path":"/Users/scott/git/wp-graphql/src/data/Sidebar.js","statementMap":{"0":{"start":{"line":1,"column":13},"end":{"line":1,"column":75}},"1":{"start":{"line":1,"column":98},"end":{"line":1,"column":145}},"2":{"start":{"line":1,"column":169},"end":{"line":1,"column":209}},"3":{"start":{"line":1,"column":230},"end":{"line":1,"column":274}},"4":{"start":{"line":1,"column":295},"end":{"line":1,"column":332}},"5":{"start":{"line":1,"column":353},"end":{"line":1,"column":377}},"6":{"start":{"line":1,"column":416},"end":{"line":1,"column":470}},"7":{"start":{"line":3,"column":11},"end":{"line":3,"column":51}},"8":{"start":{"line":4,"column":0},"end":{"line":9,"column":1}},"9":{"start":{"line":5,"column":2},"end":{"line":7,"column":62}},"10":{"start":{"line":11,"column":10},"end":{"line":18,"column":28}},"11":{"start":{"line":11,"column":43},"end":{"line":11,"column":88}},"12":{"start":{"line":11,"column":89},"end":{"line":18,"column":10}},"13":{"start":{"line":13,"column":6},"end":{"line":13,"column":75}},"14":{"start":{"line":17,"column":6},"end":{"line":17,"column":18}},"15":{"start":{"line":18,"column":10},"end":{"line":18,"column":25}},"16":{"start":{"line":18,"column":29},"end":{"line":21,"column":8}}},"fnMap":{"0":{"name":"_interopRequireDefault","decl":{"start":{"line":1,"column":387},"end":{"line":1,"column":409}},"loc":{"start":{"line":1,"column":415},"end":{"line":1,"column":471}},"line":1},"1":{"name":"(anonymous_1)","decl":{"start":{"line":11,"column":10},"end":{"line":11,"column":11}},"loc":{"start":{"line":11,"column":22},"end":{"line":18,"column":26}},"line":11},"2":{"name":"Sidebar","decl":{"start":{"line":11,"column":32},"end":{"line":11,"column":39}},"loc":{"start":{"line":11,"column":42},"end":{"line":11,"column":89}},"line":11},"3":{"name":"getID","decl":{"start":{"line":11,"column":158},"end":{"line":11,"column":163}},"loc":{"start":{"line":12,"column":4},"end":{"line":14,"column":5}},"line":12},"4":{"name":"getEndpoint","decl":{"start":{"line":14,"column":49},"end":{"line":14,"column":60}},"loc":{"start":{"line":16,"column":4},"end":{"line":18,"column":5}},"line":16}},"branchMap":{"0":{"loc":{"start":{"line":1,"column":423},"end":{"line":1,"column":469}},"type":"cond-expr","locations":[{"start":{"line":1,"column":447},"end":{"line":1,"column":450}},{"start":{"line":1,"column":453},"end":{"line":1,"column":469}}],"line":1},"1":{"loc":{"start":{"line":1,"column":423},"end":{"line":1,"column":444}},"type":"binary-expr","locations":[{"start":{"line":1,"column":423},"end":{"line":1,"column":426}},{"start":{"line":1,"column":430},"end":{"line":1,"column":444}}],"line":1},"2":{"loc":{"start":{"line":3,"column":11},"end":{"line":3,"column":51}},"type":"binary-expr","locations":[{"start":{"line":3,"column":11},"end":{"line":3,"column":43}},{"start":{"line":3,"column":47},"end":{"line":3,"column":51}}],"line":3},"3":{"loc":{"start":{"line":4,"column":0},"end":{"line":9,"column":1}},"type":"if","locations":[{"start":{"line":4,"column":0},"end":{"line":9,"column":1}},{"start":{"line":4,"column":0},"end":{"line":9,"column":1}}],"line":4}},"s":{"0":0,"1":0,"2":0,"3":0,"4":0,"5":0,"6":0,"7":0,"8":0,"9":0,"10":0,"11":0,"12":0,"13":0,"14":0,"15":0,"16":0},"f":{"0":0,"1":0,"2":0,"3":0,"4":0},"b":{"0":[0,0],"1":[0,0],"2":[0,0],"3":[0,0]}}
,"/Users/scott/git/wp-graphql/src/data/Tag.js": {"path":"/Users/scott/git/wp-graphql/src/data/Tag.js","statementMap":{"0":{"start":{"line":1,"column":13},"end":{"line":1,"column":75}},"1":{"start":{"line":1,"column":98},"end":{"line":1,"column":145}},"2":{"start":{"line":1,"column":169},"end":{"line":1,"column":209}},"3":{"start":{"line":1,"column":230},"end":{"line":1,"column":274}},"4":{"start":{"line":1,"column":295},"end":{"line":1,"column":332}},"5":{"start":{"line":1,"column":353},"end":{"line":1,"column":377}},"6":{"start":{"line":1,"column":416},"end":{"line":1,"column":470}},"7":{"start":{"line":3,"column":11},"end":{"line":3,"column":55}},"8":{"start":{"line":5,"column":6},"end":{"line":12,"column":24}},"9":{"start":{"line":5,"column":35},"end":{"line":5,"column":76}},"10":{"start":{"line":5,"column":77},"end":{"line":12,"column":10}},"11":{"start":{"line":7,"column":6},"end":{"line":7,"column":75}},"12":{"start":{"line":11,"column":6},"end":{"line":11,"column":18}},"13":{"start":{"line":12,"column":10},"end":{"line":12,"column":21}},"14":{"start":{"line":12,"column":25},"end":{"line":15,"column":4}}},"fnMap":{"0":{"name":"_interopRequireDefault","decl":{"start":{"line":1,"column":387},"end":{"line":1,"column":409}},"loc":{"start":{"line":1,"column":415},"end":{"line":1,"column":471}},"line":1},"1":{"name":"(anonymous_1)","decl":{"start":{"line":5,"column":6},"end":{"line":5,"column":7}},"loc":{"start":{"line":5,"column":18},"end":{"line":12,"column":22}},"line":5},"2":{"name":"Tag","decl":{"start":{"line":5,"column":28},"end":{"line":5,"column":31}},"loc":{"start":{"line":5,"column":34},"end":{"line":5,"column":77}},"line":5},"3":{"name":"getID","decl":{"start":{"line":5,"column":142},"end":{"line":5,"column":147}},"loc":{"start":{"line":6,"column":4},"end":{"line":8,"column":5}},"line":6},"4":{"name":"getEndpoint","decl":{"start":{"line":8,"column":49},"end":{"line":8,"column":60}},"loc":{"start":{"line":10,"column":4},"end":{"line":12,"column":5}},"line":10}},"branchMap":{"0":{"loc":{"start":{"line":1,"column":423},"end":{"line":1,"column":469}},"type":"cond-expr","locations":[{"start":{"line":1,"column":447},"end":{"line":1,"column":450}},{"start":{"line":1,"column":453},"end":{"line":1,"column":469}}],"line":1},"1":{"loc":{"start":{"line":1,"column":423},"end":{"line":1,"column":444}},"type":"binary-expr","locations":[{"start":{"line":1,"column":423},"end":{"line":1,"column":426}},{"start":{"line":1,"column":430},"end":{"line":1,"column":444}}],"line":1},"2":{"loc":{"start":{"line":3,"column":11},"end":{"line":3,"column":55}},"type":"binary-expr","locations":[{"start":{"line":3,"column":11},"end":{"line":3,"column":39}},{"start":{"line":3,"column":43},"end":{"line":3,"column":55}}],"line":3}},"s":{"0":0,"1":0,"2":0,"3":0,"4":0,"5":0,"6":0,"7":0,"8":0,"9":0,"10":0,"11":0,"12":0,"13":0,"14":0},"f":{"0":0,"1":0,"2":0,"3":0,"4":0},"b":{"0":[0,0],"1":[0,0],"2":[0,0]}}
,"/Users/scott/git/wp-graphql/src/data/Taxonomy.js": {"path":"/Users/scott/git/wp-graphql/src/data/Taxonomy.js","statementMap":{"0":{"start":{"line":1,"column":13},"end":{"line":1,"column":75}},"1":{"start":{"line":1,"column":98},"end":{"line":1,"column":145}},"2":{"start":{"line":1,"column":169},"end":{"line":1,"column":209}},"3":{"start":{"line":1,"column":230},"end":{"line":1,"column":274}},"4":{"start":{"line":1,"column":295},"end":{"line":1,"column":332}},"5":{"start":{"line":1,"column":353},"end":{"line":1,"column":377}},"6":{"start":{"line":1,"column":416},"end":{"line":1,"column":470}},"7":{"start":{"line":3,"column":11},"end":{"line":3,"column":72}},"8":{"start":{"line":5,"column":11},"end":{"line":12,"column":29}},"9":{"start":{"line":5,"column":45},"end":{"line":5,"column":91}},"10":{"start":{"line":5,"column":92},"end":{"line":12,"column":10}},"11":{"start":{"line":7,"column":6},"end":{"line":7,"column":77}},"12":{"start":{"line":11,"column":6},"end":{"line":11,"column":18}},"13":{"start":{"line":12,"column":10},"end":{"line":12,"column":26}},"14":{"start":{"line":12,"column":30},"end":{"line":15,"column":9}}},"fnMap":{"0":{"name":"_interopRequireDefault","decl":{"start":{"line":1,"column":387},"end":{"line":1,"column":409}},"loc":{"start":{"line":1,"column":415},"end":{"line":1,"column":471}},"line":1},"1":{"name":"(anonymous_1)","decl":{"start":{"line":5,"column":11},"end":{"line":5,"column":12}},"loc":{"start":{"line":5,"column":23},"end":{"line":12,"column":27}},"line":5},"2":{"name":"Taxonomy","decl":{"start":{"line":5,"column":33},"end":{"line":5,"column":41}},"loc":{"start":{"line":5,"column":44},"end":{"line":5,"column":92}},"line":5},"3":{"name":"getID","decl":{"start":{"line":5,"column":162},"end":{"line":5,"column":167}},"loc":{"start":{"line":6,"column":4},"end":{"line":8,"column":5}},"line":6},"4":{"name":"getEndpoint","decl":{"start":{"line":8,"column":49},"end":{"line":8,"column":60}},"loc":{"start":{"line":10,"column":4},"end":{"line":12,"column":5}},"line":10}},"branchMap":{"0":{"loc":{"start":{"line":1,"column":423},"end":{"line":1,"column":469}},"type":"cond-expr","locations":[{"start":{"line":1,"column":447},"end":{"line":1,"column":450}},{"start":{"line":1,"column":453},"end":{"line":1,"column":469}}],"line":1},"1":{"loc":{"start":{"line":1,"column":423},"end":{"line":1,"column":444}},"type":"binary-expr","locations":[{"start":{"line":1,"column":423},"end":{"line":1,"column":426}},{"start":{"line":1,"column":430},"end":{"line":1,"column":444}}],"line":1},"2":{"loc":{"start":{"line":3,"column":11},"end":{"line":3,"column":72}},"type":"binary-expr","locations":[{"start":{"line":3,"column":11},"end":{"line":3,"column":45}},{"start":{"line":3,"column":49},"end":{"line":3,"column":72}}],"line":3}},"s":{"0":0,"1":0,"2":0,"3":0,"4":0,"5":0,"6":0,"7":0,"8":0,"9":0,"10":0,"11":0,"12":0,"13":0,"14":0},"f":{"0":0,"1":0,"2":0,"3":0,"4":0},"b":{"0":[0,0],"1":[0,0],"2":[0,0]}}
,"/Users/scott/git/wp-graphql/src/data/User.js": {"path":"/Users/scott/git/wp-graphql/src/data/User.js","statementMap":{"0":{"start":{"line":1,"column":13},"end":{"line":1,"column":75}},"1":{"start":{"line":1,"column":98},"end":{"line":1,"column":145}},"2":{"start":{"line":1,"column":169},"end":{"line":1,"column":209}},"3":{"start":{"line":1,"column":230},"end":{"line":1,"column":274}},"4":{"start":{"line":1,"column":295},"end":{"line":1,"column":332}},"5":{"start":{"line":1,"column":353},"end":{"line":1,"column":377}},"6":{"start":{"line":1,"column":416},"end":{"line":1,"column":470}},"7":{"start":{"line":3,"column":11},"end":{"line":3,"column":57}},"8":{"start":{"line":5,"column":7},"end":{"line":12,"column":25}},"9":{"start":{"line":5,"column":37},"end":{"line":5,"column":79}},"10":{"start":{"line":5,"column":80},"end":{"line":12,"column":10}},"11":{"start":{"line":7,"column":6},"end":{"line":7,"column":75}},"12":{"start":{"line":11,"column":6},"end":{"line":11,"column":18}},"13":{"start":{"line":12,"column":10},"end":{"line":12,"column":22}},"14":{"start":{"line":12,"column":26},"end":{"line":15,"column":5}}},"fnMap":{"0":{"name":"_interopRequireDefault","decl":{"start":{"line":1,"column":387},"end":{"line":1,"column":409}},"loc":{"start":{"line":1,"column":415},"end":{"line":1,"column":471}},"line":1},"1":{"name":"(anonymous_1)","decl":{"start":{"line":5,"column":7},"end":{"line":5,"column":8}},"loc":{"start":{"line":5,"column":19},"end":{"line":12,"column":23}},"line":5},"2":{"name":"User","decl":{"start":{"line":5,"column":29},"end":{"line":5,"column":33}},"loc":{"start":{"line":5,"column":36},"end":{"line":5,"column":80}},"line":5},"3":{"name":"getID","decl":{"start":{"line":5,"column":146},"end":{"line":5,"column":151}},"loc":{"start":{"line":6,"column":4},"end":{"line":8,"column":5}},"line":6},"4":{"name":"getEndpoint","decl":{"start":{"line":8,"column":49},"end":{"line":8,"column":60}},"loc":{"start":{"line":10,"column":4},"end":{"line":12,"column":5}},"line":10}},"branchMap":{"0":{"loc":{"start":{"line":1,"column":423},"end":{"line":1,"column":469}},"type":"cond-expr","locations":[{"start":{"line":1,"column":447},"end":{"line":1,"column":450}},{"start":{"line":1,"column":453},"end":{"line":1,"column":469}}],"line":1},"1":{"loc":{"start":{"line":1,"column":423},"end":{"line":1,"column":444}},"type":"binary-expr","locations":[{"start":{"line":1,"column":423},"end":{"line":1,"column":426}},{"start":{"line":1,"column":430},"end":{"line":1,"column":444}}],"line":1},"2":{"loc":{"start":{"line":3,"column":11},"end":{"line":3,"column":57}},"type":"binary-expr","locations":[{"start":{"line":3,"column":11},"end":{"line":3,"column":40}},{"start":{"line":3,"column":44},"end":{"line":3,"column":57}}],"line":3}},"s":{"0":0,"1":0,"2":0,"3":0,"4":0,"5":0,"6":0,"7":0,"8":0,"9":0,"10":0,"11":0,"12":0,"13":0,"14":0},"f":{"0":0,"1":0,"2":0,"3":0,"4":0},"b":{"0":[0,0],"1":[0,0],"2":[0,0]}}
,"/Users/scott/git/wp-graphql/src/data/client.js": {"path":"/Users/scott/git/wp-graphql/src/data/client.js","statementMap":{"0":{"start":{"line":1,"column":13},"end":{"line":1,"column":75}},"1":{"start":{"line":1,"column":75},"end":{"line":1,"column":104}},"2":{"start":{"line":1,"column":104},"end":{"line":15,"column":10}},"3":{"start":{"line":15,"column":23},"end":{"line":15,"column":39}},"4":{"start":{"line":15,"column":54},"end":{"line":15,"column":84}},"5":{"start":{"line":15,"column":101},"end":{"line":15,"column":120}},"6":{"start":{"line":15,"column":138},"end":{"line":15,"column":171}},"7":{"start":{"line":15,"column":210},"end":{"line":15,"column":264}},"8":{"start":{"line":15,"column":297},"end":{"line":15,"column":368}},"9":{"start":{"line":15,"column":368},"end":{"line":15,"column":433}},"10":{"start":{"line":16,"column":19},"end":{"line":16,"column":27}},"11":{"start":{"line":16,"column":43},"end":{"line":16,"column":71}},"12":{"start":{"line":16,"column":85},"end":{"line":16,"column":91}},"13":{"start":{"line":16,"column":114},"end":{"line":18,"column":3}},"14":{"start":{"line":17,"column":4},"end":{"line":17,"column":18}},"15":{"start":{"line":20,"column":2},"end":{"line":20,"column":66}},"16":{"start":{"line":23,"column":2},"end":{"line":25,"column":5}},"17":{"start":{"line":24,"column":4},"end":{"line":24,"column":32}},"18":{"start":{"line":27,"column":2},"end":{"line":29,"column":5}},"19":{"start":{"line":28,"column":4},"end":{"line":28,"column":42}},"20":{"start":{"line":31,"column":2},"end":{"line":33,"column":5}},"21":{"start":{"line":32,"column":4},"end":{"line":32,"column":28}},"22":{"start":{"line":35,"column":2},"end":{"line":35,"column":16}}},"fnMap":{"0":{"name":"_interopRequireDefault","decl":{"start":{"line":15,"column":181},"end":{"line":15,"column":203}},"loc":{"start":{"line":15,"column":209},"end":{"line":15,"column":265}},"line":15},"1":{"name":"getClient","decl":{"start":{"line":16,"column":101},"end":{"line":16,"column":110}},"loc":{"start":{"line":16,"column":113},"end":{"line":36,"column":1}},"line":16},"2":{"name":"(anonymous_2)","decl":{"start":{"line":23,"column":21},"end":{"line":23,"column":22}},"loc":{"start":{"line":23,"column":36},"end":{"line":25,"column":3}},"line":23},"3":{"name":"(anonymous_3)","decl":{"start":{"line":27,"column":23},"end":{"line":27,"column":24}},"loc":{"start":{"line":27,"column":35},"end":{"line":29,"column":3}},"line":27},"4":{"name":"(anonymous_4)","decl":{"start":{"line":31,"column":23},"end":{"line":31,"column":24}},"loc":{"start":{"line":31,"column":45},"end":{"line":33,"column":3}},"line":31}},"branchMap":{"0":{"loc":{"start":{"line":15,"column":217},"end":{"line":15,"column":263}},"type":"cond-expr","locations":[{"start":{"line":15,"column":241},"end":{"line":15,"column":244}},{"start":{"line":15,"column":247},"end":{"line":15,"column":263}}],"line":15},"1":{"loc":{"start":{"line":15,"column":217},"end":{"line":15,"column":238}},"type":"binary-expr","locations":[{"start":{"line":15,"column":217},"end":{"line":15,"column":220}},{"start":{"line":15,"column":224},"end":{"line":15,"column":238}}],"line":15},"2":{"loc":{"start":{"line":16,"column":114},"end":{"line":18,"column":3}},"type":"if","locations":[{"start":{"line":16,"column":114},"end":{"line":18,"column":3}},{"start":{"line":16,"column":114},"end":{"line":18,"column":3}}],"line":16}},"s":{"0":0,"1":0,"2":0,"3":0,"4":0,"5":0,"6":0,"7":0,"8":0,"9":0,"10":0,"11":0,"12":0,"13":0,"14":0,"15":0,"16":0,"17":0,"18":0,"19":0,"20":0,"21":0,"22":0},"f":{"0":0,"1":0,"2":0,"3":0,"4":0},"b":{"0":[0,0],"1":[0,0],"2":[0,0]}}
,"/Users/scott/git/wp-graphql/src/data/utils.js": {"path":"/Users/scott/git/wp-graphql/src/data/utils.js","statementMap":{"0":{"start":{"line":1,"column":13},"end":{"line":1,"column":75}},"1":{"start":{"line":1,"column":75},"end":{"line":1,"column":133}},"2":{"start":{"line":1,"column":149},"end":{"line":1,"column":189}},"3":{"start":{"line":1,"column":206},"end":{"line":1,"column":239}},"4":{"start":{"line":1,"column":257},"end":{"line":1,"column":304}},"5":{"start":{"line":1,"column":323},"end":{"line":1,"column":357}},"6":{"start":{"line":1,"column":373},"end":{"line":1,"column":413}},"7":{"start":{"line":1,"column":430},"end":{"line":1,"column":462}},"8":{"start":{"line":1,"column":477},"end":{"line":1,"column":523}},"9":{"start":{"line":1,"column":539},"end":{"line":1,"column":570}},"10":{"start":{"line":1,"column":582},"end":{"line":1,"column":596}},"11":{"start":{"line":1,"column":609},"end":{"line":1,"column":637}},"12":{"start":{"line":2,"column":22},"end":{"line":2,"column":48}},"13":{"start":{"line":2,"column":72},"end":{"line":2,"column":111}},"14":{"start":{"line":3,"column":14},"end":{"line":3,"column":33}},"15":{"start":{"line":3,"column":49},"end":{"line":3,"column":80}},"16":{"start":{"line":3,"column":119},"end":{"line":3,"column":173}},"17":{"start":{"line":5,"column":15},"end":{"line":5,"column":101}},"18":{"start":{"line":5,"column":58},"end":{"line":5,"column":100}},"19":{"start":{"line":7,"column":9},"end":{"line":26,"column":1}},"20":{"start":{"line":7,"column":39},"end":{"line":7,"column":109}},"21":{"start":{"line":8,"column":12},"end":{"line":8,"column":16}},"22":{"start":{"line":9,"column":15},"end":{"line":9,"column":40}},"23":{"start":{"line":10,"column":2},"end":{"line":12,"column":3}},"24":{"start":{"line":11,"column":4},"end":{"line":11,"column":46}},"25":{"start":{"line":14,"column":15},"end":{"line":22,"column":7}},"26":{"start":{"line":25,"column":2},"end":{"line":25,"column":47}},"27":{"start":{"line":28,"column":25},"end":{"line":40,"column":1}},"28":{"start":{"line":29,"column":15},"end":{"line":29,"column":38}},"29":{"start":{"line":31,"column":2},"end":{"line":31,"column":45}},"30":{"start":{"line":32,"column":2},"end":{"line":39,"column":5}},"31":{"start":{"line":33,"column":4},"end":{"line":38,"column":7}},"32":{"start":{"line":34,"column":6},"end":{"line":36,"column":7}},"33":{"start":{"line":35,"column":8},"end":{"line":35,"column":27}},"34":{"start":{"line":37,"column":6},"end":{"line":37,"column":93}},"35":{"start":{"line":37,"column":50},"end":{"line":37,"column":89}},"36":{"start":{"line":42,"column":16},"end":{"line":82,"column":1}},"37":{"start":{"line":42,"column":53},"end":{"line":42,"column":123}},"38":{"start":{"line":43,"column":12},"end":{"line":43,"column":57}},"39":{"start":{"line":44,"column":15},"end":{"line":44,"column":38}},"40":{"start":{"line":46,"column":15},"end":{"line":48,"column":36}},"41":{"start":{"line":51,"column":2},"end":{"line":81,"column":5}},"42":{"start":{"line":52,"column":22},"end":{"line":63,"column":13}},"43":{"start":{"line":52,"column":46},"end":{"line":63,"column":12}},"44":{"start":{"line":53,"column":49},"end":{"line":53,"column":70}},"45":{"start":{"line":54,"column":10},"end":{"line":62,"column":11}},"46":{"start":{"line":55,"column":12},"end":{"line":55,"column":71}},"47":{"start":{"line":56,"column":12},"end":{"line":58,"column":32}},"48":{"start":{"line":61,"column":12},"end":{"line":61,"column":21}},"49":{"start":{"line":65,"column":4},"end":{"line":80,"column":5}},"50":{"start":{"line":66,"column":6},"end":{"line":66,"column":20}},"51":{"start":{"line":68,"column":6},"end":{"line":79,"column":9}},"52":{"start":{"line":69,"column":8},"end":{"line":78,"column":9}},"53":{"start":{"line":70,"column":10},"end":{"line":70,"column":22}},"54":{"start":{"line":71,"column":15},"end":{"line":78,"column":9}},"55":{"start":{"line":72,"column":10},"end":{"line":74,"column":40}},"56":{"start":{"line":77,"column":10},"end":{"line":77,"column":24}},"57":{"start":{"line":82,"column":2},"end":{"line":84,"column":10}}},"fnMap":{"0":{"name":"_interopRequireDefault","decl":{"start":{"line":3,"column":90},"end":{"line":3,"column":112}},"loc":{"start":{"line":3,"column":118},"end":{"line":3,"column":174}},"line":3},"1":{"name":"toBase64","decl":{"start":{"line":5,"column":43},"end":{"line":5,"column":51}},"loc":{"start":{"line":5,"column":57},"end":{"line":5,"column":101}},"line":5},"2":{"name":"rp","decl":{"start":{"line":7,"column":18},"end":{"line":7,"column":20}},"loc":{"start":{"line":7,"column":27},"end":{"line":26,"column":1}},"line":7},"3":{"name":"clearEndpointCache","decl":{"start":{"line":28,"column":63},"end":{"line":28,"column":81}},"loc":{"start":{"line":28,"column":88},"end":{"line":40,"column":1}},"line":28},"4":{"name":"(anonymous_4)","decl":{"start":{"line":32,"column":31},"end":{"line":32,"column":32}},"loc":{"start":{"line":32,"column":58},"end":{"line":39,"column":3}},"line":32},"5":{"name":"(anonymous_5)","decl":{"start":{"line":33,"column":23},"end":{"line":33,"column":24}},"loc":{"start":{"line":33,"column":44},"end":{"line":38,"column":5}},"line":33},"6":{"name":"(anonymous_6)","decl":{"start":{"line":37,"column":30},"end":{"line":37,"column":31}},"loc":{"start":{"line":37,"column":49},"end":{"line":37,"column":90}},"line":37},"7":{"name":"fetchData","decl":{"start":{"line":42,"column":25},"end":{"line":42,"column":34}},"loc":{"start":{"line":42,"column":41},"end":{"line":82,"column":1}},"line":42},"8":{"name":"(anonymous_8)","decl":{"start":{"line":51,"column":31},"end":{"line":51,"column":32}},"loc":{"start":{"line":51,"column":58},"end":{"line":81,"column":3}},"line":51},"9":{"name":"makeRequest","decl":{"start":{"line":52,"column":31},"end":{"line":52,"column":42}},"loc":{"start":{"line":52,"column":45},"end":{"line":63,"column":13}},"line":52},"10":{"name":"(anonymous_10)","decl":{"start":{"line":53,"column":31},"end":{"line":53,"column":32}},"loc":{"start":{"line":53,"column":48},"end":{"line":53,"column":71}},"line":53},"11":{"name":"(anonymous_11)","decl":{"start":{"line":53,"column":78},"end":{"line":53,"column":79}},"loc":{"start":{"line":53,"column":98},"end":{"line":63,"column":9}},"line":53},"12":{"name":"(anonymous_12)","decl":{"start":{"line":68,"column":29},"end":{"line":68,"column":30}},"loc":{"start":{"line":68,"column":52},"end":{"line":79,"column":7}},"line":68}},"branchMap":{"0":{"loc":{"start":{"line":3,"column":126},"end":{"line":3,"column":172}},"type":"cond-expr","locations":[{"start":{"line":3,"column":150},"end":{"line":3,"column":153}},{"start":{"line":3,"column":156},"end":{"line":3,"column":172}}],"line":3},"1":{"loc":{"start":{"line":3,"column":126},"end":{"line":3,"column":147}},"type":"binary-expr","locations":[{"start":{"line":3,"column":126},"end":{"line":3,"column":129}},{"start":{"line":3,"column":133},"end":{"line":3,"column":147}}],"line":3},"2":{"loc":{"start":{"line":7,"column":39},"end":{"line":7,"column":109}},"type":"cond-expr","locations":[{"start":{"line":7,"column":92},"end":{"line":7,"column":104}},{"start":{"line":7,"column":107},"end":{"line":7,"column":109}}],"line":7},"3":{"loc":{"start":{"line":7,"column":39},"end":{"line":7,"column":89}},"type":"binary-expr","locations":[{"start":{"line":7,"column":39},"end":{"line":7,"column":59}},{"start":{"line":7,"column":63},"end":{"line":7,"column":89}}],"line":7},"4":{"loc":{"start":{"line":10,"column":2},"end":{"line":12,"column":3}},"type":"if","locations":[{"start":{"line":10,"column":2},"end":{"line":12,"column":3}},{"start":{"line":10,"column":2},"end":{"line":12,"column":3}}],"line":10},"5":{"loc":{"start":{"line":34,"column":6},"end":{"line":36,"column":7}},"type":"if","locations":[{"start":{"line":34,"column":6},"end":{"line":36,"column":7}},{"start":{"line":34,"column":6},"end":{"line":36,"column":7}}],"line":34},"6":{"loc":{"start":{"line":42,"column":53},"end":{"line":42,"column":123}},"type":"cond-expr","locations":[{"start":{"line":42,"column":106},"end":{"line":42,"column":118}},{"start":{"line":42,"column":121},"end":{"line":42,"column":123}}],"line":42},"7":{"loc":{"start":{"line":42,"column":53},"end":{"line":42,"column":103}},"type":"binary-expr","locations":[{"start":{"line":42,"column":53},"end":{"line":42,"column":73}},{"start":{"line":42,"column":77},"end":{"line":42,"column":103}}],"line":42},"8":{"loc":{"start":{"line":54,"column":10},"end":{"line":62,"column":11}},"type":"if","locations":[{"start":{"line":54,"column":10},"end":{"line":62,"column":11}},{"start":{"line":54,"column":10},"end":{"line":62,"column":11}}],"line":54},"9":{"loc":{"start":{"line":65,"column":4},"end":{"line":80,"column":5}},"type":"if","locations":[{"start":{"line":65,"column":4},"end":{"line":80,"column":5}},{"start":{"line":65,"column":4},"end":{"line":80,"column":5}}],"line":65},"10":{"loc":{"start":{"line":65,"column":8},"end":{"line":65,"column":48}},"type":"binary-expr","locations":[{"start":{"line":65,"column":8},"end":{"line":65,"column":21}},{"start":{"line":65,"column":25},"end":{"line":65,"column":48}}],"line":65},"11":{"loc":{"start":{"line":69,"column":8},"end":{"line":78,"column":9}},"type":"if","locations":[{"start":{"line":69,"column":8},"end":{"line":78,"column":9}},{"start":{"line":69,"column":8},"end":{"line":78,"column":9}}],"line":69},"12":{"loc":{"start":{"line":71,"column":15},"end":{"line":78,"column":9}},"type":"if","locations":[{"start":{"line":71,"column":15},"end":{"line":78,"column":9}},{"start":{"line":71,"column":15},"end":{"line":78,"column":9}}],"line":71}},"s":{"0":0,"1":0,"2":0,"3":0,"4":0,"5":0,"6":0,"7":0,"8":0,"9":0,"10":0,"11":0,"12":0,"13":0,"14":0,"15":0,"16":0,"17":0,"18":0,"19":0,"20":0,"21":0,"22":0,"23":0,"24":0,"25":0,"26":0,"27":0,"28":0,"29":0,"30":0,"31":0,"32":0,"33":0,"34":0,"35":0,"36":0,"37":0,"38":0,"39":0,"40":0,"41":0,"42":0,"43":0,"44":0,"45":0,"46":0,"47":0,"48":0,"49":0,"50":0,"51":0,"52":0,"53":0,"54":0,"55":0,"56":0,"57":0},"f":{"0":0,"1":0,"2":0,"3":0,"4":0,"5":0,"6":0,"7":0,"8":0,"9":0,"10":0,"11":0,"12":0},"b":{"0":[0,0],"1":[0,0],"2":[0,0],"3":[0,0],"4":[0,0],"5":[0,0],"6":[0,0],"7":[0,0],"8":[0,0],"9":[0,0],"10":[0,0],"11":[0,0],"12":[0,0]}}
,"/Users/scott/git/wp-graphql/src/data/loaders/Category.js": {"path":"/Users/scott/git/wp-graphql/src/data/loaders/Category.js","statementMap":{"0":{"start":{"line":1,"column":13},"end":{"line":1,"column":75}},"1":{"start":{"line":1,"column":94},"end":{"line":1,"column":130}},"2":{"start":{"line":1,"column":151},"end":{"line":1,"column":187}},"3":{"start":{"line":1,"column":202},"end":{"line":1,"column":248}},"4":{"start":{"line":1,"column":264},"end":{"line":1,"column":295}},"5":{"start":{"line":1,"column":321},"end":{"line":1,"column":370}},"6":{"start":{"line":1,"column":396},"end":{"line":1,"column":438}},"7":{"start":{"line":1,"column":439},"end":{"line":9,"column":19}},"8":{"start":{"line":9,"column":37},"end":{"line":9,"column":58}},"9":{"start":{"line":9,"column":78},"end":{"line":9,"column":113}},"10":{"start":{"line":9,"column":127},"end":{"line":9,"column":146}},"11":{"start":{"line":9,"column":161},"end":{"line":9,"column":191}},"12":{"start":{"line":9,"column":208},"end":{"line":9,"column":230}},"13":{"start":{"line":9,"column":248},"end":{"line":9,"column":281}},"14":{"start":{"line":9,"column":320},"end":{"line":9,"column":374}},"15":{"start":{"line":9,"column":390},"end":{"line":9,"column":422}},"16":{"start":{"line":10,"column":43},"end":{"line":10,"column":47}},"17":{"start":{"line":10,"column":65},"end":{"line":10,"column":71}},"18":{"start":{"line":11,"column":23},"end":{"line":19,"column":12}},"19":{"start":{"line":11,"column":64},"end":{"line":19,"column":10}},"20":{"start":{"line":14,"column":45},"end":{"line":14,"column":59}},"21":{"start":{"line":15,"column":8},"end":{"line":17,"column":11}},"22":{"start":{"line":16,"column":10},"end":{"line":16,"column":52}},"23":{"start":{"line":18,"column":8},"end":{"line":18,"column":26}},"24":{"start":{"line":21,"column":2},"end":{"line":31,"column":13}},"25":{"start":{"line":21,"column":58},"end":{"line":31,"column":10}},"26":{"start":{"line":23,"column":40},"end":{"line":23,"column":55}},"27":{"start":{"line":23,"column":56},"end":{"line":23,"column":68}},"28":{"start":{"line":25,"column":36},"end":{"line":25,"column":140}},"29":{"start":{"line":25,"column":70},"end":{"line":25,"column":137}},"30":{"start":{"line":25,"column":109},"end":{"line":25,"column":134}},"31":{"start":{"line":27,"column":8},"end":{"line":29,"column":11}},"32":{"start":{"line":28,"column":10},"end":{"line":28,"column":54}},"33":{"start":{"line":30,"column":8},"end":{"line":30,"column":26}},"34":{"start":{"line":34,"column":2},"end":{"line":45,"column":230}},"35":{"start":{"line":35,"column":35},"end":{"line":37,"column":150}},"36":{"start":{"line":35,"column":125},"end":{"line":37,"column":147}},"37":{"start":{"line":35,"column":188},"end":{"line":37,"column":128}},"38":{"start":{"line":35,"column":199},"end":{"line":37,"column":127}},"39":{"start":{"line":35,"column":246},"end":{"line":35,"column":264}},"40":{"start":{"line":35,"column":264},"end":{"line":36,"column":43}},"41":{"start":{"line":36,"column":50},"end":{"line":36,"column":71}},"42":{"start":{"line":36,"column":71},"end":{"line":37,"column":85}},"43":{"start":{"line":37,"column":103},"end":{"line":37,"column":126}},"44":{"start":{"line":37,"column":151},"end":{"line":37,"column":215}},"45":{"start":{"line":37,"column":177},"end":{"line":37,"column":213}},"46":{"start":{"line":39,"column":39},"end":{"line":41,"column":190}},"47":{"start":{"line":39,"column":131},"end":{"line":41,"column":187}},"48":{"start":{"line":39,"column":196},"end":{"line":41,"column":167}},"49":{"start":{"line":39,"column":207},"end":{"line":41,"column":166}},"50":{"start":{"line":39,"column":256},"end":{"line":39,"column":275}},"51":{"start":{"line":39,"column":275},"end":{"line":40,"column":48}},"52":{"start":{"line":40,"column":55},"end":{"line":40,"column":77}},"53":{"start":{"line":40,"column":77},"end":{"line":41,"column":123}},"54":{"start":{"line":41,"column":50},"end":{"line":41,"column":112}},"55":{"start":{"line":41,"column":141},"end":{"line":41,"column":165}},"56":{"start":{"line":41,"column":191},"end":{"line":41,"column":260}},"57":{"start":{"line":41,"column":222},"end":{"line":41,"column":258}},"58":{"start":{"line":43,"column":41},"end":{"line":45,"column":152}},"59":{"start":{"line":43,"column":134},"end":{"line":45,"column":149}},"60":{"start":{"line":43,"column":199},"end":{"line":45,"column":129}},"61":{"start":{"line":43,"column":210},"end":{"line":45,"column":128}},"62":{"start":{"line":43,"column":259},"end":{"line":43,"column":278}},"63":{"start":{"line":43,"column":278},"end":{"line":44,"column":41}},"64":{"start":{"line":44,"column":48},"end":{"line":44,"column":70}},"65":{"start":{"line":44,"column":70},"end":{"line":45,"column":85}},"66":{"start":{"line":45,"column":103},"end":{"line":45,"column":127}},"67":{"start":{"line":45,"column":153},"end":{"line":45,"column":224}},"68":{"start":{"line":45,"column":186},"end":{"line":45,"column":222}}},"fnMap":{"0":{"name":"_interopRequireDefault","decl":{"start":{"line":9,"column":291},"end":{"line":9,"column":313}},"loc":{"start":{"line":9,"column":319},"end":{"line":9,"column":375}},"line":9},"1":{"name":"getCategoryLoaders","decl":{"start":{"line":10,"column":9},"end":{"line":10,"column":27}},"loc":{"start":{"line":10,"column":30},"end":{"line":48,"column":1}},"line":10},"2":{"name":"(anonymous_2)","decl":{"start":{"line":11,"column":48},"end":{"line":11,"column":49}},"loc":{"start":{"line":11,"column":63},"end":{"line":19,"column":11}},"line":11},"3":{"name":"(anonymous_3)","decl":{"start":{"line":14,"column":11},"end":{"line":14,"column":12}},"loc":{"start":{"line":14,"column":27},"end":{"line":19,"column":7}},"line":14},"4":{"name":"(anonymous_4)","decl":{"start":{"line":15,"column":27},"end":{"line":15,"column":28}},"loc":{"start":{"line":15,"column":47},"end":{"line":17,"column":9}},"line":15},"5":{"name":"(anonymous_5)","decl":{"start":{"line":21,"column":40},"end":{"line":21,"column":41}},"loc":{"start":{"line":21,"column":57},"end":{"line":31,"column":11}},"line":21},"6":{"name":"(anonymous_6)","decl":{"start":{"line":23,"column":11},"end":{"line":23,"column":12}},"loc":{"start":{"line":23,"column":28},"end":{"line":23,"column":69}},"line":23},"7":{"name":"(anonymous_7)","decl":{"start":{"line":25,"column":13},"end":{"line":25,"column":14}},"loc":{"start":{"line":25,"column":35},"end":{"line":25,"column":141}},"line":25},"8":{"name":"(anonymous_8)","decl":{"start":{"line":25,"column":53},"end":{"line":25,"column":54}},"loc":{"start":{"line":25,"column":69},"end":{"line":25,"column":138}},"line":25},"9":{"name":"(anonymous_9)","decl":{"start":{"line":25,"column":93},"end":{"line":25,"column":94}},"loc":{"start":{"line":25,"column":108},"end":{"line":25,"column":135}},"line":25},"10":{"name":"(anonymous_10)","decl":{"start":{"line":26,"column":11},"end":{"line":26,"column":12}},"loc":{"start":{"line":26,"column":33},"end":{"line":31,"column":7}},"line":26},"11":{"name":"(anonymous_11)","decl":{"start":{"line":27,"column":27},"end":{"line":27,"column":28}},"loc":{"start":{"line":27,"column":47},"end":{"line":29,"column":9}},"line":27},"12":{"name":"(anonymous_12)","decl":{"start":{"line":35,"column":10},"end":{"line":35,"column":11}},"loc":{"start":{"line":35,"column":22},"end":{"line":37,"column":216}},"line":35},"13":{"name":"_callee","decl":{"start":{"line":35,"column":103},"end":{"line":35,"column":110}},"loc":{"start":{"line":35,"column":115},"end":{"line":37,"column":148}},"line":35},"14":{"name":"_callee$","decl":{"start":{"line":35,"column":168},"end":{"line":35,"column":176}},"loc":{"start":{"line":35,"column":187},"end":{"line":37,"column":129}},"line":35},"15":{"name":"load","decl":{"start":{"line":37,"column":167},"end":{"line":37,"column":171}},"loc":{"start":{"line":37,"column":176},"end":{"line":37,"column":214}},"line":37},"16":{"name":"(anonymous_16)","decl":{"start":{"line":39,"column":14},"end":{"line":39,"column":15}},"loc":{"start":{"line":39,"column":26},"end":{"line":41,"column":261}},"line":39},"17":{"name":"_callee2","decl":{"start":{"line":39,"column":107},"end":{"line":39,"column":115}},"loc":{"start":{"line":39,"column":121},"end":{"line":41,"column":188}},"line":39},"18":{"name":"_callee2$","decl":{"start":{"line":39,"column":174},"end":{"line":39,"column":183}},"loc":{"start":{"line":39,"column":195},"end":{"line":41,"column":168}},"line":39},"19":{"name":"(anonymous_19)","decl":{"start":{"line":41,"column":32},"end":{"line":41,"column":33}},"loc":{"start":{"line":41,"column":49},"end":{"line":41,"column":113}},"line":41},"20":{"name":"loadMany","decl":{"start":{"line":41,"column":207},"end":{"line":41,"column":215}},"loc":{"start":{"line":41,"column":221},"end":{"line":41,"column":259}},"line":41},"21":{"name":"(anonymous_21)","decl":{"start":{"line":43,"column":16},"end":{"line":43,"column":17}},"loc":{"start":{"line":43,"column":28},"end":{"line":45,"column":225}},"line":43},"22":{"name":"_callee3","decl":{"start":{"line":43,"column":109},"end":{"line":43,"column":117}},"loc":{"start":{"line":43,"column":124},"end":{"line":45,"column":150}},"line":43},"23":{"name":"_callee3$","decl":{"start":{"line":43,"column":177},"end":{"line":43,"column":186}},"loc":{"start":{"line":43,"column":198},"end":{"line":45,"column":130}},"line":43},"24":{"name":"loadBySlug","decl":{"start":{"line":45,"column":169},"end":{"line":45,"column":179}},"loc":{"start":{"line":45,"column":185},"end":{"line":45,"column":223}},"line":45}},"branchMap":{"0":{"loc":{"start":{"line":9,"column":327},"end":{"line":9,"column":373}},"type":"cond-expr","locations":[{"start":{"line":9,"column":351},"end":{"line":9,"column":354}},{"start":{"line":9,"column":357},"end":{"line":9,"column":373}}],"line":9},"1":{"loc":{"start":{"line":9,"column":327},"end":{"line":9,"column":348}},"type":"binary-expr","locations":[{"start":{"line":9,"column":327},"end":{"line":9,"column":330}},{"start":{"line":9,"column":334},"end":{"line":9,"column":348}}],"line":9},"2":{"loc":{"start":{"line":35,"column":199},"end":{"line":37,"column":127}},"type":"switch","locations":[{"start":{"line":35,"column":239},"end":{"line":36,"column":43}},{"start":{"line":36,"column":43},"end":{"line":37,"column":85}},{"start":{"line":37,"column":85},"end":{"line":37,"column":92}},{"start":{"line":37,"column":92},"end":{"line":37,"column":126}}],"line":35},"3":{"loc":{"start":{"line":37,"column":16},"end":{"line":37,"column":83}},"type":"cond-expr","locations":[{"start":{"line":37,"column":23},"end":{"line":37,"column":76}},{"start":{"line":37,"column":79},"end":{"line":37,"column":83}}],"line":37},"4":{"loc":{"start":{"line":39,"column":207},"end":{"line":41,"column":166}},"type":"switch","locations":[{"start":{"line":39,"column":249},"end":{"line":40,"column":48}},{"start":{"line":40,"column":48},"end":{"line":41,"column":123}},{"start":{"line":41,"column":123},"end":{"line":41,"column":130}},{"start":{"line":41,"column":130},"end":{"line":41,"column":165}}],"line":39},"5":{"loc":{"start":{"line":41,"column":16},"end":{"line":41,"column":121}},"type":"cond-expr","locations":[{"start":{"line":41,"column":23},"end":{"line":41,"column":114}},{"start":{"line":41,"column":117},"end":{"line":41,"column":121}}],"line":41},"6":{"loc":{"start":{"line":43,"column":210},"end":{"line":45,"column":128}},"type":"switch","locations":[{"start":{"line":43,"column":252},"end":{"line":44,"column":41}},{"start":{"line":44,"column":41},"end":{"line":45,"column":85}},{"start":{"line":45,"column":85},"end":{"line":45,"column":92}},{"start":{"line":45,"column":92},"end":{"line":45,"column":127}}],"line":43},"7":{"loc":{"start":{"line":45,"column":16},"end":{"line":45,"column":83}},"type":"cond-expr","locations":[{"start":{"line":45,"column":23},"end":{"line":45,"column":76}},{"start":{"line":45,"column":79},"end":{"line":45,"column":83}}],"line":45}},"s":{"0":0,"1":0,"2":0,"3":0,"4":0,"5":0,"6":0,"7":0,"8":0,"9":0,"10":0,"11":0,"12":0,"13":0,"14":0,"15":0,"16":0,"17":0,"18":0,"19":0,"20":0,"21":0,"22":0,"23":0,"24":0,"25":0,"26":0,"27":0,"28":0,"29":0,"30":0,"31":0,"32":0,"33":0,"34":0,"35":0,"36":0,"37":0,"38":0,"39":0,"40":0,"41":0,"42":0,"43":0,"44":0,"45":0,"46":0,"47":0,"48":0,"49":0,"50":0,"51":0,"52":0,"53":0,"54":0,"55":0,"56":0,"57":0,"58":0,"59":0,"60":0,"61":0,"62":0,"63":0,"64":0,"65":0,"66":0,"67":0,"68":0},"f":{"0":0,"1":0,"2":0,"3":0,"4":0,"5":0,"6":0,"7":0,"8":0,"9":0,"10":0,"11":0,"12":0,"13":0,"14":0,"15":0,"16":0,"17":0,"18":0,"19":0,"20":0,"21":0,"22":0,"23":0,"24":0},"b":{"0":[0,0],"1":[0,0],"2":[0,0,0,0],"3":[0,0],"4":[0,0,0,0],"5":[0,0],"6":[0,0,0,0],"7":[0,0]}}
,"/Users/scott/git/wp-graphql/src/data/loaders/Chart.js": {"path":"/Users/scott/git/wp-graphql/src/data/loaders/Chart.js","statementMap":{"0":{"start":{"line":1,"column":13},"end":{"line":1,"column":75}},"1":{"start":{"line":1,"column":94},"end":{"line":1,"column":130}},"2":{"start":{"line":1,"column":151},"end":{"line":1,"column":187}},"3":{"start":{"line":1,"column":202},"end":{"line":1,"column":248}},"4":{"start":{"line":1,"column":264},"end":{"line":1,"column":295}},"5":{"start":{"line":1,"column":321},"end":{"line":1,"column":370}},"6":{"start":{"line":1,"column":396},"end":{"line":1,"column":438}},"7":{"start":{"line":1,"column":454},"end":{"line":1,"column":494}},"8":{"start":{"line":1,"column":511},"end":{"line":1,"column":543}},"9":{"start":{"line":1,"column":544},"end":{"line":8,"column":16}},"10":{"start":{"line":8,"column":34},"end":{"line":8,"column":55}},"11":{"start":{"line":8,"column":75},"end":{"line":8,"column":110}},"12":{"start":{"line":8,"column":124},"end":{"line":8,"column":143}},"13":{"start":{"line":8,"column":158},"end":{"line":8,"column":188}},"14":{"start":{"line":8,"column":202},"end":{"line":8,"column":221}},"15":{"start":{"line":8,"column":236},"end":{"line":8,"column":266}},"16":{"start":{"line":8,"column":305},"end":{"line":8,"column":359}},"17":{"start":{"line":9,"column":15},"end":{"line":9,"column":44}},"18":{"start":{"line":9,"column":85},"end":{"line":9,"column":89}},"19":{"start":{"line":9,"column":108},"end":{"line":12,"column":118}},"20":{"start":{"line":9,"column":156},"end":{"line":12,"column":116}},"21":{"start":{"line":11,"column":43},"end":{"line":12,"column":111}},"22":{"start":{"line":12,"column":75},"end":{"line":12,"column":89}},"23":{"start":{"line":12,"column":90},"end":{"line":12,"column":107}},"24":{"start":{"line":17,"column":2},"end":{"line":20,"column":218}},"25":{"start":{"line":18,"column":35},"end":{"line":20,"column":149}},"26":{"start":{"line":18,"column":124},"end":{"line":20,"column":146}},"27":{"start":{"line":18,"column":187},"end":{"line":20,"column":127}},"28":{"start":{"line":18,"column":198},"end":{"line":20,"column":126}},"29":{"start":{"line":18,"column":245},"end":{"line":18,"column":263}},"30":{"start":{"line":18,"column":263},"end":{"line":19,"column":46}},"31":{"start":{"line":19,"column":53},"end":{"line":19,"column":75}},"32":{"start":{"line":19,"column":75},"end":{"line":20,"column":84}},"33":{"start":{"line":20,"column":102},"end":{"line":20,"column":125}},"34":{"start":{"line":20,"column":150},"end":{"line":20,"column":212}},"35":{"start":{"line":20,"column":174},"end":{"line":20,"column":210}}},"fnMap":{"0":{"name":"_interopRequireDefault","decl":{"start":{"line":8,"column":276},"end":{"line":8,"column":298}},"loc":{"start":{"line":8,"column":304},"end":{"line":8,"column":360}},"line":8},"1":{"name":"getChartLoaders","decl":{"start":{"line":9,"column":54},"end":{"line":9,"column":69}},"loc":{"start":{"line":9,"column":72},"end":{"line":23,"column":1}},"line":9},"2":{"name":"(anonymous_2)","decl":{"start":{"line":9,"column":133},"end":{"line":9,"column":134}},"loc":{"start":{"line":9,"column":155},"end":{"line":12,"column":117}},"line":9},"3":{"name":"(anonymous_3)","decl":{"start":{"line":11,"column":21},"end":{"line":11,"column":22}},"loc":{"start":{"line":11,"column":42},"end":{"line":12,"column":112}},"line":11},"4":{"name":"(anonymous_4)","decl":{"start":{"line":12,"column":47},"end":{"line":12,"column":48}},"loc":{"start":{"line":12,"column":63},"end":{"line":12,"column":108}},"line":12},"5":{"name":"(anonymous_5)","decl":{"start":{"line":18,"column":10},"end":{"line":18,"column":11}},"loc":{"start":{"line":18,"column":22},"end":{"line":20,"column":213}},"line":18},"6":{"name":"_callee","decl":{"start":{"line":18,"column":103},"end":{"line":18,"column":110}},"loc":{"start":{"line":18,"column":113},"end":{"line":20,"column":147}},"line":18},"7":{"name":"_callee$","decl":{"start":{"line":18,"column":167},"end":{"line":18,"column":175}},"loc":{"start":{"line":18,"column":186},"end":{"line":20,"column":128}},"line":18},"8":{"name":"load","decl":{"start":{"line":20,"column":166},"end":{"line":20,"column":170}},"loc":{"start":{"line":20,"column":173},"end":{"line":20,"column":211}},"line":20}},"branchMap":{"0":{"loc":{"start":{"line":8,"column":312},"end":{"line":8,"column":358}},"type":"cond-expr","locations":[{"start":{"line":8,"column":336},"end":{"line":8,"column":339}},{"start":{"line":8,"column":342},"end":{"line":8,"column":358}}],"line":8},"1":{"loc":{"start":{"line":8,"column":312},"end":{"line":8,"column":333}},"type":"binary-expr","locations":[{"start":{"line":8,"column":312},"end":{"line":8,"column":315}},{"start":{"line":8,"column":319},"end":{"line":8,"column":333}}],"line":8},"2":{"loc":{"start":{"line":18,"column":198},"end":{"line":20,"column":126}},"type":"switch","locations":[{"start":{"line":18,"column":238},"end":{"line":19,"column":46}},{"start":{"line":19,"column":46},"end":{"line":20,"column":84}},{"start":{"line":20,"column":84},"end":{"line":20,"column":91}},{"start":{"line":20,"column":91},"end":{"line":20,"column":125}}],"line":18},"3":{"loc":{"start":{"line":20,"column":16},"end":{"line":20,"column":82}},"type":"cond-expr","locations":[{"start":{"line":20,"column":24},"end":{"line":20,"column":75}},{"start":{"line":20,"column":78},"end":{"line":20,"column":82}}],"line":20}},"s":{"0":0,"1":0,"2":0,"3":0,"4":0,"5":0,"6":0,"7":0,"8":0,"9":0,"10":0,"11":0,"12":0,"13":0,"14":0,"15":0,"16":0,"17":0,"18":0,"19":0,"20":0,"21":0,"22":0,"23":0,"24":0,"25":0,"26":0,"27":0,"28":0,"29":0,"30":0,"31":0,"32":0,"33":0,"34":0,"35":0},"f":{"0":0,"1":0,"2":0,"3":0,"4":0,"5":0,"6":0,"7":0,"8":0},"b":{"0":[0,0],"1":[0,0],"2":[0,0,0,0],"3":[0,0]}}
,"/Users/scott/git/wp-graphql/src/data/loaders/Comment.js": {"path":"/Users/scott/git/wp-graphql/src/data/loaders/Comment.js","statementMap":{"0":{"start":{"line":1,"column":13},"end":{"line":1,"column":75}},"1":{"start":{"line":1,"column":94},"end":{"line":1,"column":130}},"2":{"start":{"line":1,"column":151},"end":{"line":1,"column":187}},"3":{"start":{"line":1,"column":202},"end":{"line":1,"column":248}},"4":{"start":{"line":1,"column":264},"end":{"line":1,"column":295}},"5":{"start":{"line":1,"column":321},"end":{"line":1,"column":370}},"6":{"start":{"line":1,"column":396},"end":{"line":1,"column":438}},"7":{"start":{"line":1,"column":439},"end":{"line":9,"column":18}},"8":{"start":{"line":9,"column":36},"end":{"line":9,"column":57}},"9":{"start":{"line":9,"column":77},"end":{"line":9,"column":112}},"10":{"start":{"line":9,"column":126},"end":{"line":9,"column":145}},"11":{"start":{"line":9,"column":160},"end":{"line":9,"column":190}},"12":{"start":{"line":9,"column":206},"end":{"line":9,"column":227}},"13":{"start":{"line":9,"column":244},"end":{"line":9,"column":276}},"14":{"start":{"line":9,"column":315},"end":{"line":9,"column":369}},"15":{"start":{"line":9,"column":385},"end":{"line":9,"column":416}},"16":{"start":{"line":10,"column":42},"end":{"line":10,"column":46}},"17":{"start":{"line":10,"column":67},"end":{"line":13,"column":72}},"18":{"start":{"line":10,"column":108},"end":{"line":13,"column":70}},"19":{"start":{"line":13,"column":39},"end":{"line":13,"column":53}},"20":{"start":{"line":13,"column":54},"end":{"line":13,"column":66}},"21":{"start":{"line":16,"column":2},"end":{"line":19,"column":220}},"22":{"start":{"line":17,"column":35},"end":{"line":19,"column":149}},"23":{"start":{"line":17,"column":125},"end":{"line":19,"column":146}},"24":{"start":{"line":17,"column":188},"end":{"line":19,"column":127}},"25":{"start":{"line":17,"column":199},"end":{"line":19,"column":126}},"26":{"start":{"line":17,"column":246},"end":{"line":17,"column":264}},"27":{"start":{"line":17,"column":264},"end":{"line":18,"column":42}},"28":{"start":{"line":18,"column":49},"end":{"line":18,"column":70}},"29":{"start":{"line":18,"column":70},"end":{"line":19,"column":84}},"30":{"start":{"line":19,"column":102},"end":{"line":19,"column":125}},"31":{"start":{"line":19,"column":150},"end":{"line":19,"column":214}},"32":{"start":{"line":19,"column":176},"end":{"line":19,"column":212}}},"fnMap":{"0":{"name":"_interopRequireDefault","decl":{"start":{"line":9,"column":286},"end":{"line":9,"column":308}},"loc":{"start":{"line":9,"column":314},"end":{"line":9,"column":370}},"line":9},"1":{"name":"getCommentLoaders","decl":{"start":{"line":10,"column":9},"end":{"line":10,"column":26}},"loc":{"start":{"line":10,"column":29},"end":{"line":22,"column":1}},"line":10},"2":{"name":"(anonymous_2)","decl":{"start":{"line":10,"column":92},"end":{"line":10,"column":93}},"loc":{"start":{"line":10,"column":107},"end":{"line":13,"column":71}},"line":10},"3":{"name":"(anonymous_3)","decl":{"start":{"line":13,"column":11},"end":{"line":13,"column":12}},"loc":{"start":{"line":13,"column":27},"end":{"line":13,"column":67}},"line":13},"4":{"name":"(anonymous_4)","decl":{"start":{"line":17,"column":10},"end":{"line":17,"column":11}},"loc":{"start":{"line":17,"column":22},"end":{"line":19,"column":215}},"line":17},"5":{"name":"_callee","decl":{"start":{"line":17,"column":103},"end":{"line":17,"column":110}},"loc":{"start":{"line":17,"column":115},"end":{"line":19,"column":147}},"line":17},"6":{"name":"_callee$","decl":{"start":{"line":17,"column":168},"end":{"line":17,"column":176}},"loc":{"start":{"line":17,"column":187},"end":{"line":19,"column":128}},"line":17},"7":{"name":"load","decl":{"start":{"line":19,"column":166},"end":{"line":19,"column":170}},"loc":{"start":{"line":19,"column":175},"end":{"line":19,"column":213}},"line":19}},"branchMap":{"0":{"loc":{"start":{"line":9,"column":322},"end":{"line":9,"column":368}},"type":"cond-expr","locations":[{"start":{"line":9,"column":346},"end":{"line":9,"column":349}},{"start":{"line":9,"column":352},"end":{"line":9,"column":368}}],"line":9},"1":{"loc":{"start":{"line":9,"column":322},"end":{"line":9,"column":343}},"type":"binary-expr","locations":[{"start":{"line":9,"column":322},"end":{"line":9,"column":325}},{"start":{"line":9,"column":329},"end":{"line":9,"column":343}}],"line":9},"2":{"loc":{"start":{"line":17,"column":199},"end":{"line":19,"column":126}},"type":"switch","locations":[{"start":{"line":17,"column":239},"end":{"line":18,"column":42}},{"start":{"line":18,"column":42},"end":{"line":19,"column":84}},{"start":{"line":19,"column":84},"end":{"line":19,"column":91}},{"start":{"line":19,"column":91},"end":{"line":19,"column":125}}],"line":17},"3":{"loc":{"start":{"line":19,"column":16},"end":{"line":19,"column":82}},"type":"cond-expr","locations":[{"start":{"line":19,"column":23},"end":{"line":19,"column":75}},{"start":{"line":19,"column":78},"end":{"line":19,"column":82}}],"line":19}},"s":{"0":0,"1":0,"2":0,"3":0,"4":0,"5":0,"6":0,"7":0,"8":0,"9":0,"10":0,"11":0,"12":0,"13":0,"14":0,"15":0,"16":0,"17":0,"18":0,"19":0,"20":0,"21":0,"22":0,"23":0,"24":0,"25":0,"26":0,"27":0,"28":0,"29":0,"30":0,"31":0,"32":0},"f":{"0":0,"1":0,"2":0,"3":0,"4":0,"5":0,"6":0,"7":0},"b":{"0":[0,0],"1":[0,0],"2":[0,0,0,0],"3":[0,0]}}
,"/Users/scott/git/wp-graphql/src/data/loaders/Media.js": {"path":"/Users/scott/git/wp-graphql/src/data/loaders/Media.js","statementMap":{"0":{"start":{"line":1,"column":13},"end":{"line":1,"column":75}},"1":{"start":{"line":1,"column":94},"end":{"line":1,"column":130}},"2":{"start":{"line":1,"column":151},"end":{"line":1,"column":187}},"3":{"start":{"line":1,"column":202},"end":{"line":1,"column":248}},"4":{"start":{"line":1,"column":264},"end":{"line":1,"column":295}},"5":{"start":{"line":1,"column":321},"end":{"line":1,"column":370}},"6":{"start":{"line":1,"column":396},"end":{"line":1,"column":438}},"7":{"start":{"line":1,"column":439},"end":{"line":9,"column":16}},"8":{"start":{"line":9,"column":34},"end":{"line":9,"column":55}},"9":{"start":{"line":9,"column":75},"end":{"line":9,"column":110}},"10":{"start":{"line":9,"column":124},"end":{"line":9,"column":143}},"11":{"start":{"line":9,"column":158},"end":{"line":9,"column":188}},"12":{"start":{"line":9,"column":202},"end":{"line":9,"column":221}},"13":{"start":{"line":9,"column":236},"end":{"line":9,"column":266}},"14":{"start":{"line":9,"column":305},"end":{"line":9,"column":359}},"15":{"start":{"line":9,"column":375},"end":{"line":9,"column":404}},"16":{"start":{"line":10,"column":40},"end":{"line":10,"column":44}},"17":{"start":{"line":10,"column":63},"end":{"line":13,"column":72}},"18":{"start":{"line":10,"column":104},"end":{"line":13,"column":70}},"19":{"start":{"line":13,"column":39},"end":{"line":13,"column":53}},"20":{"start":{"line":13,"column":54},"end":{"line":13,"column":66}},"21":{"start":{"line":15,"column":19},"end":{"line":18,"column":74}},"22":{"start":{"line":15,"column":62},"end":{"line":18,"column":72}},"23":{"start":{"line":18,"column":40},"end":{"line":18,"column":55}},"24":{"start":{"line":18,"column":56},"end":{"line":18,"column":68}},"25":{"start":{"line":21,"column":2},"end":{"line":29,"column":227}},"26":{"start":{"line":22,"column":35},"end":{"line":24,"column":147}},"27":{"start":{"line":22,"column":125},"end":{"line":24,"column":144}},"28":{"start":{"line":22,"column":188},"end":{"line":24,"column":125}},"29":{"start":{"line":22,"column":199},"end":{"line":24,"column":124}},"30":{"start":{"line":22,"column":246},"end":{"line":22,"column":264}},"31":{"start":{"line":22,"column":264},"end":{"line":23,"column":40}},"32":{"start":{"line":23,"column":47},"end":{"line":23,"column":68}},"33":{"start":{"line":23,"column":68},"end":{"line":24,"column":82}},"34":{"start":{"line":24,"column":100},"end":{"line":24,"column":123}},"35":{"start":{"line":24,"column":148},"end":{"line":24,"column":
[...]
,"/Users/scott/git/wp-graphql/src/schema/type/Chart/ChartItem.js": {"path":"/Users/scott/git/wp-graphql/src/schema/type/Chart/ChartItem.js","statementMap":{"0":{"start":{"line":1,"column":13},"end":{"line":1,"column":75}},"1":{"start":{"line":1,"column":90},"end":{"line":1,"column":108}},"2":{"start":{"line":2,"column":22},"end":{"line":2,"column":49}},"3":{"start":{"line":2,"column":73},"end":{"line":2,"column":112}},"4":{"start":{"line":2,"column":151},"end":{"line":2,"column":205}},"5":{"start":{"line":4,"column":20},"end":{"line":41,"column":71}},"6":{"start":{"line":11,"column":39},"end":{"line":11,"column":68}},"7":{"start":{"line":16,"column":39},"end":{"line":16,"column":70}},"8":{"start":{"line":21,"column":39},"end":{"line":21,"column":75}},"9":{"start":{"line":26,"column":39},"end":{"line":26,"column":86}},"10":{"start":{"line":31,"column":39},"end":{"line":31,"column":72}},"11":{"start":{"line":36,"column":39},"end":{"line":36,"column":64}},"12":{"start":{"line":41,"column":39},"end":{"line":41,"column":63}},"13":{"start":{"line":41,"column":72},"end":{"line":46,"column":14}}},"fnMap":{"0":{"name":"_interopRequireDefault","decl":{"start":{"line":2,"column":122},"end":{"line":2,"column":144}},"loc":{"start":{"line":2,"column":150},"end":{"line":2,"column":206}},"line":2},"1":{"name":"resolve","decl":{"start":{"line":11,"column":24},"end":{"line":11,"column":31}},"loc":{"start":{"line":11,"column":38},"end":{"line":11,"column":69}},"line":11},"2":{"name":"resolve","decl":{"start":{"line":16,"column":24},"end":{"line":16,"column":31}},"loc":{"start":{"line":16,"column":38},"end":{"line":16,"column":71}},"line":16},"3":{"name":"resolve","decl":{"start":{"line":21,"column":24},"end":{"line":21,"column":31}},"loc":{"start":{"line":21,"column":38},"end":{"line":21,"column":76}},"line":21},"4":{"name":"resolve","decl":{"start":{"line":26,"column":24},"end":{"line":26,"column":31}},"loc":{"start":{"line":26,"column":38},"end":{"line":26,"column":87}},"line":26},"5":{"name":"resolve","decl":{"start":{"line":31,"column":24},"end":{"line":31,"column":31}},"loc":{"start":{"line":31,"column":38},"end":{"line":31,"column":73}},"line":31},"6":{"name":"resolve","decl":{"start":{"line":36,"column":24},"end":{"line":36,"column":31}},"loc":{"start":{"line":36,"column":38},"end":{"line":36,"column":65}},"line":36},"7":{"name":"resolve","decl":{"start":{"line":41,"column":24},"end":{"line":41,"column":31}},"loc":{"start":{"line":41,"column":38},"end":{"line":41,"column":64}},"line":41}},"branchMap":{"0":{"loc":{"start":{"line":2,"column":158},"end":{"line":2,"column":204}},"type":"cond-expr","locations":[{"start":{"line":2,"column":182},"end":{"line":2,"column":185}},{"start":{"line":2,"column":188},"end":{"line":2,"column":204}}],"line":2},"1":{"loc":{"start":{"line":2,"column":158},"end":{"line":2,"column":179}},"type":"binary-expr","locations":[{"start":{"line":2,"column":158},"end":{"line":2,"column":161}},{"start":{"line":2,"column":165},"end":{"line":2,"column":179}}],"line":2}},"s":{"0":0,"1":0,"2":0,"3":0,"4":0,"5":0,"6":0,"7":0,"8":0,"9":0,"10":0,"11":0,"12":0,"13":0},"f":{"0":0,"1":0,"2":0,"3":0,"4":0,"5":0,"6":0,"7":0},"b":{"0":[0,0],"1":[0,0]}}
,"/Users/scott/git/wp-graphql/src/schema/type/Chart/ChartItemImage.js": {"path":"/Users/scott/git/wp-graphql/src/schema/type/Chart/ChartItemImage.js","statementMap":{"0":{"start":{"line":1,"column":13},"end":{"line":1,"column":75}},"1":{"start":{"line":1,"column":90},"end":{"line":1,"column":108}},"2":{"start":{"line":3,"column":25},"end":{"line":15,"column":79}},"3":{"start":{"line":10,"column":40},"end":{"line":10,"column":59}},"4":{"start":{"line":15,"column":40},"end":{"line":15,"column":71}},"5":{"start":{"line":15,"column":80},"end":{"line":20,"column":19}}},"fnMap":{"0":{"name":"resolve","decl":{"start":{"line":10,"column":24},"end":{"line":10,"column":31}},"loc":{"start":{"line":10,"column":39},"end":{"line":10,"column":60}},"line":10},"1":{"name":"resolve","decl":{"start":{"line":15,"column":24},"end":{"line":15,"column":31}},"loc":{"start":{"line":15,"column":39},"end":{"line":15,"column":72}},"line":15}},"branchMap":{},"s":{"0":0,"1":0,"2":0,"3":0,"4":0,"5":0},"f":{"0":0,"1":0},"b":{}}
,"/Users/scott/git/wp-graphql/src/schema/type/Chart/index.js": {"path":"/Users/scott/git/wp-graphql/src/schema/type/Chart/index.js","statementMap":{"0":{"start":{"line":1,"column":13},"end":{"line":1,"column":75}},"1":{"start":{"line":1,"column":88},"end":{"line":1,"column":106}},"2":{"start":{"line":1,"column":121},"end":{"line":1,"column":151}},"3":{"start":{"line":1,"column":190},"end":{"line":1,"column":244}},"4":{"start":{"line":1,"column":245},"end":{"line":1,"column":279}}},"fnMap":{"0":{"name":"_interopRequireDefault","decl":{"start":{"line":1,"column":161},"end":{"line":1,"column":183}},"loc":{"start":{"line":1,"column":189},"end":{"line":1,"column":245}},"line":1}},"branchMap":{"0":{"loc":{"start":{"line":1,"column":197},"end":{"line":1,"column":243}},"type":"cond-expr","locations":[{"start":{"line":1,"column":221},"end":{"line":1,"column":224}},{"start":{"line":1,"column":227},"end":{"line":1,"column":243}}],"line":1},"1":{"loc":{"start":{"line":1,"column":197},"end":{"line":1,"column":218}},"type":"binary-expr","locations":[{"start":{"line":1,"column":197},"end":{"line":1,"column":200}},{"start":{"line":1,"column":204},"end":{"line":1,"column":218}}],"line":1}},"s":{"0":0,"1":0,"2":0,"3":0,"4":0},"f":{"0":0},"b":{"0":[0,0],"1":[0,0]}}
,"/Users/scott/git/wp-graphql/src/schema/type/Media/Size.js": {"path":"/Users/scott/git/wp-graphql/src/schema/type/Media/Size.js","statementMap":{"0":{"start":{"line":1,"column":13},"end":{"line":1,"column":75}},"1":{"start":{"line":1,"column":90},"end":{"line":1,"column":108}},"2":{"start":{"line":3,"column":20},"end":{"line":12,"column":53}},"3":{"start":{"line":12,"column":54},"end":{"line":16,"column":14}}},"fnMap":{},"branchMap":{},"s":{"0":0,"1":0,"2":0,"3":0},"f":{},"b":{}}
,"/Users/scott/git/wp-graphql/src/schema/type/Media/fields.js": {"path":"/Users/scott/git/wp-graphql/src/schema/type/Media/fields.js","statementMap":{"0":{"start":{"line":1,"column":13},"end":{"line":1,"column":75}},"1":{"start":{"line":1,"column":91},"end":{"line":1,"column":131}},"2":{"start":{"line":1,"column":148},"end":{"line":1,"column":181}},"3":{"start":{"line":1,"column":197},"end":{"line":1,"column":215}},"4":{"start":{"line":2,"column":20},"end":{"line":2,"column":44}},"5":{"start":{"line":3,"column":12},"end":{"line":3,"column":39}},"6":{"start":{"line":4,"column":12},"end":{"line":4,"column":39}},"7":{"start":{"line":4,"column":53},"end":{"line":4,"column":82}},"8":{"start":{"line":5,"column":18},"end":{"line":5,"column":51}},"9":{"start":{"line":6,"column":15},"end":{"line":6,"column":45}},"10":{"start":{"line":7,"column":12},"end":{"line":7,"column":39}},"11":{"start":{"line":8,"column":14},"end":{"line":8,"column":43}},"12":{"start":{"line":9,"column":13},"end":{"line":9,"column":41}},"13":{"start":{"line":17,"column":14},"end":{"line":17,"column":43}},"14":{"start":{"line":17,"column":59},"end":{"line":17,"column":90}},"15":{"start":{"line":17,"column":129},"end":{"line":17,"column":183}},"16":{"start":{"line":17,"column":184},"end":{"line":44,"column":100}},"17":{"start":{"line":44,"column":37},"end":{"line":44,"column":93}}},"fnMap":{"0":{"name":"_interopRequireDefault","decl":{"start":{"line":17,"column":100},"end":{"line":17,"column":122}},"loc":{"start":{"line":17,"column":128},"end":{"line":17,"column":184}},"line":17},"1":{"name":"resolve","decl":{"start":{"line":44,"column":22},"end":{"line":44,"column":29}},"loc":{"start":{"line":44,"column":36},"end":{"line":44,"column":94}},"line":44}},"branchMap":{"0":{"loc":{"start":{"line":17,"column":136},"end":{"line":17,"column":182}},"type":"cond-expr","locations":[{"start":{"line":17,"column":160},"end":{"line":17,"column":163}},{"start":{"line":17,"column":166},"end":{"line":17,"column":182}}],"line":17},"1":{"loc":{"start":{"line":17,"column":136},"end":{"line":17,"column":157}},"type":"binary-expr","locations":[{"start":{"line":17,"column":136},"end":{"line":17,"column":139}},{"start":{"line":17,"column":143},"end":{"line":17,"column":157}}],"line":17}},"s":{"0":0,"1":0,"2":0,"3":0,"4":0,"5":0,"6":0,"7":0,"8":0,"9":0,"10":0,"11":0,"12":0,"13":0,"14":0,"15":0,"16":0,"17":0},"f":{"0":0,"1":0},"b":{"0":[0,0],"1":[0,0]}}
,"/Users/scott/git/wp-graphql/src/schema/type/Media/index.js": {"path":"/Users/scott/git/wp-graphql/src/schema/type/Media/index.js","statementMap":{"0":{"start":{"line":1,"column":13},"end":{"line":1,"column":75}},"1":{"start":{"line":1,"column":90},"end":{"line":1,"column":108}},"2":{"start":{"line":3,"column":13},"end":{"line":3,"column":31}},"3":{"start":{"line":3,"column":46},"end":{"line":3,"column":76}},"4":{"start":{"line":4,"column":13},"end":{"line":4,"column":31}},"5":{"start":{"line":4,"column":46},"end":{"line":4,"column":76}},"6":{"start":{"line":5,"column":13},"end":{"line":5,"column":31}},"7":{"start":{"line":5,"column":46},"end":{"line":5,"column":76}},"8":{"start":{"line":5,"column":115},"end":{"line":5,"column":169}},"9":{"start":{"line":7,"column":16},"end":{"line":9,"column":63}},"10":{"start":{"line":9,"column":64},"end":{"line":12,"column":10}}},"fnMap":{"0":{"name":"_interopRequireDefault","decl":{"start":{"line":5,"column":86},"end":{"line":5,"column":108}},"loc":{"start":{"line":5,"column":114},"end":{"line":5,"column":170}},"line":5}},"branchMap":{"0":{"loc":{"start":{"line":5,"column":122},"end":{"line":5,"column":168}},"type":"cond-expr","locations":[{"start":{"line":5,"column":146},"end":{"line":5,"column":149}},{"start":{"line":5,"column":152},"end":{"line":5,"column":168}}],"line":5},"1":{"loc":{"start":{"line":5,"column":122},"end":{"line":5,"column":143}},"type":"binary-expr","locations":[{"start":{"line":5,"column":122},"end":{"line":5,"column":125}},{"start":{"line":5,"column":129},"end":{"line":5,"column":143}}],"line":5}},"s":{"0":0,"1":0,"2":0,"3":0,"4":0,"5":0,"6":0,"7":0,"8":0,"9":0,"10":0},"f":{"0":0},"b":{"0":[0,0],"1":[0,0]}}
,"/Users/scott/git/wp-graphql/src/schema/type/Media/Audio/Details.js": {"path":"/Users/scott/git/wp-graphql/src/schema/type/Media/Audio/Details.js","statementMap":{"0":{"start":{"line":1,"column":13},"end":{"line":1,"column":75}},"1":{"start":{"line":1,"column":90},"end":{"line":1,"column":108}},"2":{"start":{"line":3,"column":19},"end":{"line":7,"column":48}},"3":{"start":{"line":7,"column":49},"end":{"line":11,"column":13}}},"fnMap":{},"branchMap":{},"s":{"0":0,"1":0,"2":0,"3":0},"f":{},"b":{}}
,"/Users/scott/git/wp-graphql/src/schema/type/Media/Audio/index.js": {"path":"/Users/scott/git/wp-graphql/src/schema/type/Media/Audio/index.js","statementMap":{"0":{"start":{"line":1,"column":13},"end":{"line":1,"column":75}},"1":{"start":{"line":1,"column":91},"end":{"line":1,"column":131}},"2":{"start":{"line":1,"column":148},"end":{"line":1,"column":181}},"3":{"start":{"line":1,"column":197},"end":{"line":1,"column":215}},"4":{"start":{"line":3,"column":13},"end":{"line":3,"column":48}},"5":{"start":{"line":3,"column":63},"end":{"line":3,"column":93}},"6":{"start":{"line":4,"column":14},"end":{"line":4,"column":34}},"7":{"start":{"line":4,"column":50},"end":{"line":4,"column":81}},"8":{"start":{"line":5,"column":15},"end":{"line":5,"column":35}},"9":{"start":{"line":5,"column":52},"end":{"line":5,"column":84}},"10":{"start":{"line":5,"column":123},"end":{"line":5,"column":177}},"11":{"start":{"line":7,"column":16},"end":{"line":16,"column":52}},"12":{"start":{"line":12,"column":4},"end":{"line":12,"column":50}},"13":{"start":{"line":16,"column":53},"end":{"line":20,"column":10}}},"fnMap":{"0":{"name":"_interopRequireDefault","decl":{"start":{"line":5,"column":94},"end":{"line":5,"column":116}},"loc":{"start":{"line":5,"column":122},"end":{"line":5,"column":178}},"line":5},"1":{"name":"isTypeOf","decl":{"start":{"line":11,"column":21},"end":{"line":11,"column":29}},"loc":{"start":{"line":11,"column":37},"end":{"line":13,"column":3}},"line":11}},"branchMap":{"0":{"loc":{"start":{"line":5,"column":130},"end":{"line":5,"column":176}},"type":"cond-expr","locations":[{"start":{"line":5,"column":154},"end":{"line":5,"column":157}},{"start":{"line":5,"column":160},"end":{"line":5,"column":176}}],"line":5},"1":{"loc":{"start":{"line":5,"column":130},"end":{"line":5,"column":151}},"type":"binary-expr","locations":[{"start":{"line":5,"column":130},"end":{"line":5,"column":133}},{"start":{"line":5,"column":137},"end":{"line":5,"column":151}}],"line":5}},"s":{"0":0,"1":0,"2":0,"3":0,"4":0,"5":0,"6":0,"7":0,"8":0,"9":0,"10":0,"11":0,"12":0,"13":0},"f":{"0":0,"1":0},"b":{"0":[0,0],"1":[0,0]}}
,"/Users/scott/git/wp-graphql/src/schema/type/Media/Image/Details.js": {"path":"/Users/scott/git/wp-graphql/src/schema/type/Media/Image/Details.js","statementMap":{"0":{"start":{"line":1,"column":13},"end":{"line":1,"column":75}},"1":{"start":{"line":1,"column":91},"end":{"line":1,"column":131}},"2":{"start":{"line":1,"column":148},"end":{"line":1,"column":181}},"3":{"start":{"line":1,"column":194},"end":{"line":1,"column":238}},"4":{"start":{"line":1,"column":252},"end":{"line":1,"column":281}},"5":{"start":{"line":1,"column":297},"end":{"line":1,"column":315}},"6":{"start":{"line":3,"column":12},"end":{"line":3,"column":30}},"7":{"start":{"line":3,"column":44},"end":{"line":3,"column":73}},"8":{"start":{"line":3,"column":112},"end":{"line":3,"column":166}},"9":{"start":{"line":5,"column":19},"end":{"line":17,"column":40}},"10":{"start":{"line":14,"column":40},"end":{"line":17,"column":32}},"11":{"start":{"line":15,"column":64},"end":{"line":17,"column":28}},"12":{"start":{"line":17,"column":41},"end":{"line":23,"column":13}}},"fnMap":{"0":{"name":"_interopRequireDefault","decl":{"start":{"line":3,"column":83},"end":{"line":3,"column":105}},"loc":{"start":{"line":3,"column":111},"end":{"line":3,"column":167}},"line":3},"1":{"name":"resolve","decl":{"start":{"line":14,"column":24},"end":{"line":14,"column":31}},"loc":{"start":{"line":14,"column":39},"end":{"line":17,"column":33}},"line":14},"2":{"name":"(anonymous_2)","decl":{"start":{"line":15,"column":47},"end":{"line":15,"column":48}},"loc":{"start":{"line":15,"column":63},"end":{"line":17,"column":29}},"line":15}},"branchMap":{"0":{"loc":{"start":{"line":3,"column":119},"end":{"line":3,"column":165}},"type":"cond-expr","locations":[{"start":{"line":3,"column":143},"end":{"line":3,"column":146}},{"start":{"line":3,"column":149},"end":{"line":3,"column":165}}],"line":3},"1":{"loc":{"start":{"line":3,"column":119},"end":{"line":3,"column":140}},"type":"binary-expr","locations":[{"start":{"line":3,"column":119},"end":{"line":3,"column":122}},{"start":{"line":3,"column":126},"end":{"line":3,"column":140}}],"line":3}},"s":{"0":0,"1":0,"2":0,"3":0,"4":0,"5":0,"6":0,"7":0,"8":0,"9":0,"10":0,"11":0,"12":0},"f":{"0":0,"1":0,"2":0},"b":{"0":[0,0],"1":[0,0]}}
,"/Users/scott/git/wp-graphql/src/schema/type/Media/Image/index.js": {"path":"/Users/scott/git/wp-graphql/src/schema/type/Media/Image/index.js","statementMap":{"0":{"start":{"line":1,"column":13},"end":{"line":1,"column":75}},"1":{"start":{"line":1,"column":91},"end":{"line":1,"column":131}},"2":{"start":{"line":1,"column":148},"end":{"line":1,"column":181}},"3":{"start":{"line":1,"column":197},"end":{"line":1,"column":215}},"4":{"start":{"line":3,"column":13},"end":{"line":3,"column":48}},"5":{"start":{"line":3,"column":63},"end":{"line":3,"column":93}},"6":{"start":{"line":4,"column":14},"end":{"line":4,"column":34}},"7":{"start":{"line":4,"column":50},"end":{"line":4,"column":81}},"8":{"start":{"line":5,"column":15},"end":{"line":5,"column":35}},"9":{"start":{"line":5,"column":52},"end":{"line":5,"column":84}},"10":{"start":{"line":5,"column":123},"end":{"line":5,"column":177}},"11":{"start":{"line":7,"column":16},"end":{"line":16,"column":52}},"12":{"start":{"line":12,"column":4},"end":{"line":12,"column":50}},"13":{"start":{"line":16,"column":53},"end":{"line":20,"column":10}}},"fnMap":{"0":{"name":"_interopRequireDefault","decl":{"start":{"line":5,"column":94},"end":{"line":5,"column":116}},"loc":{"start":{"line":5,"column":122},"end":{"line":5,"column":178}},"line":5},"1":{"name":"isTypeOf","decl":{"start":{"line":11,"column":21},"end":{"line":11,"column":29}},"loc":{"start":{"line":11,"column":37},"end":{"line":13,"column":3}},"line":11}},"branchMap":{"0":{"loc":{"start":{"line":5,"column":130},"end":{"line":5,"column":176}},"type":"cond-expr","locations":[{"start":{"line":5,"column":154},"end":{"line":5,"column":157}},{"start":{"line":5,"column":160},"end":{"line":5,"column":176}}],"line":5},"1":{"loc":{"start":{"line":5,"column":130},"end":{"line":5,"column":151}},"type":"binary-expr","locations":[{"start":{"line":5,"column":130},"end":{"line":5,"column":133}},{"start":{"line":5,"column":137},"end":{"line":5,"column":151}}],"line":5}},"s":{"0":0,"1":0,"2":0,"3":0,"4":0,"5":0,"6":0,"7":0,"8":0,"9":0,"10":0,"11":0,"12":0,"13":0},"f":{"0":0,"1":0},"b":{"0":[0,0],"1":[0,0]}}
,"/Users/scott/git/wp-graphql/src/schema/type/Media/Video/Details.js": {"path":"/Users/scott/git/wp-graphql/src/schema/type/Media/Video/Details.js","statementMap":{"0":{"start":{"line":1,"column":13},"end":{"line":1,"column":75}},"1":{"start":{"line":1,"column":90},"end":{"line":1,"column":108}},"2":{"start":{"line":3,"column":19},"end":{"line":7,"column":48}},"3":{"start":{"line":7,"column":49},"end":{"line":11,"column":13}}},"fnMap":{},"branchMap":{},"s":{"0":0,"1":0,"2":0,"3":0},"f":{},"b":{}}
,"/Users/scott/git/wp-graphql/src/schema/type/Media/Video/index.js": {"path":"/Users/scott/git/wp-graphql/src/schema/type/Media/Video/index.js","statementMap":{"0":{"start":{"line":1,"column":13},"end":{"line":1,"column":75}},"1":{"start":{"line":1,"column":91},"end":{"line":1,"column":131}},"2":{"start":{"line":1,"column":148},"end":{"line":1,"column":181}},"3":{"start":{"line":1,"column":197},"end":{"line":1,"column":215}},"4":{"start":{"line":3,"column":13},"end":{"line":3,"column":48}},"5":{"start":{"line":3,"column":63},"end":{"line":3,"column":93}},"6":{"start":{"line":4,"column":14},"end":{"line":4,"column":34}},"7":{"start":{"line":4,"column":50},"end":{"line":4,"column":81}},"8":{"start":{"line":5,"column":15},"end":{"line":5,"column":35}},"9":{"start":{"line":5,"column":52},"end":{"line":5,"column":84}},"10":{"start":{"line":5,"column":123},"end":{"line":5,"column":177}},"11":{"start":{"line":7,"column":16},"end":{"line":16,"column":52}},"12":{"start":{"line":12,"column":4},"end":{"line":12,"column":50}},"13":{"start":{"line":16,"column":53},"end":{"line":20,"column":10}}},"fnMap":{"0":{"name":"_interopRequireDefault","decl":{"start":{"line":5,"column":94},"end":{"line":5,"column":116}},"loc":{"start":{"line":5,"column":122},"end":{"line":5,"column":178}},"line":5},"1":{"name":"isTypeOf","decl":{"start":{"line":11,"column":21},"end":{"line":11,"column":29}},"loc":{"start":{"line":11,"column":37},"end":{"line":13,"column":3}},"line":11}},"branchMap":{"0":{"loc":{"start":{"line":5,"column":130},"end":{"line":5,"column":176}},"type":"cond-expr","locations":[{"start":{"line":5,"column":154},"end":{"line":5,"column":157}},{"start":{"line":5,"column":160},"end":{"line":5,"column":176}}],"line":5},"1":{"loc":{"start":{"line":5,"column":130},"end":{"line":5,"column":151}},"type":"binary-expr","locations":[{"start":{"line":5,"column":130},"end":{"line":5,"column":133}},{"start":{"line":5,"column":137},"end":{"line":5,"column":151}}],"line":5}},"s":{"0":0,"1":0,"2":0,"3":0,"4":0,"5":0,"6":0,"7":0,"8":0,"9":0,"10":0,"11":0,"12":0,"13":0},"f":{"0":0,"1":0},"b":{"0":[0,0],"1":[0,0]}}
}
