{"/Users/scott/git/wp-graphql/src/data/Category.js": {"path":"/Users/scott/git/wp-graphql/src/data/Category.js","statementMap":{"0":{"start":{"line":5,"column":4},"end":{"line":5,"column":54}},"1":{"start":{"line":9,"column":4},"end":{"line":9,"column":68}}},"fnMap":{"0":{"name":"(anonymous_0)","decl":{"start":{"line":4,"column":2},"end":{"line":4,"column":3}},"loc":{"start":{"line":4,"column":10},"end":{"line":6,"column":3}},"line":4},"1":{"name":"(anonymous_1)","decl":{"start":{"line":8,"column":2},"end":{"line":8,"column":3}},"loc":{"start":{"line":8,"column":23},"end":{"line":10,"column":3}},"line":8}},"branchMap":{"0":{"loc":{"start":{"line":9,"column":11},"end":{"line":9,"column":67}},"type":"binary-expr","locations":[{"start":{"line":9,"column":11},"end":{"line":9,"column":45}},{"start":{"line":9,"column":49},"end":{"line":9,"column":67}}],"line":9}},"s":{"0":1,"1":21},"f":{"0":1,"1":21},"b":{"0":[21,1]},"_coverageSchema":"332fd63041d2c1bcb487cc26dd0d5f7d97098a6c","hash":"c7d2377fcdaea2c541cd1d397c1ef75a42ef0592"}
,"/Users/scott/git/wp-graphql/src/data/Chart.js": {"path":"/Users/scott/git/wp-graphql/src/data/Chart.js","statementMap":{"0":{"start":{"line":5,"column":4},"end":{"line":5,"column":51}},"1":{"start":{"line":9,"column":4},"end":{"line":9,"column":83}}},"fnMap":{"0":{"name":"(anonymous_0)","decl":{"start":{"line":4,"column":2},"end":{"line":4,"column":3}},"loc":{"start":{"line":4,"column":10},"end":{"line":6,"column":3}},"line":4},"1":{"name":"(anonymous_1)","decl":{"start":{"line":8,"column":2},"end":{"line":8,"column":3}},"loc":{"start":{"line":8,"column":23},"end":{"line":10,"column":3}},"line":8}},"branchMap":{},"s":{"0":1,"1":20},"f":{"0":1,"1":20},"b":{},"_coverageSchema":"332fd63041d2c1bcb487cc26dd0d5f7d97098a6c","hash":"7a3d4bd6d0c7833918e679563949e5b81870f182"}
,"/Users/scott/git/wp-graphql/src/data/Comment.js": {"path":"/Users/scott/git/wp-graphql/src/data/Comment.js","statementMap":{"0":{"start":{"line":7,"column":4},"end":{"line":7,"column":54}},"1":{"start":{"line":11,"column":4},"end":{"line":11,"column":69}},"2":{"start":{"line":15,"column":17},"end":{"line":15,"column":29}},"3":{"start":{"line":16,"column":40},"end":{"line":16,"column":84}},"4":{"start":{"line":17,"column":4},"end":{"line":20,"column":6}},"5":{"start":{"line":19,"column":30},"end":{"line":19,"column":64}},"6":{"start":{"line":24,"column":4},"end":{"line":26,"column":5}},"7":{"start":{"line":25,"column":6},"end":{"line":25,"column":81}},"8":{"start":{"line":28,"column":4},"end":{"line":30,"column":5}},"9":{"start":{"line":29,"column":6},"end":{"line":29,"column":81}},"10":{"start":{"line":32,"column":4},"end":{"line":59,"column":5}},"11":{"start":{"line":35,"column":10},"end":{"line":38,"column":8}},"12":{"start":{"line":40,"column":6},"end":{"line":46,"column":7}},"13":{"start":{"line":41,"column":8},"end":{"line":45,"column":10}},"14":{"start":{"line":48,"column":6},"end":{"line":52,"column":8}},"15":{"start":{"line":54,"column":6},"end":{"line":58,"column":8}},"16":{"start":{"line":63,"column":17},"end":{"line":63,"column":41}},"17":{"start":{"line":64,"column":27},"end":{"line":64,"column":76}},"18":{"start":{"line":65,"column":4},"end":{"line":65,"column":19}},"19":{"start":{"line":67,"column":4},"end":{"line":92,"column":5}},"20":{"start":{"line":68,"column":51},"end":{"line":71,"column":8}},"21":{"start":{"line":73,"column":6},"end":{"line":79,"column":7}},"22":{"start":{"line":74,"column":8},"end":{"line":78,"column":10}},"23":{"start":{"line":81,"column":6},"end":{"line":85,"column":8}},"24":{"start":{"line":87,"column":6},"end":{"line":91,"column":8}},"25":{"start":{"line":96,"column":17},"end":{"line":96,"column":41}},"26":{"start":{"line":97,"column":27},"end":{"line":97,"column":76}},"27":{"start":{"line":99,"column":4},"end":{"line":118,"column":5}},"28":{"start":{"line":100,"column":42},"end":{"line":103,"column":8}},"29":{"start":{"line":105,"column":6},"end":{"line":109,"column":7}},"30":{"start":{"line":106,"column":8},"end":{"line":108,"column":10}},"31":{"start":{"line":111,"column":6},"end":{"line":113,"column":8}},"32":{"start":{"line":115,"column":6},"end":{"line":117,"column":8}}},"fnMap":{"0":{"name":"(anonymous_0)","decl":{"start":{"line":6,"column":2},"end":{"line":6,"column":3}},"loc":{"start":{"line":6,"column":10},"end":{"line":8,"column":3}},"line":6},"1":{"name":"(anonymous_1)","decl":{"start":{"line":10,"column":2},"end":{"line":10,"column":3}},"loc":{"start":{"line":10,"column":23},"end":{"line":12,"column":3}},"line":10},"2":{"name":"(anonymous_2)","decl":{"start":{"line":14,"column":2},"end":{"line":14,"column":3}},"loc":{"start":{"line":14,"column":37},"end":{"line":21,"column":3}},"line":14},"3":{"name":"(anonymous_3)","decl":{"start":{"line":19,"column":22},"end":{"line":19,"column":23}},"loc":{"start":{"line":19,"column":30},"end":{"line":19,"column":64}},"line":19},"4":{"name":"(anonymous_4)","decl":{"start":{"line":23,"column":2},"end":{"line":23,"column":3}},"loc":{"start":{"line":23,"column":28},"end":{"line":60,"column":3}},"line":23},"5":{"name":"(anonymous_5)","decl":{"start":{"line":62,"column":2},"end":{"line":62,"column":3}},"loc":{"start":{"line":62,"column":29},"end":{"line":93,"column":3}},"line":62},"6":{"name":"(anonymous_6)","decl":{"start":{"line":95,"column":2},"end":{"line":95,"column":3}},"loc":{"start":{"line":95,"column":29},"end":{"line":119,"column":3}},"line":95}},"branchMap":{"0":{"loc":{"start":{"line":11,"column":11},"end":{"line":11,"column":68}},"type":"binary-expr","locations":[{"start":{"line":11,"column":11},"end":{"line":11,"column":43}},{"start":{"line":11,"column":47},"end":{"line":11,"column":68}}],"line":11},"1":{"loc":{"start":{"line":14,"column":26},"end":{"line":14,"column":35}},"type":"default-arg","locations":[{"start":{"line":14,"column":33},"end":{"line":14,"column":35}}],"line":14},"2":{"loc":{"start":{"line":24,"column":4},"end":{"line":26,"column":5}},"type":"if","locations":[{"start":{"line":24,"column":4},"end":{"line":26,"column":5}},{"start":{"line":24,"column":4},"end":{"line":26,"column":5}}],"line":24},"3":{"loc":{"start":{"line":24,"column":8},"end":{"line":24,"column":64}},"type":"binary-expr","locations":[{"start":{"line":24,"column":8},"end":{"line":24,"column":20}},{"start":{"line":24,"column":24},"end":{"line":24,"column":64}}],"line":24},"4":{"loc":{"start":{"line":24,"column":26},"end":{"line":24,"column":63}},"type":"binary-expr","locations":[{"start":{"line":24,"column":26},"end":{"line":24,"column":43}},{"start":{"line":24,"column":47},"end":{"line":24,"column":63}}],"line":24},"5":{"loc":{"start":{"line":28,"column":4},"end":{"line":30,"column":5}},"type":"if","locations":[{"start":{"line":28,"column":4},"end":{"line":30,"column":5}},{"start":{"line":28,"column":4},"end":{"line":30,"column":5}}],"line":28},"6":{"loc":{"start":{"line":40,"column":6},"end":{"line":46,"column":7}},"type":"if","locations":[{"start":{"line":40,"column":6},"end":{"line":46,"column":7}},{"start":{"line":40,"column":6},"end":{"line":46,"column":7}}],"line":40},"7":{"loc":{"start":{"line":73,"column":6},"end":{"line":79,"column":7}},"type":"if","locations":[{"start":{"line":73,"column":6},"end":{"line":79,"column":7}},{"start":{"line":73,"column":6},"end":{"line":79,"column":7}}],"line":73},"8":{"loc":{"start":{"line":105,"column":6},"end":{"line":109,"column":7}},"type":"if","locations":[{"start":{"line":105,"column":6},"end":{"line":109,"column":7}},{"start":{"line":105,"column":6},"end":{"line":109,"column":7}}],"line":105},"9":{"loc":{"start":{"line":105,"column":10},"end":{"line":105,"column":36}},"type":"binary-expr","locations":[{"start":{"line":105,"column":10},"end":{"line":105,"column":17}},{"start":{"line":105,"column":21},"end":{"line":105,"column":36}}],"line":105}},"s":{"0":1,"1":31,"2":1,"3":1,"4":1,"5":5,"6":5,"7":1,"8":4,"9":1,"10":3,"11":3,"12":2,"13":1,"14":1,"15":1,"16":3,"17":3,"18":3,"19":3,"20":3,"21":2,"22":1,"23":1,"24":1,"25":3,"26":3,"27":3,"28":3,"29":2,"30":1,"31":1,"32":1},"f":{"0":1,"1":31,"2":1,"3":5,"4":5,"5":3,"6":3},"b":{"0":[31,1],"1":[1],"2":[1,4],"3":[5,5],"4":[5,4],"5":[1,3],"6":[1,1],"7":[1,1],"8":[1,1],"9":[2,1]},"_coverageSchema":"332fd63041d2c1bcb487cc26dd0d5f7d97098a6c","hash":"c22428cd74acab74a3dd199c8b694f6494cddb2d"}
,"/Users/scott/git/wp-graphql/src/data/Media.js": {"path":"/Users/scott/git/wp-graphql/src/data/Media.js","statementMap":{"0":{"start":{"line":5,"column":4},"end":{"line":5,"column":54}},"1":{"start":{"line":9,"column":4},"end":{"line":9,"column":58}}},"fnMap":{"0":{"name":"(anonymous_0)","decl":{"start":{"line":4,"column":2},"end":{"line":4,"column":3}},"loc":{"start":{"line":4,"column":10},"end":{"line":6,"column":3}},"line":4},"1":{"name":"(anonymous_1)","decl":{"start":{"line":8,"column":2},"end":{"line":8,"column":3}},"loc":{"start":{"line":8,"column":23},"end":{"line":10,"column":3}},"line":8}},"branchMap":{"0":{"loc":{"start":{"line":9,"column":11},"end":{"line":9,"column":57}},"type":"binary-expr","locations":[{"start":{"line":9,"column":11},"end":{"line":9,"column":40}},{"start":{"line":9,"column":44},"end":{"line":9,"column":57}}],"line":9}},"s":{"0":1,"1":21},"f":{"0":1,"1":21},"b":{"0":[21,1]},"_coverageSchema":"332fd63041d2c1bcb487cc26dd0d5f7d97098a6c","hash":"f110501bfc79af623ca863e6f3b9fc65f0e1cbbe"}
,"/Users/scott/git/wp-graphql/src/data/NavMenu.js": {"path":"/Users/scott/git/wp-graphql/src/data/NavMenu.js","statementMap":{"0":{"start":{"line":5,"column":4},"end":{"line":5,"column":54}},"1":{"start":{"line":9,"column":4},"end":{"line":9,"column":71}}},"fnMap":{"0":{"name":"(anonymous_0)","decl":{"start":{"line":4,"column":2},"end":{"line":4,"column":3}},"loc":{"start":{"line":4,"column":10},"end":{"line":6,"column":3}},"line":4},"1":{"name":"(anonymous_1)","decl":{"start":{"line":8,"column":2},"end":{"line":8,"column":3}},"loc":{"start":{"line":8,"column":23},"end":{"line":10,"column":3}},"line":8}},"branchMap":{"0":{"loc":{"start":{"line":9,"column":11},"end":{"line":9,"column":70}},"type":"binary-expr","locations":[{"start":{"line":9,"column":11},"end":{"line":9,"column":44}},{"start":{"line":9,"column":48},"end":{"line":9,"column":70}}],"line":9}},"s":{"0":1,"1":21},"f":{"0":1,"1":21},"b":{"0":[21,1]},"_coverageSchema":"332fd63041d2c1bcb487cc26dd0d5f7d97098a6c","hash":"c122d59c9b32940f841e706d0953b2024ac29c42"}
,"/Users/scott/git/wp-graphql/src/data/Page.js": {"path":"/Users/scott/git/wp-graphql/src/data/Page.js","statementMap":{"0":{"start":{"line":5,"column":4},"end":{"line":5,"column":54}},"1":{"start":{"line":9,"column":4},"end":{"line":9,"column":58}}},"fnMap":{"0":{"name":"(anonymous_0)","decl":{"start":{"line":4,"column":2},"end":{"line":4,"column":3}},"loc":{"start":{"line":4,"column":10},"end":{"line":6,"column":3}},"line":4},"1":{"name":"(anonymous_1)","decl":{"start":{"line":8,"column":2},"end":{"line":8,"column":3}},"loc":{"start":{"line":8,"column":23},"end":{"line":10,"column":3}},"line":8}},"branchMap":{"0":{"loc":{"start":{"line":9,"column":11},"end":{"line":9,"column":57}},"type":"binary-expr","locations":[{"start":{"line":9,"column":11},"end":{"line":9,"column":40}},{"start":{"line":9,"column":44},"end":{"line":9,"column":57}}],"line":9}},"s":{"0":1,"1":21},"f":{"0":1,"1":21},"b":{"0":[21,1]},"_coverageSchema":"332fd63041d2c1bcb487cc26dd0d5f7d97098a6c","hash":"608f1d8a66bcbb89f18fd8f7340b4feee88f2f04"}
,"/Users/scott/git/wp-graphql/src/data/Post.js": {"path":"/Users/scott/git/wp-graphql/src/data/Post.js","statementMap":{"0":{"start":{"line":6,"column":4},"end":{"line":6,"column":54}},"1":{"start":{"line":10,"column":4},"end":{"line":10,"column":63}},"2":{"start":{"line":14,"column":40},"end":{"line":16,"column":6}},"3":{"start":{"line":17,"column":4},"end":{"line":20,"column":6}},"4":{"start":{"line":19,"column":30},"end":{"line":19,"column":61}}},"fnMap":{"0":{"name":"(anonymous_0)","decl":{"start":{"line":5,"column":2},"end":{"line":5,"column":3}},"loc":{"start":{"line":5,"column":10},"end":{"line":7,"column":3}},"line":5},"1":{"name":"(anonymous_1)","decl":{"start":{"line":9,"column":2},"end":{"line":9,"column":3}},"loc":{"start":{"line":9,"column":23},"end":{"line":11,"column":3}},"line":9},"2":{"name":"(anonymous_2)","decl":{"start":{"line":13,"column":2},"end":{"line":13,"column":3}},"loc":{"start":{"line":13,"column":37},"end":{"line":21,"column":3}},"line":13},"3":{"name":"(anonymous_3)","decl":{"start":{"line":19,"column":22},"end":{"line":19,"column":23}},"loc":{"start":{"line":19,"column":30},"end":{"line":19,"column":61}},"line":19}},"branchMap":{"0":{"loc":{"start":{"line":10,"column":11},"end":{"line":10,"column":62}},"type":"binary-expr","locations":[{"start":{"line":10,"column":11},"end":{"line":10,"column":40}},{"start":{"line":10,"column":44},"end":{"line":10,"column":62}}],"line":10},"1":{"loc":{"start":{"line":13,"column":26},"end":{"line":13,"column":35}},"type":"default-arg","locations":[{"start":{"line":13,"column":33},"end":{"line":13,"column":35}}],"line":13}},"s":{"0":1,"1":22,"2":1,"3":1,"4":5},"f":{"0":1,"1":22,"2":1,"3":5},"b":{"0":[22,2],"1":[1]},"_coverageSchema":"332fd63041d2c1bcb487cc26dd0d5f7d97098a6c","hash":"7ab46c4508bde1dcd30ac1043392ce6ee4038fce"}
,"/Users/scott/git/wp-graphql/src/data/Settings.js": {"path":"/Users/scott/git/wp-graphql/src/data/Settings.js","statementMap":{"0":{"start":{"line":5,"column":4},"end":{"line":5,"column":51}},"1":{"start":{"line":9,"column":4},"end":{"line":9,"column":69}}},"fnMap":{"0":{"name":"(anonymous_0)","decl":{"start":{"line":4,"column":2},"end":{"line":4,"column":3}},"loc":{"start":{"line":4,"column":10},"end":{"line":6,"column":3}},"line":4},"1":{"name":"(anonymous_1)","decl":{"start":{"line":8,"column":2},"end":{"line":8,"column":3}},"loc":{"start":{"line":8,"column":23},"end":{"line":10,"column":3}},"line":8}},"branchMap":{"0":{"loc":{"start":{"line":9,"column":11},"end":{"line":9,"column":68}},"type":"binary-expr","locations":[{"start":{"line":9,"column":11},"end":{"line":9,"column":43}},{"start":{"line":9,"column":47},"end":{"line":9,"column":68}}],"line":9}},"s":{"0":1,"1":21},"f":{"0":1,"1":21},"b":{"0":[21,1]},"_coverageSchema":"332fd63041d2c1bcb487cc26dd0d5f7d97098a6c","hash":"9eeaa8fdf89968d0fc426911289ad2dcb77c23d1"}
,"/Users/scott/git/wp-graphql/src/data/Sidebar.js": {"path":"/Users/scott/git/wp-graphql/src/data/Sidebar.js","statementMap":{"0":{"start":{"line":5,"column":4},"end":{"line":5,"column":54}},"1":{"start":{"line":9,"column":4},"end":{"line":9,"column":69}}},"fnMap":{"0":{"name":"(anonymous_0)","decl":{"start":{"line":4,"column":2},"end":{"line":4,"column":3}},"loc":{"start":{"line":4,"column":10},"end":{"line":6,"column":3}},"line":4},"1":{"name":"(anonymous_1)","decl":{"start":{"line":8,"column":2},"end":{"line":8,"column":3}},"loc":{"start":{"line":8,"column":23},"end":{"line":10,"column":3}},"line":8}},"branchMap":{"0":{"loc":{"start":{"line":9,"column":11},"end":{"line":9,"column":68}},"type":"binary-expr","locations":[{"start":{"line":9,"column":11},"end":{"line":9,"column":43}},{"start":{"line":9,"column":47},"end":{"line":9,"column":68}}],"line":9}},"s":{"0":1,"1":21},"f":{"0":1,"1":21},"b":{"0":[21,1]},"_coverageSchema":"332fd63041d2c1bcb487cc26dd0d5f7d97098a6c","hash":"471e3975b3a17ce41551a95eab1e67f20bdad310"}
,"/Users/scott/git/wp-graphql/src/data/Tag.js": {"path":"/Users/scott/git/wp-graphql/src/data/Tag.js","statementMap":{"0":{"start":{"line":5,"column":4},"end":{"line":5,"column":54}},"1":{"start":{"line":9,"column":4},"end":{"line":9,"column":56}}},"fnMap":{"0":{"name":"(anonymous_0)","decl":{"start":{"line":4,"column":2},"end":{"line":4,"column":3}},"loc":{"start":{"line":4,"column":10},"end":{"line":6,"column":3}},"line":4},"1":{"name":"(anonymous_1)","decl":{"start":{"line":8,"column":2},"end":{"line":8,"column":3}},"loc":{"start":{"line":8,"column":23},"end":{"line":10,"column":3}},"line":8}},"branchMap":{"0":{"loc":{"start":{"line":9,"column":11},"end":{"line":9,"column":55}},"type":"binary-expr","locations":[{"start":{"line":9,"column":11},"end":{"line":9,"column":39}},{"start":{"line":9,"column":43},"end":{"line":9,"column":55}}],"line":9}},"s":{"0":1,"1":21},"f":{"0":1,"1":21},"b":{"0":[21,1]},"_coverageSchema":"332fd63041d2c1bcb487cc26dd0d5f7d97098a6c","hash":"351954a3075ae6a391e5570d24acd415f4a50fc9"}
,"/Users/scott/git/wp-graphql/src/data/Taxonomy.js": {"path":"/Users/scott/git/wp-graphql/src/data/Taxonomy.js","statementMap":{"0":{"start":{"line":5,"column":4},"end":{"line":5,"column":56}},"1":{"start":{"line":9,"column":4},"end":{"line":9,"column":73}}},"fnMap":{"0":{"name":"(anonymous_0)","decl":{"start":{"line":4,"column":2},"end":{"line":4,"column":3}},"loc":{"start":{"line":4,"column":10},"end":{"line":6,"column":3}},"line":4},"1":{"name":"(anonymous_1)","decl":{"start":{"line":8,"column":2},"end":{"line":8,"column":3}},"loc":{"start":{"line":8,"column":23},"end":{"line":10,"column":3}},"line":8}},"branchMap":{"0":{"loc":{"start":{"line":9,"column":11},"end":{"line":9,"column":72}},"type":"binary-expr","locations":[{"start":{"line":9,"column":11},"end":{"line":9,"column":45}},{"start":{"line":9,"column":49},"end":{"line":9,"column":72}}],"line":9}},"s":{"0":1,"1":21},"f":{"0":1,"1":21},"b":{"0":[21,1]},"_coverageSchema":"332fd63041d2c1bcb487cc26dd0d5f7d97098a6c","hash":"f05ad87c36d5b61fc13eba5087d9236d46032578"}
,"/Users/scott/git/wp-graphql/src/data/User.js": {"path":"/Users/scott/git/wp-graphql/src/data/User.js","statementMap":{"0":{"start":{"line":5,"column":4},"end":{"line":5,"column":54}},"1":{"start":{"line":9,"column":4},"end":{"line":9,"column":58}}},"fnMap":{"0":{"name":"(anonymous_0)","decl":{"start":{"line":4,"column":2},"end":{"line":4,"column":3}},"loc":{"start":{"line":4,"column":10},"end":{"line":6,"column":3}},"line":4},"1":{"name":"(anonymous_1)","decl":{"start":{"line":8,"column":2},"end":{"line":8,"column":3}},"loc":{"start":{"line":8,"column":23},"end":{"line":10,"column":3}},"line":8}},"branchMap":{"0":{"loc":{"start":{"line":9,"column":11},"end":{"line":9,"column":57}},"type":"binary-expr","locations":[{"start":{"line":9,"column":11},"end":{"line":9,"column":40}},{"start":{"line":9,"column":44},"end":{"line":9,"column":57}}],"line":9}},"s":{"0":1,"1":21},"f":{"0":1,"1":21},"b":{"0":[21,1]},"_coverageSchema":"332fd63041d2c1bcb487cc26dd0d5f7d97098a6c","hash":"d75a57373cac7cb128ed6c240b8d385302be8cd7"}
,"/Users/scott/git/wp-graphql/src/data/client.js": {"path":"/Users/scott/git/wp-graphql/src/data/client.js","statementMap":{"0":{"start":{"line":6,"column":0},"end":{"line":6,"column":51}},"1":{"start":{"line":7,"column":0},"end":{"line":7,"column":45}},"2":{"start":{"line":10,"column":21},"end":{"line":10,"column":29}},"3":{"start":{"line":11,"column":24},"end":{"line":11,"column":33}},"4":{"start":{"line":16,"column":2},"end":{"line":18,"column":3}},"5":{"start":{"line":17,"column":4},"end":{"line":17,"column":18}},"6":{"start":{"line":20,"column":2},"end":{"line":20,"column":56}},"7":{"start":{"line":23,"column":2},"end":{"line":25,"column":5}},"8":{"start":{"line":24,"column":4},"end":{"line":24,"column":32}},"9":{"start":{"line":27,"column":2},"end":{"line":29,"column":5}},"10":{"start":{"line":28,"column":4},"end":{"line":28,"column":42}},"11":{"start":{"line":31,"column":2},"end":{"line":33,"column":5}},"12":{"start":{"line":32,"column":4},"end":{"line":32,"column":28}},"13":{"start":{"line":35,"column":2},"end":{"line":35,"column":16}}},"fnMap":{"0":{"name":"getClient","decl":{"start":{"line":15,"column":24},"end":{"line":15,"column":33}},"loc":{"start":{"line":15,"column":36},"end":{"line":36,"column":1}},"line":15},"1":{"name":"(anonymous_1)","decl":{"start":{"line":23,"column":21},"end":{"line":23,"column":22}},"loc":{"start":{"line":23,"column":28},"end":{"line":25,"column":3}},"line":23},"2":{"name":"(anonymous_2)","decl":{"start":{"line":27,"column":23},"end":{"line":27,"column":24}},"loc":{"start":{"line":27,"column":29},"end":{"line":29,"column":3}},"line":27},"3":{"name":"(anonymous_3)","decl":{"start":{"line":31,"column":23},"end":{"line":31,"column":24}},"loc":{"start":{"line":31,"column":39},"end":{"line":33,"column":3}},"line":31}},"branchMap":{"0":{"loc":{"start":{"line":16,"column":2},"end":{"line":18,"column":3}},"type":"if","locations":[{"start":{"line":16,"column":2},"end":{"line":18,"column":3}},{"start":{"line":16,"column":2},"end":{"line":18,"column":3}}],"line":16}},"s":{"0":31,"1":31,"2":31,"3":31,"4":0,"5":0,"6":0,"7":0,"8":0,"9":0,"10":0,"11":0,"12":0,"13":0},"f":{"0":0,"1":0,"2":0,"3":0},"b":{"0":[0,0]},"_coverageSchema":"332fd63041d2c1bcb487cc26dd0d5f7d97098a6c","hash":"76f080eb4c8b3e8c592b422fd0b48f617bbcad2d"}
,"/Users/scott/git/wp-graphql/src/data/utils.js": {"path":"/Users/scott/git/wp-graphql/src/data/utils.js","statementMap":{"0":{"start":{"line":5,"column":24},"end":{"line":5,"column":65}},"1":{"start":{"line":5,"column":31},"end":{"line":5,"column":65}},"2":{"start":{"line":7,"column":11},"end":{"line":26,"column":1}},"3":{"start":{"line":8,"column":12},"end":{"line":8,"column":16}},"4":{"start":{"line":9,"column":17},"end":{"line":9,"column":32}},"5":{"start":{"line":10,"column":2},"end":{"line":12,"column":3}},"6":{"start":{"line":11,"column":4},"end":{"line":11,"column":46}},"7":{"start":{"line":14,"column":17},"end":{"line":23,"column":3}},"8":{"start":{"line":25,"column":2},"end":{"line":25,"column":25}},"9":{"start":{"line":28,"column":34},"end":{"line":40,"column":1}},"10":{"start":{"line":29,"column":17},"end":{"line":29,"column":28}},"11":{"start":{"line":31,"column":2},"end":{"line":31,"column":45}},"12":{"start":{"line":32,"column":2},"end":{"line":39,"column":5}},"13":{"start":{"line":33,"column":4},"end":{"line":38,"column":7}},"14":{"start":{"line":34,"column":6},"end":{"line":36,"column":7}},"15":{"start":{"line":35,"column":8},"end":{"line":35,"column":27}},"16":{"start":{"line":37,"column":6},"end":{"line":37,"column":75}},"17":{"start":{"line":37,"column":41},"end":{"line":37,"column":72}},"18":{"start":{"line":42,"column":18},"end":{"line":85,"column":1}},"19":{"start":{"line":43,"column":14},"end":{"line":43,"column":49}},"20":{"start":{"line":44,"column":17},"end":{"line":44,"column":28}},"21":{"start":{"line":46,"column":17},"end":{"line":49,"column":3}},"22":{"start":{"line":51,"column":2},"end":{"line":84,"column":5}},"23":{"start":{"line":52,"column":24},"end":{"line":66,"column":8}},"24":{"start":{"line":53,"column":6},"end":{"line":66,"column":8}},"25":{"start":{"line":53,"column":38},"end":{"line":53,"column":51}},"26":{"start":{"line":54,"column":8},"end":{"line":65,"column":9}},"27":{"start":{"line":55,"column":10},"end":{"line":57,"column":11}},"28":{"start":{"line":56,"column":12},"end":{"line":56,"column":43}},"29":{"start":{"line":58,"column":10},"end":{"line":58,"column":59}},"30":{"start":{"line":59,"column":10},"end":{"line":62,"column":13}},"31":{"start":{"line":64,"column":10},"end":{"line":64,"column":19}},"32":{"start":{"line":68,"column":4},"end":{"line":83,"column":5}},"33":{"start":{"line":69,"column":6},"end":{"line":69,"column":24}},"34":{"start":{"line":71,"column":6},"end":{"line":82,"column":9}},"35":{"start":{"line":72,"column":8},"end":{"line":81,"column":9}},"36":{"start":{"line":73,"column":10},"end":{"line":73,"column":22}},"37":{"start":{"line":74,"column":15},"end":{"line":81,"column":9}},"38":{"start":{"line":75,"column":10},"end":{"line":78,"column":13}},"39":{"start":{"line":80,"column":10},"end":{"line":80,"column":24}}},"fnMap":{"0":{"name":"(anonymous_0)","decl":{"start":{"line":5,"column":24},"end":{"line":5,"column":25}},"loc":{"start":{"line":5,"column":31},"end":{"line":5,"column":65}},"line":5},"1":{"name":"(anonymous_1)","decl":{"start":{"line":7,"column":11},"end":{"line":7,"column":12}},"loc":{"start":{"line":7,"column":32},"end":{"line":26,"column":1}},"line":7},"2":{"name":"(anonymous_2)","decl":{"start":{"line":28,"column":34},"end":{"line":28,"column":35}},"loc":{"start":{"line":28,"column":42},"end":{"line":40,"column":1}},"line":28},"3":{"name":"(anonymous_3)","decl":{"start":{"line":32,"column":21},"end":{"line":32,"column":22}},"loc":{"start":{"line":32,"column":42},"end":{"line":39,"column":3}},"line":32},"4":{"name":"(anonymous_4)","decl":{"start":{"line":33,"column":23},"end":{"line":33,"column":24}},"loc":{"start":{"line":33,"column":38},"end":{"line":38,"column":5}},"line":33},"5":{"name":"(anonymous_5)","decl":{"start":{"line":37,"column":30},"end":{"line":37,"column":31}},"loc":{"start":{"line":37,"column":41},"end":{"line":37,"column":72}},"line":37},"6":{"name":"(anonymous_6)","decl":{"start":{"line":42,"column":18},"end":{"line":42,"column":19}},"loc":{"start":{"line":42,"column":39},"end":{"line":85,"column":1}},"line":42},"7":{"name":"(anonymous_7)","decl":{"start":{"line":51,"column":21},"end":{"line":51,"column":22}},"loc":{"start":{"line":51,"column":42},"end":{"line":84,"column":3}},"line":51},"8":{"name":"(anonymous_8)","decl":{"start":{"line":52,"column":24},"end":{"line":52,"column":25}},"loc":{"start":{"line":53,"column":6},"end":{"line":66,"column":8}},"line":53},"9":{"name":"(anonymous_9)","decl":{"start":{"line":53,"column":29},"end":{"line":53,"column":30}},"loc":{"start":{"line":53,"column":38},"end":{"line":53,"column":51}},"line":53},"10":{"name":"(anonymous_10)","decl":{"start":{"line":53,"column":58},"end":{"line":53,"column":59}},"loc":{"start":{"line":53,"column":76},"end":{"line":66,"column":7}},"line":53},"11":{"name":"(anonymous_11)","decl":{"start":{"line":71,"column":29},"end":{"line":71,"column":30}},"loc":{"start":{"line":71,"column":46},"end":{"line":82,"column":7}},"line":71}},"branchMap":{"0":{"loc":{"start":{"line":7,"column":18},"end":{"line":7,"column":27}},"type":"default-arg","locations":[{"start":{"line":7,"column":25},"end":{"line":7,"column":27}}],"line":7},"1":{"loc":{"start":{"line":10,"column":2},"end":{"line":12,"column":3}},"type":"if","locations":[{"start":{"line":10,"column":2},"end":{"line":12,"column":3}},{"start":{"line":10,"column":2},"end":{"line":12,"column":3}}],"line":10},"2":{"loc":{"start":{"line":34,"column":6},"end":{"line":36,"column":7}},"type":"if","locations":[{"start":{"line":34,"column":6},"end":{"line":36,"column":7}},{"start":{"line":34,"column":6},"end":{"line":36,"column":7}}],"line":34},"3":{"loc":{"start":{"line":42,"column":25},"end":{"line":42,"column":34}},"type":"default-arg","locations":[{"start":{"line":42,"column":32},"end":{"line":42,"column":34}}],"line":42},"4":{"loc":{"start":{"line":52,"column":25},"end":{"line":52,"column":41}},"type":"default-arg","locations":[{"start":{"line":52,"column":36},"end":{"line":52,"column":41}}],"line":52},"5":{"loc":{"start":{"line":54,"column":8},"end":{"line":65,"column":9}},"type":"if","locations":[{"start":{"line":54,"column":8},"end":{"line":65,"column":9}},{"start":{"line":54,"column":8},"end":{"line":65,"column":9}}],"line":54},"6":{"loc":{"start":{"line":55,"column":10},"end":{"line":57,"column":11}},"type":"if","locations":[{"start":{"line":55,"column":10},"end":{"line":57,"column":11}},{"start":{"line":55,"column":10},"end":{"line":57,"column":11}}],"line":55},"7":{"loc":{"start":{"line":68,"column":4},"end":{"line":83,"column":5}},"type":"if","locations":[{"start":{"line":68,"column":4},"end":{"line":83,"column":5}},{"start":{"line":68,"column":4},"end":{"line":83,"column":5}}],"line":68},"8":{"loc":{"start":{"line":68,"column":8},"end":{"line":68,"column":48}},"type":"binary-expr","locations":[{"start":{"line":68,"column":8},"end":{"line":68,"column":21}},{"start":{"line":68,"column":25},"end":{"line":68,"column":48}}],"line":68},"9":{"loc":{"start":{"line":72,"column":8},"end":{"line":81,"column":9}},"type":"if","locations":[{"start":{"line":72,"column":8},"end":{"line":81,"column":9}},{"start":{"line":72,"column":8},"end":{"line":81,"column":9}}],"line":72},"10":{"loc":{"start":{"line":74,"column":15},"end":{"line":81,"column":9}},"type":"if","locations":[{"start":{"line":74,"column":15},"end":{"line":81,"column":9}},{"start":{"line":74,"column":15},"end":{"line":81,"column":9}}],"line":74}},"s":{"0":31,"1":0,"2":31,"3":0,"4":0,"5":0,"6":0,"7":0,"8":0,"9":31,"10":0,"11":0,"12":0,"13":0,"14":0,"15":0,"16":0,"17":0,"18":31,"19":0,"20":0,"21":0,"22":0,"23":0,"24":0,"25":0,"26":0,"27":0,"28":0,"29":0,"30":0,"31":0,"32":0,"33":0,"34":0,"35":0,"36":0,"37":0,"38":0,"39":0},"f":{"0":0,"1":0,"2":0,"3":0,"4":0,"5":0,"6":0,"7":0,"8":0,"9":0,"10":0,"11":0},"b":{"0":[0],"1":[0,0],"2":[0,0],"3":[0],"4":[0],"5":[0,0],"6":[0,0],"7":[0,0],"8":[0,0],"9":[0,0],"10":[0,0]},"_coverageSchema":"332fd63041d2c1bcb487cc26dd0d5f7d97098a6c","hash":"ce82e4f836e3a54031c4dabae0a619042cd3d82f"}
,"/Users/scott/git/wp-graphql/src/data/loaders/Category.js": {"path":"/Users/scott/git/wp-graphql/src/data/loaders/Category.js","statementMap":{"0":{"start":{"line":8,"column":19},"end":{"line":8,"column":41}},"1":{"start":{"line":11,"column":25},"end":{"line":20,"column":3}},"2":{"start":{"line":12,"column":4},"end":{"line":19,"column":6}},"3":{"start":{"line":15,"column":6},"end":{"line":17,"column":9}},"4":{"start":{"line":16,"column":8},"end":{"line":16,"column":50}},"5":{"start":{"line":18,"column":6},"end":{"line":18,"column":24}},"6":{"start":{"line":21,"column":2},"end":{"line":32,"column":4}},"7":{"start":{"line":22,"column":4},"end":{"line":31,"column":8}},"8":{"start":{"line":23,"column":36},"end":{"line":23,"column":40}},"9":{"start":{"line":25,"column":26},"end":{"line":25,"column":86}},"10":{"start":{"line":25,"column":44},"end":{"line":25,"column":85}},"11":{"start":{"line":25,"column":67},"end":{"line":25,"column":84}},"12":{"start":{"line":27,"column":8},"end":{"line":29,"column":11}},"13":{"start":{"line":28,"column":10},"end":{"line":28,"column":54}},"14":{"start":{"line":30,"column":8},"end":{"line":30,"column":26}},"15":{"start":{"line":34,"column":2},"end":{"line":47,"column":4}},"16":{"start":{"line":36,"column":19},"end":{"line":36,"column":48}},"17":{"start":{"line":37,"column":6},"end":{"line":37,"column":63}},"18":{"start":{"line":40,"column":19},"end":{"line":40,"column":53}},"19":{"start":{"line":41,"column":6},"end":{"line":41,"column":83}},"20":{"start":{"line":41,"column":38},"end":{"line":41,"column":74}},"21":{"start":{"line":44,"column":19},"end":{"line":44,"column":46}},"22":{"start":{"line":45,"column":6},"end":{"line":45,"column":63}}},"fnMap":{"0":{"name":"getCategoryLoaders","decl":{"start":{"line":7,"column":24},"end":{"line":7,"column":42}},"loc":{"start":{"line":7,"column":45},"end":{"line":48,"column":1}},"line":7},"1":{"name":"(anonymous_1)","decl":{"start":{"line":11,"column":40},"end":{"line":11,"column":41}},"loc":{"start":{"line":12,"column":4},"end":{"line":19,"column":6}},"line":12},"2":{"name":"(anonymous_2)","decl":{"start":{"line":14,"column":12},"end":{"line":14,"column":13}},"loc":{"start":{"line":14,"column":48},"end":{"line":19,"column":5}},"line":14},"3":{"name":"(anonymous_3)","decl":{"start":{"line":15,"column":25},"end":{"line":15,"column":26}},"loc":{"start":{"line":15,"column":37},"end":{"line":17,"column":7}},"line":15},"4":{"name":"(anonymous_4)","decl":{"start":{"line":21,"column":30},"end":{"line":21,"column":31}},"loc":{"start":{"line":22,"column":4},"end":{"line":31,"column":8}},"line":22},"5":{"name":"(anonymous_5)","decl":{"start":{"line":23,"column":12},"end":{"line":23,"column":13}},"loc":{"start":{"line":23,"column":36},"end":{"line":23,"column":40}},"line":23},"6":{"name":"(anonymous_6)","decl":{"start":{"line":25,"column":12},"end":{"line":25,"column":13}},"loc":{"start":{"line":25,"column":26},"end":{"line":25,"column":86}},"line":25},"7":{"name":"(anonymous_7)","decl":{"start":{"line":25,"column":36},"end":{"line":25,"column":37}},"loc":{"start":{"line":25,"column":44},"end":{"line":25,"column":85}},"line":25},"8":{"name":"(anonymous_8)","decl":{"start":{"line":25,"column":60},"end":{"line":25,"column":61}},"loc":{"start":{"line":25,"column":67},"end":{"line":25,"column":84}},"line":25},"9":{"name":"(anonymous_9)","decl":{"start":{"line":26,"column":12},"end":{"line":26,"column":13}},"loc":{"start":{"line":26,"column":26},"end":{"line":31,"column":7}},"line":26},"10":{"name":"(anonymous_10)","decl":{"start":{"line":27,"column":27},"end":{"line":27,"column":28}},"loc":{"start":{"line":27,"column":39},"end":{"line":29,"column":9}},"line":27},"11":{"name":"(anonymous_11)","decl":{"start":{"line":35,"column":10},"end":{"line":35,"column":11}},"loc":{"start":{"line":35,"column":22},"end":{"line":38,"column":5}},"line":35},"12":{"name":"(anonymous_12)","decl":{"start":{"line":39,"column":14},"end":{"line":39,"column":15}},"loc":{"start":{"line":39,"column":27},"end":{"line":42,"column":5}},"line":39},"13":{"name":"(anonymous_13)","decl":{"start":{"line":41,"column":29},"end":{"line":41,"column":30}},"loc":{"start":{"line":41,"column":38},"end":{"line":41,"column":74}},"line":41},"14":{"name":"(anonymous_14)","decl":{"start":{"line":43,"column":16},"end":{"line":43,"column":17}},"loc":{"start":{"line":43,"column":30},"end":{"line":46,"column":5}},"line":43}},"branchMap":{"0":{"loc":{"start":{"line":37,"column":13},"end":{"line":37,"column":62}},"type":"cond-expr","locations":[{"start":{"line":37,"column":20},"end":{"line":37,"column":55}},{"start":{"line":37,"column":58},"end":{"line":37,"column":62}}],"line":37},"1":{"loc":{"start":{"line":41,"column":13},"end":{"line":41,"column":82}},"type":"cond-expr","locations":[{"start":{"line":41,"column":20},"end":{"line":41,"column":75}},{"start":{"line":41,"column":78},"end":{"line":41,"column":82}}],"line":41},"2":{"loc":{"start":{"line":45,"column":13},"end":{"line":45,"column":62}},"type":"cond-expr","locations":[{"start":{"line":45,"column":20},"end":{"line":45,"column":55}},{"start":{"line":45,"column":58},"end":{"line":45,"column":62}}],"line":45}},"s":{"0":19,"1":19,"2":0,"3":0,"4":0,"5":0,"6":19,"7":0,"8":0,"9":0,"10":0,"11":0,"12":0,"13":0,"14":0,"15":19,"16":2,"17":2,"18":2,"19":2,"20":3,"21":2,"22":2},"f":{"0":19,"1":0,"2":0,"3":0,"4":0,"5":0,"6":0,"7":0,"8":0,"9":0,"10":0,"11":2,"12":2,"13":3,"14":2},"b":{"0":[2,0],"1":[2,0],"2":[2,0]},"_coverageSchema":"332fd63041d2c1bcb487cc26dd0d5f7d97098a6c","hash":"0f15329bb6385c91c10a823d1a4810553ce2ebc1"}
,"/Users/scott/git/wp-graphql/src/data/loaders/Chart.js": {"path":"/Users/scott/git/wp-graphql/src/data/loaders/Chart.js","statementMap":{"0":{"start":{"line":7,"column":19},"end":{"line":7,"column":38}},"1":{"start":{"line":9,"column":22},"end":{"line":15,"column":3}},"2":{"start":{"line":10,"column":4},"end":{"line":14,"column":5}},"3":{"start":{"line":12,"column":8},"end":{"line":12,"column":68}},"4":{"start":{"line":12,"column":58},"end":{"line":12,"column":67}},"5":{"start":{"line":17,"column":2},"end":{"line":22,"column":4}},"6":{"start":{"line":19,"column":20},"end":{"line":19,"column":52}},"7":{"start":{"line":20,"column":6},"end":{"line":20,"column":62}}},"fnMap":{"0":{"name":"getChartLoaders","decl":{"start":{"line":5,"column":24},"end":{"line":5,"column":39}},"loc":{"start":{"line":5,"column":42},"end":{"line":23,"column":1}},"line":5},"1":{"name":"(anonymous_1)","decl":{"start":{"line":9,"column":37},"end":{"line":9,"column":38}},"loc":{"start":{"line":10,"column":4},"end":{"line":14,"column":5}},"line":10},"2":{"name":"(anonymous_2)","decl":{"start":{"line":11,"column":21},"end":{"line":11,"column":22}},"loc":{"start":{"line":12,"column":8},"end":{"line":12,"column":68}},"line":12},"3":{"name":"(anonymous_3)","decl":{"start":{"line":12,"column":34},"end":{"line":12,"column":35}},"loc":{"start":{"line":12,"column":58},"end":{"line":12,"column":67}},"line":12},"4":{"name":"(anonymous_4)","decl":{"start":{"line":18,"column":10},"end":{"line":18,"column":11}},"loc":{"start":{"line":18,"column":22},"end":{"line":21,"column":5}},"line":18}},"branchMap":{"0":{"loc":{"start":{"line":20,"column":13},"end":{"line":20,"column":61}},"type":"cond-expr","locations":[{"start":{"line":20,"column":21},"end":{"line":20,"column":54}},{"start":{"line":20,"column":57},"end":{"line":20,"column":61}}],"line":20}},"s":{"0":19,"1":19,"2":0,"3":0,"4":0,"5":19,"6":2,"7":2},"f":{"0":19,"1":0,"2":0,"3":0,"4":2},"b":{"0":[2,0]},"_coverageSchema":"332fd63041d2c1bcb487cc26dd0d5f7d97098a6c","hash":"b91ffd66007a176e540746b5e349255d7f8a9f4a"}
,"/Users/scott/git/wp-graphql/src/data/loaders/Comment.js": {"path":"/Users/scott/git/wp-graphql/src/data/loaders/Comment.js","statementMap":{"0":{"start":{"line":8,"column":19},"end":{"line":8,"column":40}},"1":{"start":{"line":10,"column":24},"end":{"line":14,"column":3}},"2":{"start":{"line":11,"column":4},"end":{"line":13,"column":41}},"3":{"start":{"line":13,"column":36},"end":{"line":13,"column":40}},"4":{"start":{"line":16,"column":2},"end":{"line":21,"column":4}},"5":{"start":{"line":18,"column":19},"end":{"line":18,"column":47}},"6":{"start":{"line":19,"column":6},"end":{"line":19,"column":62}}},"fnMap":{"0":{"name":"getCommentLoaders","decl":{"start":{"line":7,"column":24},"end":{"line":7,"column":41}},"loc":{"start":{"line":7,"column":44},"end":{"line":22,"column":1}},"line":7},"1":{"name":"(anonymous_1)","decl":{"start":{"line":10,"column":39},"end":{"line":10,"column":40}},"loc":{"start":{"line":11,"column":4},"end":{"line":13,"column":41}},"line":11},"2":{"name":"(anonymous_2)","decl":{"start":{"line":13,"column":12},"end":{"line":13,"column":13}},"loc":{"start":{"line":13,"column":36},"end":{"line":13,"column":40}},"line":13},"3":{"name":"(anonymous_3)","decl":{"start":{"line":17,"column":10},"end":{"line":17,"column":11}},"loc":{"start":{"line":17,"column":22},"end":{"line":20,"column":5}},"line":17}},"branchMap":{"0":{"loc":{"start":{"line":19,"column":13},"end":{"line":19,"column":61}},"type":"cond-expr","locations":[{"start":{"line":19,"column":20},"end":{"line":19,"column":54}},{"start":{"line":19,"column":57},"end":{"line":19,"column":61}}],"line":19}},"s":{"0":19,"1":19,"2":0,"3":0,"4":19,"5":1,"6":1},"f":{"0":19,"1":0,"2":0,"3":1},"b":{"0":[1,0]},"_coverageSchema":"332fd63041d2c1bcb487cc26dd0d5f7d97098a6c","hash":"0ed98e230bc08ec7b87226e8677d71e9f4b6821a"}
,"/Users/scott/git/wp-graphql/src/data/loaders/Media.js": {"path":"/Users/scott/git/wp-graphql/src/data/loaders/Media.js","statementMap":{"0":{"start":{"line":8,"column":19},"end":{"line":8,"column":38}},"1":{"start":{"line":10,"column":22},"end":{"line":14,"column":3}},"2":{"start":{"line":11,"column":4},"end":{"line":13,"column":41}},"3":{"start":{"line":13,"column":36},"end":{"line":13,"column":40}},"4":{"start":{"line":15,"column":21},"end":{"line":19,"column":3}},"5":{"start":{"line":16,"column":4},"end":{"line":18,"column":41}},"6":{"start":{"line":18,"column":36},"end":{"line":18,"column":40}},"7":{"start":{"line":21,"column":2},"end":{"line":31,"column":4}},"8":{"start":{"line":23,"column":19},"end":{"line":23,"column":45}},"9":{"start":{"line":24,"column":6},"end":{"line":24,"column":60}},"10":{"start":{"line":28,"column":19},"end":{"line":28,"column":46}},"11":{"start":{"line":29,"column":6},"end":{"line":29,"column":60}}},"fnMap":{"0":{"name":"getMediaLoaders","decl":{"start":{"line":7,"column":24},"end":{"line":7,"column":39}},"loc":{"start":{"line":7,"column":42},"end":{"line":32,"column":1}},"line":7},"1":{"name":"(anonymous_1)","decl":{"start":{"line":10,"column":37},"end":{"line":10,"column":38}},"loc":{"start":{"line":11,"column":4},"end":{"line":13,"column":41}},"line":11},"2":{"name":"(anonymous_2)","decl":{"start":{"line":13,"column":12},"end":{"line":13,"column":13}},"loc":{"start":{"line":13,"column":36},"end":{"line":13,"column":40}},"line":13},"3":{"name":"(anonymous_3)","decl":{"start":{"line":15,"column":36},"end":{"line":15,"column":37}},"loc":{"start":{"line":16,"column":4},"end":{"line":18,"column":41}},"line":16},"4":{"name":"(anonymous_4)","decl":{"start":{"line":18,"column":12},"end":{"line":18,"column":13}},"loc":{"start":{"line":18,"column":36},"end":{"line":18,"column":40}},"line":18},"5":{"name":"(anonymous_5)","decl":{"start":{"line":22,"column":10},"end":{"line":22,"column":11}},"loc":{"start":{"line":22,"column":22},"end":{"line":25,"column":5}},"line":22},"6":{"name":"(anonymous_6)","decl":{"start":{"line":27,"column":16},"end":{"line":27,"column":17}},"loc":{"start":{"line":27,"column":30},"end":{"line":30,"column":5}},"line":27}},"branchMap":{"0":{"loc":{"start":{"line":24,"column":13},"end":{"line":24,"column":59}},"type":"cond-expr","locations":[{"start":{"line":24,"column":20},"end":{"line":24,"column":52}},{"start":{"line":24,"column":55},"end":{"line":24,"column":59}}],"line":24},"1":{"loc":{"start":{"line":29,"column":13},"end":{"line":29,"column":59}},"type":"cond-expr","locations":[{"start":{"line":29,"column":20},"end":{"line":29,"column":52}},{"start":{"line":29,"column":55},"end":{"line":29,"column":59}}],"line":29}},"s":{"0":19,"1":19,"2":0,"3":0,"4":19,"5":0,"6":0,"7":19,"8":2,"9":2,"10":0,"11":0},"f":{"0":19,"1":0,"2":0,"3":0,"4":0,"5":2,"6":0},"b":{"0":[2,0],"1":[0,0]},"_coverageSchema":"332fd63041d2c1bcb487cc26dd0d5f7d97098a6c","hash":"f165564ac51dc85406b11c7673fadf3f008ea35b"}
,"/Users/scott/git/wp-graphql/src/data/loaders/NavMenu.js": {"path":"/Users/scott/git/wp-graphql/src/data/loaders/NavMenu.js","statementMap":{"0":{"start":{"line":8,"column":19},"end":{"line":8,"column":40}},"1":{"start":{"line":10,"column":24},"end":{"line":14,"column":3}},"2":{"start":{"line":11,"column":4},"end":{"line":13,"column":85}},"3":{"start":{"line":12,"column":36},"end":{"line":12,"column":40}},"4":{"start":{"line":13,"column":21},"end":{"line":13,"column":84}},"5":{"start":{"line":13,"column":35},"end":{"line":13,"column":83}},"6":{"start":{"line":13,"column":54},"end":{"line":13,"column":82}},"7":{"start":{"line":16,"column":2},"end":{"line":21,"column":4}},"8":{"start":{"line":18,"column":19},"end":{"line":18,"column":47}},"9":{"start":{"line":19,"column":6},"end":{"line":19,"column":62}}},"fnMap":{"0":{"name":"getNavMenuLoaders","decl":{"start":{"line":7,"column":24},"end":{"line":7,"column":41}},"loc":{"start":{"line":7,"column":44},"end":{"line":22,"column":1}},"line":7},"1":{"name":"(anonymous_1)","decl":{"start":{"line":10,"column":39},"end":{"line":10,"column":40}},"loc":{"start":{"line":11,"column":4},"end":{"line":13,"column":85}},"line":11},"2":{"name":"(anonymous_2)","decl":{"start":{"line":12,"column":12},"end":{"line":12,"column":13}},"loc":{"start":{"line":12,"column":36},"end":{"line":12,"column":40}},"line":12},"3":{"name":"(anonymous_3)","decl":{"start":{"line":13,"column":12},"end":{"line":13,"column":13}},"loc":{"start":{"line":13,"column":21},"end":{"line":13,"column":84}},"line":13},"4":{"name":"(anonymous_4)","decl":{"start":{"line":13,"column":29},"end":{"line":13,"column":30}},"loc":{"start":{"line":13,"column":35},"end":{"line":13,"column":83}},"line":13},"5":{"name":"(anonymous_5)","decl":{"start":{"line":13,"column":46},"end":{"line":13,"column":47}},"loc":{"start":{"line":13,"column":54},"end":{"line":13,"column":82}},"line":13},"6":{"name":"(anonymous_6)","decl":{"start":{"line":17,"column":10},"end":{"line":17,"column":11}},"loc":{"start":{"line":17,"column":22},"end":{"line":20,"column":5}},"line":17}},"branchMap":{"0":{"loc":{"start":{"line":19,"column":13},"end":{"line":19,"column":61}},"type":"cond-expr","locations":[{"start":{"line":19,"column":20},"end":{"line":19,"column":54}},{"start":{"line":19,"column":57},"end":{"line":19,"column":61}}],"line":19}},"s":{"0":19,"1":19,"2":0,"3":0,"4":0,"5":0,"6":0,"7":19,"8":1,"9":1},"f":{"0":19,"1":0,"2":0,"3":0,"4":0,"5":0,"6":1},"b":{"0":[1,0]},"_coverageSchema":"332fd63041d2c1bcb487cc26dd0d5f7d97098a6c","hash":"a0ba308fce21fede92b9b2eebf6077253c04b6cb"}
,"/Users/scott/git/wp-graphql/src/data/loaders/Page.js": {"path":"/Users/scott/git/wp-graphql/src/data/loaders/Page.js","statementMap":{"0":{"start":{"line":8,"column":19},"end":{"line":8,"column":37}},"1":{"start":{"line":11,"column":21},"end":{"line":20,"column":3}},"2":{"start":{"line":12,"column":4},"end":{"line":19,"column":6}},"3":{"start":{"line":15,"column":6},"end":{"line":17,"column":9}},"4":{"start":{"line":16,"column":8},"end":{"line":16,"column":42}},"5":{"start":{"line":18,"column":6},"end":{"line":18,"column":19}},"6":{"start":{"line":21,"column":2},"end":{"line":32,"column":4}},"7":{"start":{"line":22,"column":4},"end":{"line":31,"column":8}},"8":{"start":{"line":23,"column":36},"end":{"line":23,"column":40}},"9":{"start":{"line":25,"column":21},"end":{"line":25,"column":78}},"10":{"start":{"line":25,"column":39},"end":{"line":25,"column":77}},"11":{"start":{"line":25,"column":58},"end":{"line":25,"column":76}},"12":{"start":{"line":27,"column":8},"end":{"line":29,"column":11}},"13":{"start":{"line":28,"column":10},"end":{"line":28,"column":42}},"14":{"start":{"line":30,"column":8},"end":{"line":30,"column":21}},"15":{"start":{"line":33,"column":2},"end":{"line":42,"column":4}},"16":{"start":{"line":35,"column":19},"end":{"line":35,"column":44}},"17":{"start":{"line":36,"column":6},"end":{"line":36,"column":59}},"18":{"start":{"line":39,"column":19},"end":{"line":39,"column":46}},"19":{"start":{"line":40,"column":6},"end":{"line":40,"column":59}}},"fnMap":{"0":{"name":"getPageLoaders","decl":{"start":{"line":7,"column":24},"end":{"line":7,"column":38}},"loc":{"start":{"line":7,"column":41},"end":{"line":43,"column":1}},"line":7},"1":{"name":"(anonymous_1)","decl":{"start":{"line":11,"column":36},"end":{"line":11,"column":37}},"loc":{"start":{"line":12,"column":4},"end":{"line":19,"column":6}},"line":12},"2":{"name":"(anonymous_2)","decl":{"start":{"line":14,"column":12},"end":{"line":14,"column":13}},"loc":{"start":{"line":14,"column":43},"end":{"line":19,"column":5}},"line":14},"3":{"name":"(anonymous_3)","decl":{"start":{"line":15,"column":20},"end":{"line":15,"column":21}},"loc":{"start":{"line":15,"column":28},"end":{"line":17,"column":7}},"line":15},"4":{"name":"(anonymous_4)","decl":{"start":{"line":21,"column":30},"end":{"line":21,"column":31}},"loc":{"start":{"line":22,"column":4},"end":{"line":31,"column":8}},"line":22},"5":{"name":"(anonymous_5)","decl":{"start":{"line":23,"column":12},"end":{"line":23,"column":13}},"loc":{"start":{"line":23,"column":36},"end":{"line":23,"column":40}},"line":23},"6":{"name":"(anonymous_6)","decl":{"start":{"line":25,"column":12},"end":{"line":25,"column":13}},"loc":{"start":{"line":25,"column":21},"end":{"line":25,"column":78}},"line":25},"7":{"name":"(anonymous_7)","decl":{"start":{"line":25,"column":31},"end":{"line":25,"column":32}},"loc":{"start":{"line":25,"column":39},"end":{"line":25,"column":77}},"line":25},"8":{"name":"(anonymous_8)","decl":{"start":{"line":25,"column":50},"end":{"line":25,"column":51}},"loc":{"start":{"line":25,"column":58},"end":{"line":25,"column":76}},"line":25},"9":{"name":"(anonymous_9)","decl":{"start":{"line":26,"column":12},"end":{"line":26,"column":13}},"loc":{"start":{"line":26,"column":21},"end":{"line":31,"column":7}},"line":26},"10":{"name":"(anonymous_10)","decl":{"start":{"line":27,"column":22},"end":{"line":27,"column":23}},"loc":{"start":{"line":27,"column":30},"end":{"line":29,"column":9}},"line":27},"11":{"name":"(anonymous_11)","decl":{"start":{"line":34,"column":10},"end":{"line":34,"column":11}},"loc":{"start":{"line":34,"column":22},"end":{"line":37,"column":5}},"line":34},"12":{"name":"(anonymous_12)","decl":{"start":{"line":38,"column":16},"end":{"line":38,"column":17}},"loc":{"start":{"line":38,"column":30},"end":{"line":41,"column":5}},"line":38}},"branchMap":{"0":{"loc":{"start":{"line":36,"column":13},"end":{"line":36,"column":58}},"type":"cond-expr","locations":[{"start":{"line":36,"column":20},"end":{"line":36,"column":51}},{"start":{"line":36,"column":54},"end":{"line":36,"column":58}}],"line":36},"1":{"loc":{"start":{"line":40,"column":13},"end":{"line":40,"column":58}},"type":"cond-expr","locations":[{"start":{"line":40,"column":20},"end":{"line":40,"column":51}},{"start":{"line":40,"column":54},"end":{"line":40,"column":58}}],"line":40}},"s":{"0":19,"1":19,"2":0,"3":0,"4":0,"5":0,"6":19,"7":0,"8":0,"9":0,"10":0,"11":0,"12":0,"13":0,"14":0,"15":19,"16":2,"17":2,"18":1,"19":1},"f":{"0":19,"1":0,"2":0,"3":0,"4":0,"5":0,"6":0,"7":0,"8":0,"9":0,"10":0,"11":2,"12":1},"b":{"0":[2,0],"1":[1,0]},"_coverageSchema":"332fd63041d2c1bcb487cc26dd0d5f7d97098a6c","hash":"98f79d436a67d9ac43d750132bd4c2bbd777c8d9"}
,"/Users/scott/git/wp-graphql/src/data/loaders/Post.js": {"path":"/Users/scott/git/wp-graphql/src/data/loaders/Post.js","statementMap":{"0":{"start":{"line":8,"column":19},"end":{"line":8,"column":37}},"1":{"start":{"line":11,"column":21},"end":{"line":20,"column":3}},"2":{"start":{"line":12,"column":4},"end":{"line":19,"column":6}},"3":{"start":{"line":15,"column":6},"end":{"line":17,"column":9}},"4":{"start":{"line":16,"column":8},"end":{"line":16,"column":42}},"5":{"start":{"line":18,"column":6},"end":{"line":18,"column":19}},"6":{"start":{"line":21,"column":2},"end":{"line":30,"column":4}},"7":{"start":{"line":22,"column":4},"end":{"line":29,"column":6}},"8":{"start":{"line":25,"column":6},"end":{"line":27,"column":9}},"9":{"start":{"line":26,"column":8},"end":{"line":26,"column":40}},"10":{"start":{"line":28,"column":6},"end":{"line":28,"column":19}},"11":{"start":{"line":32,"column":2},"end":{"line":41,"column":4}},"12":{"start":{"line":34,"column":19},"end":{"line":34,"column":44}},"13":{"start":{"line":35,"column":6},"end":{"line":35,"column":59}},"14":{"start":{"line":38,"column":19},"end":{"line":38,"column":46}},"15":{"start":{"line":39,"column":6},"end":{"line":39,"column":59}}},"fnMap":{"0":{"name":"getPostLoaders","decl":{"start":{"line":7,"column":24},"end":{"line":7,"column":38}},"loc":{"start":{"line":7,"column":41},"end":{"line":42,"column":1}},"line":7},"1":{"name":"(anonymous_1)","decl":{"start":{"line":11,"column":36},"end":{"line":11,"column":37}},"loc":{"start":{"line":12,"column":4},"end":{"line":19,"column":6}},"line":12},"2":{"name":"(anonymous_2)","decl":{"start":{"line":14,"column":12},"end":{"line":14,"column":13}},"loc":{"start":{"line":14,"column":43},"end":{"line":19,"column":5}},"line":14},"3":{"name":"(anonymous_3)","decl":{"start":{"line":15,"column":20},"end":{"line":15,"column":21}},"loc":{"start":{"line":15,"column":28},"end":{"line":17,"column":7}},"line":15},"4":{"name":"(anonymous_4)","decl":{"start":{"line":21,"column":30},"end":{"line":21,"column":31}},"loc":{"start":{"line":22,"column":4},"end":{"line":29,"column":6}},"line":22},"5":{"name":"(anonymous_5)","decl":{"start":{"line":24,"column":12},"end":{"line":24,"column":13}},"loc":{"start":{"line":24,"column":43},"end":{"line":29,"column":5}},"line":24},"6":{"name":"(anonymous_6)","decl":{"start":{"line":25,"column":20},"end":{"line":25,"column":21}},"loc":{"start":{"line":25,"column":28},"end":{"line":27,"column":7}},"line":25},"7":{"name":"(anonymous_7)","decl":{"start":{"line":33,"column":10},"end":{"line":33,"column":11}},"loc":{"start":{"line":33,"column":22},"end":{"line":36,"column":5}},"line":33},"8":{"name":"(anonymous_8)","decl":{"start":{"line":37,"column":16},"end":{"line":37,"column":17}},"loc":{"start":{"line":37,"column":30},"end":{"line":40,"column":5}},"line":37}},"branchMap":{"0":{"loc":{"start":{"line":35,"column":13},"end":{"line":35,"column":58}},"type":"cond-expr","locations":[{"start":{"line":35,"column":20},"end":{"line":35,"column":51}},{"start":{"line":35,"column":54},"end":{"line":35,"column":58}}],"line":35},"1":{"loc":{"start":{"line":39,"column":13},"end":{"line":39,"column":58}},"type":"cond-expr","locations":[{"start":{"line":39,"column":20},"end":{"line":39,"column":51}},{"start":{"line":39,"column":54},"end":{"line":39,"column":58}}],"line":39}},"s":{"0":19,"1":19,"2":0,"3":0,"4":0,"5":0,"6":19,"7":0,"8":0,"9":0,"10":0,"11":19,"12":2,"13":2,"14":2,"15":2},"f":{"0":19,"1":0,"2":0,"3":0,"4":0,"5":0,"6":0,"7":2,"8":2},"b":{"0":[2,0],"1":[2,0]},"_coverageSchema":"332fd63041d2c1bcb487cc26dd0d5f7d97098a6c","hash":"ec577e0d4799d793c5cc84204d9f051dcd04349a"}
,"/Users/scott/git/wp-graphql/src/data/loaders/Settings.js": {"path":"/Users/scott/git/wp-graphql/src/data/loaders/Settings.js","statementMap":{"0":{"start":{"line":9,"column":19},"end":{"line":9,"column":41}},"1":{"start":{"line":11,"column":25},"end":{"line":17,"column":3}},"2":{"start":{"line":12,"column":4},"end":{"line":16,"column":5}},"3":{"start":{"line":14,"column":8},"end":{"line":14,"column":66}},"4":{"start":{"line":14,"column":61},"end":{"line":14,"column":65}},"5":{"start":{"line":19,"column":2},"end":{"line":24,"column":4}},"6":{"start":{"line":21,"column":23},"end":{"line":21,"column":58}},"7":{"start":{"line":22,"column":6},"end":{"line":22,"column":71}}},"fnMap":{"0":{"name":"getSettingsLoaders","decl":{"start":{"line":7,"column":24},"end":{"line":7,"column":42}},"loc":{"start":{"line":7,"column":45},"end":{"line":25,"column":1}},"line":7},"1":{"name":"(anonymous_1)","decl":{"start":{"line":11,"column":40},"end":{"line":11,"column":41}},"loc":{"start":{"line":12,"column":4},"end":{"line":16,"column":5}},"line":12},"2":{"name":"(anonymous_2)","decl":{"start":{"line":13,"column":24},"end":{"line":13,"column":25}},"loc":{"start":{"line":14,"column":8},"end":{"line":14,"column":66}},"line":14},"3":{"name":"(anonymous_3)","decl":{"start":{"line":14,"column":37},"end":{"line":14,"column":38}},"loc":{"start":{"line":14,"column":61},"end":{"line":14,"column":65}},"line":14},"4":{"name":"(anonymous_4)","decl":{"start":{"line":20,"column":10},"end":{"line":20,"column":11}},"loc":{"start":{"line":20,"column":22},"end":{"line":23,"column":5}},"line":20}},"branchMap":{"0":{"loc":{"start":{"line":22,"column":13},"end":{"line":22,"column":70}},"type":"cond-expr","locations":[{"start":{"line":22,"column":24},"end":{"line":22,"column":63}},{"start":{"line":22,"column":66},"end":{"line":22,"column":70}}],"line":22}},"s":{"0":19,"1":19,"2":0,"3":0,"4":0,"5":19,"6":2,"7":2},"f":{"0":19,"1":0,"2":0,"3":0,"4":2},"b":{"0":[2,0]},"_coverageSchema":"332fd63041d2c1bcb487cc26dd0d5f7d97098a6c","hash":"21cbc47f6ea49c0fcdfba455ed8e061030cee52b"}
,"/Users/scott/git/wp-graphql/src/data/loaders/Sidebar.js": {"path":"/Users/scott/git/wp-graphql/src/data/loaders/Sidebar.js","statementMap":{"0":{"start":{"line":8,"column":19},"end":{"line":8,"column":40}},"1":{"start":{"line":10,"column":24},"end":{"line":14,"column":3}},"2":{"start":{"line":11,"column":4},"end":{"line":13,"column":5}},"3":{"start":{"line":12,"column":6},"end":{"line":12,"column":56}},"4":{"start":{"line":12,"column":22},"end":{"line":12,"column":55}},"5":{"start":{"line":12,"column":40},"end":{"line":12,"column":54}},"6":{"start":{"line":16,"column":2},"end":{"line":21,"column":4}},"7":{"start":{"line":18,"column":19},"end":{"line":18,"column":47}},"8":{"start":{"line":19,"column":6},"end":{"line":19,"column":62}}},"fnMap":{"0":{"name":"getSidebarLoaders","decl":{"start":{"line":7,"column":24},"end":{"line":7,"column":41}},"loc":{"start":{"line":7,"column":44},"end":{"line":22,"column":1}},"line":7},"1":{"name":"(anonymous_1)","decl":{"start":{"line":10,"column":39},"end":{"line":10,"column":40}},"loc":{"start":{"line":11,"column":4},"end":{"line":13,"column":5}},"line":11},"2":{"name":"(anonymous_2)","decl":{"start":{"line":11,"column":29},"end":{"line":11,"column":30}},"loc":{"start":{"line":12,"column":6},"end":{"line":12,"column":56}},"line":12},"3":{"name":"(anonymous_3)","decl":{"start":{"line":12,"column":16},"end":{"line":12,"column":17}},"loc":{"start":{"line":12,"column":22},"end":{"line":12,"column":55}},"line":12},"4":{"name":"(anonymous_4)","decl":{"start":{"line":12,"column":32},"end":{"line":12,"column":33}},"loc":{"start":{"line":12,"column":40},"end":{"line":12,"column":54}},"line":12},"5":{"name":"(anonymous_5)","decl":{"start":{"line":17,"column":10},"end":{"line":17,"column":11}},"loc":{"start":{"line":17,"column":22},"end":{"line":20,"column":5}},"line":17}},"branchMap":{"0":{"loc":{"start":{"line":19,"column":13},"end":{"line":19,"column":61}},"type":"cond-expr","locations":[{"start":{"line":19,"column":20},"end":{"line":19,"column":54}},{"start":{"line":19,"column":57},"end":{"line":19,"column":61}}],"line":19}},"s":{"0":19,"1":19,"2":0,"3":0,"4":0,"5":0,"6":19,"7":1,"8":1},"f":{"0":19,"1":0,"2":0,"3":0,"4":0,"5":1},"b":{"0":[1,0]},"_coverageSchema":"332fd63041d2c1bcb487cc26dd0d5f7d97098a6c","hash":"1431de22f29656e99d373eafddadc41280dcd6d2"}
,"/Users/scott/git/wp-graphql/src/data/loaders/Tag.js": {"path":"/Users/scott/git/wp-graphql/src/data/loaders/Tag.js","statementMap":{"0":{"start":{"line":8,"column":19},"end":{"line":8,"column":36}},"1":{"start":{"line":10,"column":20},"end":{"line":14,"column":3}},"2":{"start":{"line":11,"column":4},"end":{"line":13,"column":41}},"3":{"start":{"line":13,"column":36},"end":{"line":13,"column":40}},"4":{"start":{"line":15,"column":21},"end":{"line":20,"column":3}},"5":{"start":{"line":16,"column":4},"end":{"line":19,"column":75}},"6":{"start":{"line":17,"column":36},"end":{"line":17,"column":40}},"7":{"start":{"line":19,"column":20},"end":{"line":19,"column":74}},"8":{"start":{"line":19,"column":38},"end":{"line":19,"column":73}},"9":{"start":{"line":19,"column":55},"end":{"line":19,"column":72}},"10":{"start":{"line":22,"column":2},"end":{"line":37,"column":4}},"11":{"start":{"line":24,"column":19},"end":{"line":24,"column":43}},"12":{"start":{"line":25,"column":6},"end":{"line":25,"column":58}},"13":{"start":{"line":29,"column":19},"end":{"line":29,"column":48}},"14":{"start":{"line":30,"column":6},"end":{"line":30,"column":78}},"15":{"start":{"line":30,"column":38},"end":{"line":30,"column":69}},"16":{"start":{"line":34,"column":19},"end":{"line":34,"column":46}},"17":{"start":{"line":35,"column":6},"end":{"line":35,"column":58}}},"fnMap":{"0":{"name":"getTagLoaders","decl":{"start":{"line":7,"column":24},"end":{"line":7,"column":37}},"loc":{"start":{"line":7,"column":40},"end":{"line":38,"column":1}},"line":7},"1":{"name":"(anonymous_1)","decl":{"start":{"line":10,"column":35},"end":{"line":10,"column":36}},"loc":{"start":{"line":11,"column":4},"end":{"line":13,"column":41}},"line":11},"2":{"name":"(anonymous_2)","decl":{"start":{"line":13,"column":12},"end":{"line":13,"column":13}},"loc":{"start":{"line":13,"column":36},"end":{"line":13,"column":40}},"line":13},"3":{"name":"(anonymous_3)","decl":{"start":{"line":15,"column":36},"end":{"line":15,"column":37}},"loc":{"start":{"line":16,"column":4},"end":{"line":19,"column":75}},"line":16},"4":{"name":"(anonymous_4)","decl":{"start":{"line":17,"column":12},"end":{"line":17,"column":13}},"loc":{"start":{"line":17,"column":36},"end":{"line":17,"column":40}},"line":17},"5":{"name":"(anonymous_5)","decl":{"start":{"line":19,"column":12},"end":{"line":19,"column":13}},"loc":{"start":{"line":19,"column":20},"end":{"line":19,"column":74}},"line":19},"6":{"name":"(anonymous_6)","decl":{"start":{"line":19,"column":30},"end":{"line":19,"column":31}},"loc":{"start":{"line":19,"column":38},"end":{"line":19,"column":73}},"line":19},"7":{"name":"(anonymous_7)","decl":{"start":{"line":19,"column":48},"end":{"line":19,"column":49}},"loc":{"start":{"line":19,"column":55},"end":{"line":19,"column":72}},"line":19},"8":{"name":"(anonymous_8)","decl":{"start":{"line":23,"column":10},"end":{"line":23,"column":11}},"loc":{"start":{"line":23,"column":22},"end":{"line":26,"column":5}},"line":23},"9":{"name":"(anonymous_9)","decl":{"start":{"line":28,"column":14},"end":{"line":28,"column":15}},"loc":{"start":{"line":28,"column":27},"end":{"line":31,"column":5}},"line":28},"10":{"name":"(anonymous_10)","decl":{"start":{"line":30,"column":29},"end":{"line":30,"column":30}},"loc":{"start":{"line":30,"column":38},"end":{"line":30,"column":69}},"line":30},"11":{"name":"(anonymous_11)","decl":{"start":{"line":33,"column":16},"end":{"line":33,"column":17}},"loc":{"start":{"line":33,"column":30},"end":{"line":36,"column":5}},"line":33}},"branchMap":{"0":{"loc":{"start":{"line":25,"column":13},"end":{"line":25,"column":57}},"type":"cond-expr","locations":[{"start":{"line":25,"column":20},"end":{"line":25,"column":50}},{"start":{"line":25,"column":53},"end":{"line":25,"column":57}}],"line":25},"1":{"loc":{"start":{"line":30,"column":13},"end":{"line":30,"column":77}},"type":"cond-expr","locations":[{"start":{"line":30,"column":20},"end":{"line":30,"column":70}},{"start":{"line":30,"column":73},"end":{"line":30,"column":77}}],"line":30},"2":{"loc":{"start":{"line":35,"column":13},"end":{"line":35,"column":57}},"type":"cond-expr","locations":[{"start":{"line":35,"column":20},"end":{"line":35,"column":50}},{"start":{"line":35,"column":53},"end":{"line":35,"column":57}}],"line":35}},"s":{"0":19,"1":19,"2":0,"3":0,"4":19,"5":0,"6":0,"7":0,"8":0,"9":0,"10":19,"11":1,"12":1,"13":2,"14":2,"15":3,"16":2,"17":2},"f":{"0":19,"1":0,"2":0,"3":0,"4":0,"5":0,"6":0,"7":0,"8":1,"9":2,"10":3,"11":2},"b":{"0":[1,0],"1":[2,0],"2":[2,0]},"_coverageSchema":"332fd63041d2c1bcb487cc26dd0d5f7d97098a6c","hash":"63e04f4fd85486d45723ec239e14b077e39b5c8f"}
,"/Users/scott/git/wp-graphql/src/data/loaders/Taxonomy.js": {"path":"/Users/scott/git/wp-graphql/src/data/loaders/Taxonomy.js","statementMap":{"0":{"start":{"line":9,"column":19},"end":{"line":9,"column":41}},"1":{"start":{"line":11,"column":25},"end":{"line":13,"column":3}},"2":{"start":{"line":12,"column":4},"end":{"line":12,"column":83}},"3":{"start":{"line":12,"column":53},"end":{"line":12,"column":82}},"4":{"start":{"line":12,"column":71},"end":{"line":12,"column":81}},"5":{"start":{"line":15,"column":2},"end":{"line":20,"column":4}},"6":{"start":{"line":17,"column":19},"end":{"line":17,"column":50}},"7":{"start":{"line":18,"column":6},"end":{"line":18,"column":63}}},"fnMap":{"0":{"name":"getTaxonomyLoaders","decl":{"start":{"line":7,"column":24},"end":{"line":7,"column":42}},"loc":{"start":{"line":7,"column":45},"end":{"line":21,"column":1}},"line":7},"1":{"name":"(anonymous_1)","decl":{"start":{"line":11,"column":40},"end":{"line":11,"column":41}},"loc":{"start":{"line":12,"column":4},"end":{"line":12,"column":83}},"line":12},"2":{"name":"(anonymous_2)","decl":{"start":{"line":12,"column":29},"end":{"line":12,"column":30}},"loc":{"start":{"line":12,"column":53},"end":{"line":12,"column":82}},"line":12},"3":{"name":"(anonymous_3)","decl":{"start":{"line":12,"column":63},"end":{"line":12,"column":64}},"loc":{"start":{"line":12,"column":71},"end":{"line":12,"column":81}},"line":12},"4":{"name":"(anonymous_4)","decl":{"start":{"line":16,"column":10},"end":{"line":16,"column":11}},"loc":{"start":{"line":16,"column":24},"end":{"line":19,"column":5}},"line":16}},"branchMap":{"0":{"loc":{"start":{"line":18,"column":13},"end":{"line":18,"column":62}},"type":"cond-expr","locations":[{"start":{"line":18,"column":20},"end":{"line":18,"column":55}},{"start":{"line":18,"column":58},"end":{"line":18,"column":62}}],"line":18}},"s":{"0":19,"1":19,"2":0,"3":0,"4":0,"5":19,"6":2,"7":2},"f":{"0":19,"1":0,"2":0,"3":0,"4":2},"b":{"0":[2,0]},"_coverageSchema":"332fd63041d2c1bcb487cc26dd0d5f7d97098a6c","hash":"68dcf5d7aea49692aadcf500d366ddf06bc526a6"}
,"/Users/scott/git/wp-graphql/src/data/loaders/User.js": {"path":"/Users/scott/git/wp-graphql/src/data/loaders/User.js","statementMap":{"0":{"start":{"line":8,"column":19},"end":{"line":8,"column":37}},"1":{"start":{"line":11,"column":21},"end":{"line":20,"column":3}},"2":{"start":{"line":12,"column":4},"end":{"line":19,"column":6}},"3":{"start":{"line":15,"column":6},"end":{"line":17,"column":9}},"4":{"start":{"line":16,"column":8},"end":{"line":16,"column":42}},"5":{"start":{"line":18,"column":6},"end":{"line":18,"column":19}},"6":{"start":{"line":21,"column":2},"end":{"line":32,"column":4}},"7":{"start":{"line":22,"column":4},"end":{"line":31,"column":8}},"8":{"start":{"line":23,"column":36},"end":{"line":23,"column":40}},"9":{"start":{"line":25,"column":21},"end":{"line":25,"column":78}},"10":{"start":{"line":25,"column":39},"end":{"line":25,"column":77}},"11":{"start":{"line":25,"column":58},"end":{"line":25,"column":76}},"12":{"start":{"line":27,"column":8},"end":{"line":29,"column":11}},"13":{"start":{"line":28,"column":10},"end":{"line":28,"column":42}},"14":{"start":{"line":30,"column":8},"end":{"line":30,"column":21}},"15":{"start":{"line":34,"column":2},"end":{"line":44,"column":4}},"16":{"start":{"line":36,"column":19},"end":{"line":36,"column":44}},"17":{"start":{"line":37,"column":6},"end":{"line":37,"column":59}},"18":{"start":{"line":41,"column":19},"end":{"line":41,"column":46}},"19":{"start":{"line":42,"column":6},"end":{"line":42,"column":59}}},"fnMap":{"0":{"name":"getUserLoaders","decl":{"start":{"line":7,"column":24},"end":{"line":7,"column":38}},"loc":{"start":{"line":7,"column":41},"end":{"line":45,"column":1}},"line":7},"1":{"name":"(anonymous_1)","decl":{"start":{"line":11,"column":36},"end":{"line":11,"column":37}},"loc":{"start":{"line":12,"column":4},"end":{"line":19,"column":6}},"line":12},"2":{"name":"(anonymous_2)","decl":{"start":{"line":14,"column":12},"end":{"line":14,"column":13}},"loc":{"start":{"line":14,"column":43},"end":{"line":19,"column":5}},"line":14},"3":{"name":"(anonymous_3)","decl":{"start":{"line":15,"column":20},"end":{"line":15,"column":21}},"loc":{"start":{"line":15,"column":28},"end":{"line":17,"column":7}},"line":15},"4":{"name":"(anonymous_4)","decl":{"start":{"line":21,"column":30},"end":{"line":21,"column":31}},"loc":{"start":{"line":22,"column":4},"end":{"line":31,"column":8}},"line":22},"5":{"name":"(anonymous_5)","decl":{"start":{"line":23,"column":12},"end":{"line":23,"column":13}},"loc":{"start":{"line":23,"column":36},"end":{"line":23,"column":40}},"line":23},"6":{"name":"(anonymous_6)","decl":{"start":{"line":25,"column":12},"end":{"line":25,"column":13}},"loc":{"start":{"line":25,"column":21},"end":{"line":25,"column":78}},"line":25},"7":{"name":"(anonymous_7)","decl":{"start":{"line":25,"column":31},"end":{"line":25,"column":32}},"loc":{"start":{"line":25,"column":39},"end":{"line":25,"column":77}},"line":25},"8":{"name":"(anonymous_8)","decl":{"start":{"line":25,"column":50},"end":{"line":25,"column":51}},"loc":{"start":{"line":25,"column":58},"end":{"line":25,"column":76}},"line":25},"9":{"name":"(anonymous_9)","decl":{"start":{"line":26,"column":12},"end":{"line":26,"column":13}},"loc":{"start":{"line":26,"column":21},"end":{"line":31,"column":7}},"line":26},"10":{"name":"(anonymous_10)","decl":{"start":{"line":27,"column":22},"end":{"line":27,"column":23}},"loc":{"start":{"line":27,"column":30},"end":{"line":29,"column":9}},"line":27},"11":{"name":"(anonymous_11)","decl":{"start":{"line":35,"column":10},"end":{"line":35,"column":11}},"loc":{"start":{"line":35,"column":22},"end":{"line":38,"column":5}},"line":35},"12":{"name":"(anonymous_12)","decl":{"start":{"line":40,"column":16},"end":{"line":40,"column":17}},"loc":{"start":{"line":40,"column":30},"end":{"line":43,"column":5}},"line":40}},"branchMap":{"0":{"loc":{"start":{"line":37,"column":13},"end":{"line":37,"column":58}},"type":"cond-expr","locations":[{"start":{"line":37,"column":20},"end":{"line":37,"column":51}},{"start":{"line":37,"column":54},"end":{"line":37,"column":58}}],"line":37},"1":{"loc":{"start":{"line":42,"column":13},"end":{"line":42,"column":58}},"type":"cond-expr","locations":[{"start":{"line":42,"column":20},"end":{"line":42,"column":51}},{"start":{"line":42,"column":54},"end":{"line":42,"column":58}}],"line":42}},"s":{"0":19,"1":19,"2":0,"3":0,"4":0,"5":0,"6":19,"7":0,"8":0,"9":0,"10":0,"11":0,"12":0,"13":0,"14":0,"15":19,"16":2,"17":2,"18":1,"19":1},"f":{"0":19,"1":0,"2":0,"3":0,"4":0,"5":0,"6":0,"7":0,"8":0,"9":0,"10":0,"11":2,"12":1},"b":{"0":[2,0],"1":[1,0]},"_coverageSchema":"332fd63041d2c1bcb487cc26dd0d5f7d97098a6c","hash":"31442c54e14167582b67f1ff4587a3dd7dea60e4"}
,"/Users/scott/git/wp-graphql/src/data/loaders/index.js": {"path":"/Users/scott/git/wp-graphql/src/data/loaders/index.js","statementMap":{"0":{"start":{"line":15,"column":2},"end":{"line":28,"column":4}}},"fnMap":{"0":{"name":"getLoaders","decl":{"start":{"line":14,"column":24},"end":{"line":14,"column":34}},"loc":{"start":{"line":14,"column":37},"end":{"line":29,"column":1}},"line":14}},"branchMap":{},"s":{"0":18},"f":{"0":18},"b":{},"_coverageSchema":"332fd63041d2c1bcb487cc26dd0d5f7d97098a6c","hash":"11ff606d0b13630efe19a662bc46e957d1de9885"}
,"/Users/scott/git/wp-graphql/src/schema/index.js": {"path":"/Users/scott/git/wp-graphql/src/schema/index.js","statementMap":{"0":{"start":{"line":5,"column":15},"end":{"line":8,"column":2}}},"fnMap":{},"branchMap":{},"s":{"0":1},"f":{},"b":{},"_coverageSchema":"332fd63041d2c1bcb487cc26dd0d5f7d97098a6c","hash":"f653e71727b0e1f15b67d48eb600d77a86b4a8a4"}
,"/Users/scott/git/wp-graphql/src/schema/connection/Comment.js": {"path":"/Users/scott/git/wp-graphql/src/schema/connection/Comment.js","statementMap":{"0":{"start":{"line":13,"column":46},"end":{"line":15,"column":2}},"1":{"start":{"line":40,"column":32},"end":{"line":40,"column":34}},"2":{"start":{"line":41,"column":19},"end":{"line":41,"column":42}},"3":{"start":{"line":42,"column":4},"end":{"line":51,"column":5}},"4":{"start":{"line":43,"column":6},"end":{"line":43,"column":37}},"5":{"start":{"line":44,"column":6},"end":{"line":44,"column":47}},"6":{"start":{"line":45,"column":6},"end":{"line":45,"column":27}},"7":{"start":{"line":46,"column":11},"end":{"line":51,"column":5}},"8":{"start":{"line":47,"column":6},"end":{"line":47,"column":36}},"9":{"start":{"line":48,"column":6},"end":{"line":48,"column":45}},"10":{"start":{"line":50,"column":6},"end":{"line":50,"column":28}},"11":{"start":{"line":53,"column":4},"end":{"line":58,"column":5}},"12":{"start":{"line":54,"column":6},"end":{"line":54,"column":49}},"13":{"start":{"line":55,"column":11},"end":{"line":58,"column":5}},"14":{"start":{"line":56,"column":6},"end":{"line":56,"column":77}},"15":{"start":{"line":56,"column":68},"end":{"line":56,"column":75}},"16":{"start":{"line":57,"column":6},"end":{"line":57,"column":25}},"17":{"start":{"line":60,"column":4},"end":{"line":60,"column":24}},"18":{"start":{"line":61,"column":4},"end":{"line":61,"column":23}},"19":{"start":{"line":62,"column":4},"end":{"line":62,"column":24}},"20":{"start":{"line":63,"column":4},"end":{"line":63,"column":25}},"21":{"start":{"line":65,"column":4},"end":{"line":70,"column":6}},"22":{"start":{"line":66,"column":6},"end":{"line":69,"column":8}}},"fnMap":{"0":{"name":"(anonymous_0)","decl":{"start":{"line":39,"column":11},"end":{"line":39,"column":12}},"loc":{"start":{"line":39,"column":80},"end":{"line":71,"column":3}},"line":39},"1":{"name":"(anonymous_1)","decl":{"start":{"line":56,"column":60},"end":{"line":56,"column":61}},"loc":{"start":{"line":56,"column":68},"end":{"line":56,"column":75}},"line":56},"2":{"name":"(anonymous_2)","decl":{"start":{"line":65,"column":43},"end":{"line":65,"column":44}},"loc":{"start":{"line":66,"column":6},"end":{"line":69,"column":8}},"line":66}},"branchMap":{"0":{"loc":{"start":{"line":42,"column":4},"end":{"line":51,"column":5}},"type":"if","locations":[{"start":{"line":42,"column":4},"end":{"line":51,"column":5}},{"start":{"line":42,"column":4},"end":{"line":51,"column":5}}],"line":42},"1":{"loc":{"start":{"line":46,"column":11},"end":{"line":51,"column":5}},"type":"if","locations":[{"start":{"line":46,"column":11},"end":{"line":51,"column":5}},{"start":{"line":46,"column":11},"end":{"line":51,"column":5}}],"line":46},"2":{"loc":{"start":{"line":53,"column":4},"end":{"line":58,"column":5}},"type":"if","locations":[{"start":{"line":53,"column":4},"end":{"line":58,"column":5}},{"start":{"line":53,"column":4},"end":{"line":58,"column":5}}],"line":53},"3":{"loc":{"start":{"line":55,"column":11},"end":{"line":58,"column":5}},"type":"if","locations":[{"start":{"line":55,"column":11},"end":{"line":58,"column":5}},{"start":{"line":55,"column":11},"end":{"line":58,"column":5}}],"line":55},"4":{"loc":{"start":{"line":67,"column":21},"end":{"line":67,"column":63}},"type":"cond-expr","locations":[{"start":{"line":67,"column":29},"end":{"line":67,"column":48}},{"start":{"line":67,"column":51},"end":{"line":67,"column":63}}],"line":67},"5":{"loc":{"start":{"line":68,"column":20},"end":{"line":68,"column":38}},"type":"binary-expr","locations":[{"start":{"line":68,"column":20},"end":{"line":68,"column":33}},{"start":{"line":68,"column":37},"end":{"line":68,"column":38}}],"line":68}},"s":{"0":4,"1":0,"2":0,"3":0,"4":0,"5":0,"6":0,"7":0,"8":0,"9":0,"10":0,"11":0,"12":0,"13":0,"14":0,"15":0,"16":0,"17":0,"18":0,"19":0,"20":0,"21":0,"22":0},"f":{"0":0,"1":0,"2":0},"b":{"0":[0,0],"1":[0,0],"2":[0,0],"3":[0,0],"4":[0,0],"5":[0,0]},"_coverageSchema":"332fd63041d2c1bcb487cc26dd0d5f7d97098a6c","hash":"b802e5e8eda1a3eb84d0737ad22bbd29c44ff38c"}
,"/Users/scott/git/wp-graphql/src/schema/connection/Post.js": {"path":"/Users/scott/git/wp-graphql/src/schema/connection/Post.js","statementMap":{"0":{"start":{"line":14,"column":43},"end":{"line":16,"column":2}},"1":{"start":{"line":95,"column":32},"end":{"line":95,"column":34}},"2":{"start":{"line":96,"column":19},"end":{"line":96,"column":42}},"3":{"start":{"line":97,"column":4},"end":{"line":99,"column":5}},"4":{"start":{"line":98,"column":6},"end":{"line":98,"column":18}},"5":{"start":{"line":101,"column":4},"end":{"line":106,"column":5}},"6":{"start":{"line":102,"column":6},"end":{"line":102,"column":37}},"7":{"start":{"line":103,"column":6},"end":{"line":103,"column":47}},"8":{"start":{"line":105,"column":6},"end":{"line":105,"column":27}},"9":{"start":{"line":108,"column":4},"end":{"line":110,"column":5}},"10":{"start":{"line":109,"column":6},"end":{"line":109,"column":55}},"11":{"start":{"line":112,"column":22},"end":{"line":120,"column":5}},"12":{"start":{"line":113,"column":6},"end":{"line":119,"column":7}},"13":{"start":{"line":114,"column":8},"end":{"line":116,"column":9}},"14":{"start":{"line":115,"column":10},"end":{"line":115,"column":29}},"15":{"start":{"line":117,"column":8},"end":{"line":117,"column":52}},"16":{"start":{"line":118,"column":8},"end":{"line":118,"column":27}},"17":{"start":{"line":122,"column":4},"end":{"line":133,"column":5}},"18":{"start":{"line":123,"column":6},"end":{"line":127,"column":7}},"19":{"start":{"line":124,"column":8},"end":{"line":124,"column":43}},"20":{"start":{"line":125,"column":13},"end":{"line":127,"column":7}},"21":{"start":{"line":126,"column":8},"end":{"line":126,"column":33}},"22":{"start":{"line":130,"column":6},"end":{"line":130,"column":45}},"23":{"start":{"line":132,"column":6},"end":{"line":132,"column":23}},"24":{"start":{"line":136,"column":4},"end":{"line":136,"column":22}},"25":{"start":{"line":138,"column":4},"end":{"line":138,"column":35}},"26":{"start":{"line":140,"column":4},"end":{"line":140,"column":21}},"27":{"start":{"line":142,"column":4},"end":{"line":146,"column":7}},"28":{"start":{"line":143,"column":6},"end":{"line":145,"column":7}},"29":{"start":{"line":144,"column":8},"end":{"line":144,"column":82}},"30":{"start":{"line":144,"column":58},"end":{"line":144,"column":80}},"31":{"start":{"line":148,"column":4},"end":{"line":148,"column":24}},"32":{"start":{"line":149,"column":4},"end":{"line":149,"column":23}},"33":{"start":{"line":150,"column":4},"end":{"line":150,"column":24}},"34":{"start":{"line":151,"column":4},"end":{"line":151,"column":25}},"35":{"start":{"line":153,"column":4},"end":{"line":158,"column":6}},"36":{"start":{"line":154,"column":6},"end":{"line":157,"column":8}}},"fnMap":{"0":{"name":"(anonymous_0)","decl":{"start":{"line":94,"column":11},"end":{"line":94,"column":12}},"loc":{"start":{"line":94,"column":27},"end":{"line":159,"column":3}},"line":94},"1":{"name":"(anonymous_1)","decl":{"start":{"line":112,"column":22},"end":{"line":112,"column":23}},"loc":{"start":{"line":112,"column":47},"end":{"line":120,"column":5}},"line":112},"2":{"name":"(anonymous_2)","decl":{"start":{"line":142,"column":45},"end":{"line":142,"column":46}},"loc":{"start":{"line":142,"column":52},"end":{"line":146,"column":5}},"line":142},"3":{"name":"(anonymous_3)","decl":{"start":{"line":144,"column":49},"end":{"line":144,"column":50}},"loc":{"start":{"line":144,"column":58},"end":{"line":144,"column":80}},"line":144},"4":{"name":"(anonymous_4)","decl":{"start":{"line":153,"column":40},"end":{"line":153,"column":41}},"loc":{"start":{"line":154,"column":6},"end":{"line":157,"column":8}},"line":154}},"branchMap":{"0":{"loc":{"start":{"line":97,"column":4},"end":{"line":99,"column":5}},"type":"if","locations":[{"start":{"line":97,"column":4},"end":{"line":99,"column":5}},{"start":{"line":97,"column":4},"end":{"line":99,"column":5}}],"line":97},"1":{"loc":{"start":{"line":97,"column":8},"end":{"line":97,"column":62}},"type":"binary-expr","locations":[{"start":{"line":97,"column":8},"end":{"line":97,"column":44}},{"start":{"line":97,"column":48},"end":{"line":97,"column":62}}],"line":97},"2":{"loc":{"start":{"line":101,"column":4},"end":{"line":106,"column":5}},"type":"if","locations":[{"start":{"line":101,"column":4},"end":{"line":106,"column":5}},{"start":{"line":101,"column":4},"end":{"line":106,"column":5}}],"line":101},"3":{"loc":{"start":{"line":108,"column":4},"end":{"line":110,"column":5}},"type":"if","locations":[{"start":{"line":108,"column":4},"end":{"line":110,"column":5}},{"start":{"line":108,"column":4},"end":{"line":110,"column":5}}],"line":108},"4":{"loc":{"start":{"line":112,"column":28},"end":{"line":112,"column":42}},"type":"default-arg","locations":[{"start":{"line":112,"column":38},"end":{"line":112,"column":42}}],"line":112},"5":{"loc":{"start":{"line":113,"column":6},"end":{"line":119,"column":7}},"type":"if","locations":[{"start":{"line":113,"column":6},"end":{"line":119,"column":7}},{"start":{"line":113,"column":6},"end":{"line":119,"column":7}}],"line":113},"6":{"loc":{"start":{"line":114,"column":8},"end":{"line":116,"column":9}},"type":"if","locations":[{"start":{"line":114,"column":8},"end":{"line":116,"column":9}},{"start":{"line":114,"column":8},"end":{"line":116,"column":9}}],"line":114},"7":{"loc":{"start":{"line":117,"column":22},"end":{"line":117,"column":36}},"type":"binary-expr","locations":[{"start":{"line":117,"column":22},"end":{"line":117,"column":29}},{"start":{"line":117,"column":33},"end":{"line":117,"column":36}}],"line":117},"8":{"loc":{"start":{"line":122,"column":4},"end":{"line":133,"column":5}},"type":"if","locations":[{"start":{"line":122,"column":4},"end":{"line":133,"column":5}},{"start":{"line":122,"column":4},"end":{"line":133,"column":5}}],"line":122},"9":{"loc":{"start":{"line":122,"column":8},"end":{"line":122,"column":38}},"type":"binary-expr","locations":[{"start":{"line":122,"column":8},"end":{"line":122,"column":23}},{"start":{"line":122,"column":27},"end":{"line":122,"column":38}}],"line":122},"10":{"loc":{"start":{"line":123,"column":6},"end":{"line":127,"column":7}},"type":"if","locations":[{"start":{"line":123,"column":6},"end":{"line":127,"column":7}},{"start":{"line":123,"column":6},"end":{"line":127,"column":7}}],"line":123},"11":{"loc":{"start":{"line":125,"column":13},"end":{"line":127,"column":7}},"type":"if","locations":[{"start":{"line":125,"column":13},"end":{"line":127,"column":7}},{"start":{"line":125,"column":13},"end":{"line":127,"column":7}}],"line":125},"12":{"loc":{"start":{"line":143,"column":6},"end":{"line":145,"column":7}},"type":"if","locations":[{"start":{"line":143,"column":6},"end":{"line":145,"column":7}},{"start":{"line":143,"column":6},"end":{"line":145,"column":7}}],"line":143},"13":{"loc":{"start":{"line":155,"column":21},"end":{"line":155,"column":63}},"type":"cond-expr","locations":[{"start":{"line":155,"column":29},"end":{"line":155,"column":48}},{"start":{"line":155,"column":51},"end":{"line":155,"column":63}}],"line":155},"14":{"loc":{"start":{"line":156,"column":20},"end":{"line":156,"column":38}},"type":"binary-expr","locations":[{"start":{"line":156,"column":20
[...]
,"/Users/scott/git/wp-graphql/src/schema/type/Rewrite.js": {"path":"/Users/scott/git/wp-graphql/src/schema/type/Rewrite.js","statementMap":{"0":{"start":{"line":5,"column":20},"end":{"line":11,"column":2}}},"fnMap":{},"branchMap":{},"s":{"0":8},"f":{},"b":{},"_coverageSchema":"332fd63041d2c1bcb487cc26dd0d5f7d97098a6c","hash":"4fd9b0861a9ab9c60af7e0f0cded6a530df7ec85"}
,"/Users/scott/git/wp-graphql/src/schema/type/Settings.js": {"path":"/Users/scott/git/wp-graphql/src/schema/type/Settings.js","statementMap":{"0":{"start":{"line":3,"column":21},"end":{"line":24,"column":2}}},"fnMap":{},"branchMap":{},"s":{"0":3},"f":{},"b":{},"_coverageSchema":"332fd63041d2c1bcb487cc26dd0d5f7d97098a6c","hash":"353b4c62e11c5077b07cf601f3d0790bdfd3f962"}
,"/Users/scott/git/wp-graphql/src/schema/type/Sidebar.js": {"path":"/Users/scott/git/wp-graphql/src/schema/type/Sidebar.js","statementMap":{"0":{"start":{"line":7,"column":20},"end":{"line":43,"column":2}},"1":{"start":{"line":18,"column":26},"end":{"line":18,"column":39}},"2":{"start":{"line":45,"column":0},"end":{"line":45,"column":30}}},"fnMap":{"0":{"name":"(anonymous_0)","decl":{"start":{"line":18,"column":15},"end":{"line":18,"column":16}},"loc":{"start":{"line":18,"column":26},"end":{"line":18,"column":39}},"line":18}},"branchMap":{},"s":{"0":4,"1":1,"2":4},"f":{"0":1},"b":{},"_coverageSchema":"332fd63041d2c1bcb487cc26dd0d5f7d97098a6c","hash":"05ded6253bcc92e0367ffa9dd48acc30354076e1"}
,"/Users/scott/git/wp-graphql/src/schema/type/Tag.js": {"path":"/Users/scott/git/wp-graphql/src/schema/type/Tag.js","statementMap":{"0":{"start":{"line":9,"column":16},"end":{"line":25,"column":2}},"1":{"start":{"line":14,"column":4},"end":{"line":14,"column":40}},"2":{"start":{"line":27,"column":0},"end":{"line":27,"column":26}}},"fnMap":{},"branchMap":{},"s":{"0":5,"1":1,"2":5},"f":{},"b":{},"_coverageSchema":"332fd63041d2c1bcb487cc26dd0d5f7d97098a6c","hash":"f0eff9426307580be9addf795826830c83433fd6"}
,"/Users/scott/git/wp-graphql/src/schema/type/Taxonomy.js": {"path":"/Users/scott/git/wp-graphql/src/schema/type/Taxonomy.js","statementMap":{"0":{"start":{"line":7,"column":21},"end":{"line":34,"column":2}},"1":{"start":{"line":15,"column":23},"end":{"line":15,"column":32}}},"fnMap":{"0":{"name":"(anonymous_0)","decl":{"start":{"line":15,"column":15},"end":{"line":15,"column":16}},"loc":{"start":{"line":15,"column":23},"end":{"line":15,"column":32}},"line":15}},"branchMap":{},"s":{"0":8,"1":1},"f":{"0":1},"b":{},"_coverageSchema":"332fd63041d2c1bcb487cc26dd0d5f7d97098a6c","hash":"a959398f6f122ffea0698bad6ba511604c080769"}
,"/Users/scott/git/wp-graphql/src/schema/type/Title.js": {"path":"/Users/scott/git/wp-graphql/src/schema/type/Title.js","statementMap":{"0":{"start":{"line":5,"column":14},"end":{"line":11,"column":2}}},"fnMap":{},"branchMap":{},"s":{"0":11},"f":{},"b":{},"_coverageSchema":"332fd63041d2c1bcb487cc26dd0d5f7d97098a6c","hash":"0858d191bcb87e0f8bd073879418b79601584805"}
,"/Users/scott/git/wp-graphql/src/schema/type/User.js": {"path":"/Users/scott/git/wp-graphql/src/schema/type/User.js","statementMap":{"0":{"start":{"line":7,"column":17},"end":{"line":27,"column":2}},"1":{"start":{"line":21,"column":8},"end":{"line":24,"column":11}},"2":{"start":{"line":21,"column":50},"end":{"line":24,"column":9}},"3":{"start":{"line":29,"column":0},"end":{"line":29,"column":27}}},"fnMap":{"0":{"name":"(anonymous_0)","decl":{"start":{"line":20,"column":15},"end":{"line":20,"column":16}},"loc":{"start":{"line":21,"column":8},"end":{"line":24,"column":11}},"line":21},"1":{"name":"(anonymous_1)","decl":{"start":{"line":21,"column":42},"end":{"line":21,"column":43}},"loc":{"start":{"line":21,"column":50},"end":{"line":24,"column":9}},"line":21}},"branchMap":{},"s":{"0":10,"1":1,"2":1,"3":10},"f":{"0":1,"1":1},"b":{},"_coverageSchema":"332fd63041d2c1bcb487cc26dd0d5f7d97098a6c","hash":"d90a3b6f61e664a951bab33bf94859171f78febb"}
,"/Users/scott/git/wp-graphql/src/schema/type/Viewer.js": {"path":"/Users/scott/git/wp-graphql/src/schema/type/Viewer.js","statementMap":{"0":{"start":{"line":17,"column":21},"end":{"line":34,"column":2}},"1":{"start":{"line":17,"column":44},"end":{"line":34,"column":1}},"2":{"start":{"line":29,"column":4},"end":{"line":31,"column":5}},"3":{"start":{"line":30,"column":6},"end":{"line":30,"column":51}},"4":{"start":{"line":32,"column":4},"end":{"line":32,"column":59}},"5":{"start":{"line":36,"column":19},"end":{"line":91,"column":2}},"6":{"start":{"line":39,"column":19},"end":{"line":87,"column":5}},"7":{"start":{"line":66,"column":10},"end":{"line":73,"column":11}},"8":{"start":{"line":68,"column":14},"end":{"line":68,"column":52}},"9":{"start":{"line":70,"column":14},"end":{"line":70,"column":47}},"10":{"start":{"line":72,"column":14},"end":{"line":72,"column":26}},"11":{"start":{"line":80,"column":10},"end":{"line":80,"column":25}},"12":{"start":{"line":85,"column":10},"end":{"line":85,"column":22}},"13":{"start":{"line":89,"column":4},"end":{"line":89,"column":18}}},"fnMap":{"0":{"name":"(anonymous_0)","decl":{"start":{"line":17,"column":21},"end":{"line":17,"column":22}},"loc":{"start":{"line":17,"column":44},"end":{"line":34,"column":1}},"line":17},"1":{"name":"(anonymous_1)","decl":{"start":{"line":23,"column":11},"end":{"line":23,"column":12}},"loc":{"start":{"line":28,"column":7},"end":{"line":33,"column":3}},"line":28},"2":{"name":"(anonymous_2)","decl":{"start":{"line":38,"column":10},"end":{"line":38,"column":11}},"loc":{"start":{"line":38,"column":16},"end":{"line":90,"column":3}},"line":38},"3":{"name":"(anonymous_3)","decl":{"start":{"line":60,"column":17},"end":{"line":60,"column":18}},"loc":{"start":{"line":65,"column":13},"end":{"line":74,"column":9}},"line":65},"4":{"name":"(anonymous_4)","decl":{"start":{"line":79,"column":17},"end":{"line":79,"column":18}},"loc":{"start":{"line":80,"column":10},"end":{"line":80,"column":25}},"line":80},"5":{"name":"(anonymous_5)","decl":{"start":{"line":84,"column":17},"end":{"line":84,"column":18}},"loc":{"start":{"line":85,"column":10},"end":{"line":85,"column":22}},"line":85}},"branchMap":{"0":{"loc":{"start":{"line":29,"column":4},"end":{"line":31,"column":5}},"type":"if","locations":[{"start":{"line":29,"column":4},"end":{"line":31,"column":5}},{"start":{"line":29,"column":4},"end":{"line":31,"column":5}}],"line":29},"1":{"loc":{"start":{"line":29,"column":8},"end":{"line":29,"column":47}},"type":"binary-expr","locations":[{"start":{"line":29,"column":8},"end":{"line":29,"column":17}},{"start":{"line":29,"column":21},"end":{"line":29,"column":47}}],"line":29},"2":{"loc":{"start":{"line":66,"column":10},"end":{"line":73,"column":11}},"type":"switch","locations":[{"start":{"line":67,"column":12},"end":{"line":68,"column":52}},{"start":{"line":69,"column":12},"end":{"line":70,"column":47}},{"start":{"line":71,"column":12},"end":{"line":72,"column":26}}],"line":66}},"s":{"0":3,"1":24,"2":2,"3":1,"4":1,"5":3,"6":3,"7":3,"8":1,"9":1,"10":1,"11":1,"12":1,"13":3},"f":{"0":24,"1":2,"2":3,"3":3,"4":1,"5":1},"b":{"0":[1,1],"1":[2,1],"2":[1,1,1]},"_coverageSchema":"332fd63041d2c1bcb487cc26dd0d5f7d97098a6c","hash":"6a47ef6c3915f6955d66c054fc85f51a201beda8"}
,"/Users/scott/git/wp-graphql/src/schema/type/Widget.js": {"path":"/Users/scott/git/wp-graphql/src/schema/type/Widget.js","statementMap":{"0":{"start":{"line":7,"column":19},"end":{"line":23,"column":2}}},"fnMap":{},"branchMap":{},"s":{"0":5},"f":{},"b":{},"_coverageSchema":"332fd63041d2c1bcb487cc26dd0d5f7d97098a6c","hash":"19675cce57856abc314876a55499141c440b493a"}
,"/Users/scott/git/wp-graphql/src/schema/type/relayNode.js": {"path":"/Users/scott/git/wp-graphql/src/schema/type/relayNode.js","statementMap":{"0":{"start":{"line":3,"column":24},"end":{"line":3,"column":26}},"1":{"start":{"line":6,"column":2},"end":{"line":6,"column":36}},"2":{"start":{"line":7,"column":2},"end":{"line":7,"column":14}},"3":{"start":{"line":13,"column":4},"end":{"line":16,"column":56}},"4":{"start":{"line":14,"column":23},"end":{"line":14,"column":45}},"5":{"start":{"line":15,"column":2},"end":{"line":15,"column":55}},"6":{"start":{"line":16,"column":10},"end":{"line":16,"column":55}}},"fnMap":{"0":{"name":"registerNodeType","decl":{"start":{"line":5,"column":16},"end":{"line":5,"column":32}},"loc":{"start":{"line":5,"column":39},"end":{"line":8,"column":1}},"line":5},"1":{"name":"(anonymous_1)","decl":{"start":{"line":13,"column":20},"end":{"line":13,"column":21}},"loc":{"start":{"line":13,"column":71},"end":{"line":16,"column":1}},"line":13},"2":{"name":"(anonymous_2)","decl":{"start":{"line":16,"column":3},"end":{"line":16,"column":4}},"loc":{"start":{"line":16,"column":10},"end":{"line":16,"column":55}},"line":16}},"branchMap":{"0":{"loc":{"start":{"line":15,"column":9},"end":{"line":15,"column":54}},"type":"cond-expr","locations":[{"start":{"line":15,"column":25},"end":{"line":15,"column":47}},{"start":{"line":15,"column":50},"end":{"line":15,"column":54}}],"line":15},"1":{"loc":{"start":{"line":16,"column":10},"end":{"line":16,"column":55}},"type":"binary-expr","locations":[{"start":{"line":16,"column":10},"end":{"line":16,"column":47}},{"start":{"line":16,"column":51},"end":{"line":16,"column":55}}],"line":16}},"s":{"0":14,"1":36,"2":36,"3":14,"4":0,"5":0,"6":0},"f":{"0":36,"1":0,"2":0},"b":{"0":[0,0],"1":[0,0]},"_coverageSchema":"332fd63041d2c1bcb487cc26dd0d5f7d97098a6c","hash":"a2250dfe84800228cb2decdba851369c4838a6e1"}
,"/Users/scott/git/wp-graphql/src/schema/type/Chart/Chart.js": {"path":"/Users/scott/git/wp-graphql/src/schema/type/Chart/Chart.js","statementMap":{"0":{"start":{"line":4,"column":18},"end":{"line":39,"column":2}},"1":{"start":{"line":11,"column":24},"end":{"line":11,"column":41}},"2":{"start":{"line":16,"column":24},"end":{"line":16,"column":42}},"3":{"start":{"line":21,"column":24},"end":{"line":21,"column":43}},"4":{"start":{"line":26,"column":24},"end":{"line":26,"column":47}},"5":{"start":{"line":31,"column":24},"end":{"line":31,"column":46}},"6":{"start":{"line":36,"column":24},"end":{"line":36,"column":35}}},"fnMap":{"0":{"name":"(anonymous_0)","decl":{"start":{"line":11,"column":15},"end":{"line":11,"column":16}},"loc":{"start":{"line":11,"column":24},"end":{"line":11,"column":41}},"line":11},"1":{"name":"(anonymous_1)","decl":{"start":{"line":16,"column":15},"end":{"line":16,"column":16}},"loc":{"start":{"line":16,"column":24},"end":{"line":16,"column":42}},"line":16},"2":{"name":"(anonymous_2)","decl":{"start":{"line":21,"column":15},"end":{"line":21,"column":16}},"loc":{"start":{"line":21,"column":24},"end":{"line":21,"column":43}},"line":21},"3":{"name":"(anonymous_3)","decl":{"start":{"line":26,"column":15},"end":{"line":26,"column":16}},"loc":{"start":{"line":26,"column":24},"end":{"line":26,"column":47}},"line":26},"4":{"name":"(anonymous_4)","decl":{"start":{"line":31,"column":15},"end":{"line":31,"column":16}},"loc":{"start":{"line":31,"column":24},"end":{"line":31,"column":46}},"line":31},"5":{"name":"(anonymous_5)","decl":{"start":{"line":36,"column":15},"end":{"line":36,"column":16}},"loc":{"start":{"line":36,"column":24},"end":{"line":36,"column":35}},"line":36}},"branchMap":{},"s":{"0":4,"1":1,"2":1,"3":1,"4":1,"5":1,"6":1},"f":{"0":1,"1":1,"2":1,"3":1,"4":1,"5":1},"b":{},"_coverageSchema":"332fd63041d2c1bcb487cc26dd0d5f7d97098a6c","hash":"a43117abd079e4a8a4b21cf721353c01d00629b8"}
,"/Users/scott/git/wp-graphql/src/schema/type/Chart/ChartItem.js": {"path":"/Users/scott/git/wp-graphql/src/schema/type/Chart/ChartItem.js","statementMap":{"0":{"start":{"line":4,"column":22},"end":{"line":44,"column":2}},"1":{"start":{"line":11,"column":23},"end":{"line":11,"column":44}},"2":{"start":{"line":16,"column":23},"end":{"line":16,"column":46}},"3":{"start":{"line":21,"column":23},"end":{"line":21,"column":51}},"4":{"start":{"line":26,"column":23},"end":{"line":26,"column":62}},"5":{"start":{"line":31,"column":23},"end":{"line":31,"column":48}},"6":{"start":{"line":36,"column":23},"end":{"line":36,"column":40}},"7":{"start":{"line":41,"column":23},"end":{"line":41,"column":39}}},"fnMap":{"0":{"name":"(anonymous_0)","decl":{"start":{"line":11,"column":15},"end":{"line":11,"column":16}},"loc":{"start":{"line":11,"column":23},"end":{"line":11,"column":44}},"line":11},"1":{"name":"(anonymous_1)","decl":{"start":{"line":16,"column":15},"end":{"line":16,"column":16}},"loc":{"start":{"line":16,"column":23},"end":{"line":16,"column":46}},"line":16},"2":{"name":"(anonymous_2)","decl":{"start":{"line":21,"column":15},"end":{"line":21,"column":16}},"loc":{"start":{"line":21,"column":23},"end":{"line":21,"column":51}},"line":21},"3":{"name":"(anonymous_3)","decl":{"start":{"line":26,"column":15},"end":{"line":26,"column":16}},"loc":{"start":{"line":26,"column":23},"end":{"line":26,"column":62}},"line":26},"4":{"name":"(anonymous_4)","decl":{"start":{"line":31,"column":15},"end":{"line":31,"column":16}},"loc":{"start":{"line":31,"column":23},"end":{"line":31,"column":48}},"line":31},"5":{"name":"(anonymous_5)","decl":{"start":{"line":36,"column":15},"end":{"line":36,"column":16}},"loc":{"start":{"line":36,"column":23},"end":{"line":36,"column":40}},"line":36},"6":{"name":"(anonymous_6)","decl":{"start":{"line":41,"column":15},"end":{"line":41,"column":16}},"loc":{"start":{"line":41,"column":23},"end":{"line":41,"column":39}},"line":41}},"branchMap":{},"s":{"0":5,"1":1,"2":1,"3":1,"4":1,"5":1,"6":1,"7":1},"f":{"0":1,"1":1,"2":1,"3":1,"4":1,"5":1,"6":1},"b":{},"_coverageSchema":"332fd63041d2c1bcb487cc26dd0d5f7d97098a6c","hash":"825d4c48c2bd2936b35582eaf03a1f29d5755d37"}
,"/Users/scott/git/wp-graphql/src/schema/type/Chart/ChartItemImage.js": {"path":"/Users/scott/git/wp-graphql/src/schema/type/Chart/ChartItemImage.js","statementMap":{"0":{"start":{"line":3,"column":27},"end":{"line":18,"column":2}},"1":{"start":{"line":10,"column":24},"end":{"line":10,"column":35}},"2":{"start":{"line":15,"column":24},"end":{"line":15,"column":47}}},"fnMap":{"0":{"name":"(anonymous_0)","decl":{"start":{"line":10,"column":15},"end":{"line":10,"column":16}},"loc":{"start":{"line":10,"column":24},"end":{"line":10,"column":35}},"line":10},"1":{"name":"(anonymous_1)","decl":{"start":{"line":15,"column":15},"end":{"line":15,"column":16}},"loc":{"start":{"line":15,"column":24},"end":{"line":15,"column":47}},"line":15}},"branchMap":{},"s":{"0":6,"1":1,"2":1},"f":{"0":1,"1":1},"b":{},"_coverageSchema":"332fd63041d2c1bcb487cc26dd0d5f7d97098a6c","hash":"ed5d38bdc23884170a8fdac60c2d944e1d1f4d61"}
,"/Users/scott/git/wp-graphql/src/schema/type/Chart/index.js": {"path":"/Users/scott/git/wp-graphql/src/schema/type/Chart/index.js","statementMap":{},"fnMap":{},"branchMap":{},"s":{},"f":{},"b":{},"_coverageSchema":"332fd63041d2c1bcb487cc26dd0d5f7d97098a6c","hash":"946c13442463a6420a8ab366c55742780a9a67f7"}
,"/Users/scott/git/wp-graphql/src/schema/type/Media/Size.js": {"path":"/Users/scott/git/wp-graphql/src/schema/type/Media/Size.js","statementMap":{"0":{"start":{"line":3,"column":22},"end":{"line":14,"column":2}}},"fnMap":{},"branchMap":{},"s":{"0":7},"f":{},"b":{},"_coverageSchema":"332fd63041d2c1bcb487cc26dd0d5f7d97098a6c","hash":"15044dfe934246e298cd002f9c1798550c181e21"}
,"/Users/scott/git/wp-graphql/src/schema/type/Media/fields.js": {"path":"/Users/scott/git/wp-graphql/src/schema/type/Media/fields.js","statementMap":{"0":{"start":{"line":44,"column":21},"end":{"line":44,"column":50}}},"fnMap":{"0":{"name":"(anonymous_0)","decl":{"start":{"line":44,"column":13},"end":{"line":44,"column":14}},"loc":{"start":{"line":44,"column":21},"end":{"line":44,"column":50}},"line":44}},"branchMap":{},"s":{"0":1},"f":{"0":1},"b":{},"_coverageSchema":"332fd63041d2c1bcb487cc26dd0d5f7d97098a6c","hash":"278395e31a40d4d2b28cc87d0a651d1ffe6c1266"}
,"/Users/scott/git/wp-graphql/src/schema/type/Media/index.js": {"path":"/Users/scott/git/wp-graphql/src/schema/type/Media/index.js","statementMap":{"0":{"start":{"line":7,"column":18},"end":{"line":10,"column":2}}},"fnMap":{},"branchMap":{},"s":{"0":7},"f":{},"b":{},"_coverageSchema":"332fd63041d2c1bcb487cc26dd0d5f7d97098a6c","hash":"6cb41304720c5be1ddb1fb37e1274a6cc54edf30"}
,"/Users/scott/git/wp-graphql/src/schema/type/Media/Audio/Details.js": {"path":"/Users/scott/git/wp-graphql/src/schema/type/Media/Audio/Details.js","statementMap":{"0":{"start":{"line":3,"column":21},"end":{"line":9,"column":2}}},"fnMap":{},"branchMap":{},"s":{"0":7},"f":{},"b":{},"_coverageSchema":"332fd63041d2c1bcb487cc26dd0d5f7d97098a6c","hash":"20c5070db94f3ce1a19e234bb70d0f888aa906c4"}
,"/Users/scott/git/wp-graphql/src/schema/type/Media/Audio/index.js": {"path":"/Users/scott/git/wp-graphql/src/schema/type/Media/Audio/index.js","statementMap":{"0":{"start":{"line":7,"column":18},"end":{"line":18,"column":2}},"1":{"start":{"line":12,"column":4},"end":{"line":12,"column":50}}},"fnMap":{},"branchMap":{},"s":{"0":7,"1":0},"f":{},"b":{},"_coverageSchema":"332fd63041d2c1bcb487cc26dd0d5f7d97098a6c","hash":"4204dc4cb93ac5feecd1260c50b1f8665c843d5c"}
,"/Users/scott/git/wp-graphql/src/schema/type/Media/Image/Details.js": {"path":"/Users/scott/git/wp-graphql/src/schema/type/Media/Image/Details.js","statementMap":{"0":{"start":{"line":5,"column":21},"end":{"line":21,"column":2}},"1":{"start":{"line":15,"column":8},"end":{"line":18,"column":11}},"2":{"start":{"line":15,"column":46},"end":{"line":18,"column":9}}},"fnMap":{"0":{"name":"(anonymous_0)","decl":{"start":{"line":14,"column":15},"end":{"line":14,"column":16}},"loc":{"start":{"line":15,"column":8},"end":{"line":18,"column":11}},"line":15},"1":{"name":"(anonymous_1)","decl":{"start":{"line":15,"column":37},"end":{"line":15,"column":38}},"loc":{"start":{"line":15,"column":46},"end":{"line":18,"column":9}},"line":15}},"branchMap":{},"s":{"0":7,"1":0,"2":0},"f":{"0":0,"1":0},"b":{},"_coverageSchema":"332fd63041d2c1bcb487cc26dd0d5f7d97098a6c","hash":"e269a9fac5dca523df95e36d104a04244e1dd7fa"}
,"/Users/scott/git/wp-graphql/src/schema/type/Media/Image/index.js": {"path":"/Users/scott/git/wp-graphql/src/schema/type/Media/Image/index.js","statementMap":{"0":{"start":{"line":7,"column":18},"end":{"line":18,"column":2}},"1":{"start":{"line":12,"column":4},"end":{"line":12,"column":50}}},"fnMap":{},"branchMap":{},"s":{"0":7,"1":0},"f":{},"b":{},"_coverageSchema":"332fd63041d2c1bcb487cc26dd0d5f7d97098a6c","hash":"c3995e66f2323a5dfe2ec01aec5f6dc524fdee5f"}
,"/Users/scott/git/wp-graphql/src/schema/type/Media/Video/Details.js": {"path":"/Users/scott/git/wp-graphql/src/schema/type/Media/Video/Details.js","statementMap":{"0":{"start":{"line":3,"column":21},"end":{"line":9,"column":2}}},"fnMap":{},"branchMap":{},"s":{"0":7},"f":{},"b":{},"_coverageSchema":"332fd63041d2c1bcb487cc26dd0d5f7d97098a6c","hash":"beb7c3a1b3a6994e554363a393a4cf6e6f67be92"}
,"/Users/scott/git/wp-graphql/src/schema/type/Media/Video/index.js": {"path":"/Users/scott/git/wp-graphql/src/schema/type/Media/Video/index.js","statementMap":{"0":{"start":{"line":7,"column":18},"end":{"line":18,"column":2}},"1":{"start":{"line":12,"column":4},"end":{"line":12,"column":50}}},"fnMap":{},"branchMap":{},"s":{"0":7,"1":0},"f":{},"b":{},"_coverageSchema":"332fd63041d2c1bcb487cc26dd0d5f7d97098a6c","hash":"c836df3a22b7aaaa7c2bcda4b44eee91ebe3cd06"}
}
