TN:
SF:/Users/scott/git/wp-graphql/src/data/Category.js
FN:8,(anonymous_0)
FN:11,(anonymous_1)
FN:13,(anonymous_2)
FN:15,(anonymous_3)
FN:17,(anonymous_4)
FN:17,(anonymous_5)
FN:17,(anonymous_6)
FN:21,(anonymous_7)
FN:25,(anonymous_8)
FN:29,(anonymous_9)
FN:34,(anonymous_10)
FN:36,(anonymous_11)
FN:39,(anonymous_12)
FNF:13
FNH:6
FNDA:0,(anonymous_0)
FNDA:0,(anonymous_1)
FNDA:0,(anonymous_2)
FNDA:0,(anonymous_3)
FNDA:0,(anonymous_4)
FNDA:0,(anonymous_5)
FNDA:0,(anonymous_6)
FNDA:1,(anonymous_7)
FNDA:1,(anonymous_8)
FNDA:1,(anonymous_9)
FNDA:1,(anonymous_10)
FNDA:2,(anonymous_11)
FNDA:1,(anonymous_12)
DA:7,1
DA:8,1
DA:9,0
DA:11,0
DA:13,1
DA:14,0
DA:15,0
DA:17,0
DA:22,1
DA:26,1
DA:30,1
DA:31,1
DA:35,1
DA:36,2
DA:40,1
DA:41,1
LF:16
LH:11
BRDA:7,0,0,1
BRDA:7,0,1,0
BRDA:31,1,0,1
BRDA:31,1,1,0
BRDA:36,2,0,1
BRDA:36,2,1,0
BRDA:41,3,0,1
BRDA:41,3,1,0
BRF:8
BRH:4
end_of_record
TN:
SF:/Users/scott/git/wp-graphql/src/data/Chart.js
FN:3,_interopRequireDefault
FN:7,(anonymous_1)
FN:9,(anonymous_2)
FN:10,(anonymous_3)
FN:15,(anonymous_4)
FN:15,Chart
FN:15,getID
FN:18,getEndpoint
FN:22,(anonymous_8)
FN:22,_callee
FN:22,_callee$
FN:26,load
FNF:12
FNH:0
FNDA:0,_interopRequireDefault
FNDA:0,(anonymous_1)
FNDA:0,(anonymous_2)
FNDA:0,(anonymous_3)
FNDA:0,(anonymous_4)
FNDA:0,Chart
FNDA:0,getID
FNDA:0,getEndpoint
FNDA:0,(anonymous_8)
FNDA:0,_callee
FNDA:0,_callee$
FNDA:0,load
DA:1,0
DA:2,0
DA:3,0
DA:6,0
DA:7,0
DA:9,0
DA:10,0
DA:15,0
DA:17,0
DA:21,0
DA:22,0
DA:25,0
DA:26,0
LF:13
LH:0
BRDA:3,0,0,0
BRDA:3,0,1,0
BRDA:3,1,0,0
BRDA:3,1,1,0
BRDA:22,2,0,0
BRDA:22,2,1,0
BRDA:22,2,2,0
BRDA:22,2,3,0
BRDA:26,3,0,0
BRDA:26,3,1,0
BRF:10
BRH:0
end_of_record
TN:
SF:/Users/scott/git/wp-graphql/src/data/Comment.js
FN:5,_interopRequireDefault
FN:10,(anonymous_1)
FN:13,(anonymous_2)
FN:16,(anonymous_3)
FN:16,Comment
FN:16,getID
FN:19,getEndpoint
FN:23,(anonymous_7)
FN:23,_callee
FN:25,_callee$
FN:29,clearPostCache
FN:29,(anonymous_11)
FN:29,_callee2
FN:33,_callee2$
FN:35,load
FN:35,(anonymous_15)
FN:35,_callee3
FN:38,_callee3$
FN:43,(anonymous_18)
FN:43,collection
FN:43,(anonymous_20)
FN:43,_callee4
FN:47,_callee4$
FN:77,create
FN:77,(anonymous_24)
FN:77,_callee5
FN:82,_callee5$
FN:116,update
FN:116,(anonymous_28)
FN:116,_callee6
FN:121,_callee6$
FN:149,_delete
FNF:32
FNH:0
FNDA:0,_interopRequireDefault
FNDA:0,(anonymous_1)
FNDA:0,(anonymous_2)
FNDA:0,(anonymous_3)
FNDA:0,Comment
FNDA:0,getID
FNDA:0,getEndpoint
FNDA:0,(anonymous_7)
FNDA:0,_callee
FNDA:0,_callee$
FNDA:0,clearPostCache
FNDA:0,(anonymous_11)
FNDA:0,_callee2
FNDA:0,_callee2$
FNDA:0,load
FNDA:0,(anonymous_15)
FNDA:0,_callee3
FNDA:0,_callee3$
FNDA:0,(anonymous_18)
FNDA:0,collection
FNDA:0,(anonymous_20)
FNDA:0,_callee4
FNDA:0,_callee4$
FNDA:0,create
FNDA:0,(anonymous_24)
FNDA:0,_callee5
FNDA:0,_callee5$
FNDA:0,update
FNDA:0,(anonymous_28)
FNDA:0,_callee6
FNDA:0,_callee6$
FNDA:0,_delete
DA:1,0
DA:2,0
DA:3,0
DA:4,0
DA:5,0
DA:9,0
DA:10,0
DA:13,0
DA:16,0
DA:18,0
DA:22,0
DA:23,0
DA:25,0
DA:26,0
DA:29,0
DA:33,0
DA:34,0
DA:35,0
DA:38,0
DA:39,0
DA:40,0
DA:43,0
DA:47,0
DA:51,0
DA:54,0
DA:56,0
DA:59,0
DA:64,0
DA:71,0
DA:77,0
DA:82,0
DA:83,0
DA:84,0
DA:85,0
DA:90,0
DA:93,0
DA:95,0
DA:98,0
DA:103,0
DA:110,0
DA:116,0
DA:121,0
DA:122,0
DA:123,0
DA:128,0
DA:132,0
DA:135,0
DA:138,0
DA:140,0
DA:145,0
DA:149,0
LF:51
LH:0
BRDA:5,0,0,0
BRDA:5,0,1,0
BRDA:5,1,0,0
BRDA:5,1,1,0
BRDA:9,2,0,0
BRDA:9,2,1,0
BRDA:25,3,0,0
BRDA:25,3,1,0
BRDA:25,3,2,0
BRDA:33,4,0,0
BRDA:33,4,1,0
BRDA:33,4,2,0
BRDA:33,4,3,0
BRDA:35,5,0,0
BRDA:35,5,1,0
BRDA:38,6,0,0
BRDA:38,6,1,0
BRDA:38,7,0,0
BRDA:38,7,1,0
BRDA:38,8,0,0
BRDA:38,8,1,0
BRDA:38,8,2,0
BRDA:38,8,3,0
BRDA:47,9,0,0
BRDA:47,9,1,0
BRDA:47,9,2,0
BRDA:47,9,3,0
BRDA:47,9,4,0
BRDA:47,9,5,0
BRDA:47,9,6,0
BRDA:47,9,7,0
BRDA:47,9,8,0
BRDA:51,10,0,0
BRDA:51,10,1,0
BRDA:76,11,0,0
BRDA:76,11,1,0
BRDA:82,12,0,0
BRDA:82,12,1,0
BRDA:82,12,2,0
BRDA:82,12,3,0
BRDA:82,12,4,0
BRDA:82,12,5,0
BRDA:82,12,6,0
BRDA:82,12,7,0
BRDA:82,12,8,0
BRDA:90,13,0,0
BRDA:90,13,1,0
BRDA:121,14,0,0
BRDA:121,14,1,0
BRDA:121,14,2,0
BRDA:121,14,3,0
BRDA:121,14,4,0
BRDA:121,14,5,0
BRDA:121,14,6,0
BRDA:121,14,7,0
BRDA:121,14,8,0
BRDA:135,15,0,0
BRDA:135,15,1,0
BRF:58
BRH:0
end_of_record
TN:
SF:/Users/scott/git/wp-graphql/src/data/Media.js
FN:3,_interopRequireDefault
FN:8,(anonymous_1)
FN:11,(anonymous_2)
FN:13,(anonymous_3)
FN:15,(anonymous_4)
FN:19,(anonymous_5)
FN:19,Media
FN:19,getID
FN:22,getEndpoint
FN:26,(anonymous_9)
FN:26,_callee
FN:28,_callee$
FN:30,load
FN:30,(anonymous_13)
FN:30,_callee2
FN:33,_callee2$
FN:35,loadBySlug
FNF:17
FNH:0
FNDA:0,_interopRequireDefault
FNDA:0,(anonymous_1)
FNDA:0,(anonymous_2)
FNDA:0,(anonymous_3)
FNDA:0,(anonymous_4)
FNDA:0,(anonymous_5)
FNDA:0,Media
FNDA:0,getID
FNDA:0,getEndpoint
FNDA:0,(anonymous_9)
FNDA:0,_callee
FNDA:0,_callee$
FNDA:0,load
FNDA:0,(anonymous_13)
FNDA:0,_callee2
FNDA:0,_callee2$
FNDA:0,loadBySlug
DA:1,0
DA:2,0
DA:3,0
DA:7,0
DA:8,0
DA:11,0
DA:13,0
DA:15,0
DA:19,0
DA:21,0
DA:25,0
DA:26,0
DA:28,0
DA:29,0
DA:30,0
DA:33,0
DA:34,0
DA:35,0
LF:18
LH:0
BRDA:3,0,0,0
BRDA:3,0,1,0
BRDA:3,1,0,0
BRDA:3,1,1,0
BRDA:7,2,0,0
BRDA:7,2,1,0
BRDA:28,3,0,0
BRDA:28,3,1,0
BRDA:28,3,2,0
BRDA:28,3,3,0
BRDA:30,4,0,0
BRDA:30,4,1,0
BRDA:33,5,0,0
BRDA:33,5,1,0
BRDA:33,5,2,0
BRDA:33,5,3,0
BRDA:35,6,0,0
BRDA:35,6,1,0
BRF:18
BRH:0
end_of_record
TN:
SF:/Users/scott/git/wp-graphql/src/data/NavMenu.js
FN:3,_interopRequireDefault
FN:14,(anonymous_1)
FN:16,(anonymous_2)
FN:17,(anonymous_3)
FN:17,(anonymous_4)
FN:17,(anonymous_5)
FN:20,(anonymous_6)
FN:20,NavMenu
FN:20,getID
FN:23,getEndpoint
FN:27,(anonymous_10)
FN:27,_callee
FN:29,_callee$
FN:31,load
FNF:14
FNH:0
FNDA:0,_interopRequireDefault
FNDA:0,(anonymous_1)
FNDA:0,(anonymous_2)
FNDA:0,(anonymous_3)
FNDA:0,(anonymous_4)
FNDA:0,(anonymous_5)
FNDA:0,(anonymous_6)
FNDA:0,NavMenu
FNDA:0,getID
FNDA:0,getEndpoint
FNDA:0,(anonymous_10)
FNDA:0,_callee
FNDA:0,_callee$
FNDA:0,load
DA:1,0
DA:2,0
DA:3,0
DA:7,0
DA:8,0
DA:9,0
DA:14,0
DA:16,0
DA:17,0
DA:20,0
DA:22,0
DA:26,0
DA:27,0
DA:29,0
DA:30,0
DA:31,0
LF:16
LH:0
BRDA:3,0,0,0
BRDA:3,0,1,0
BRDA:3,1,0,0
BRDA:3,1,1,0
BRDA:7,2,0,0
BRDA:7,2,1,0
BRDA:8,3,0,0
BRDA:8,3,1,0
BRDA:29,4,0,0
BRDA:29,4,1,0
BRDA:29,4,2,0
BRDA:29,4,3,0
BRDA:31,5,0,0
BRDA:31,5,1,0
BRF:14
BRH:0
end_of_record
TN:
SF:/Users/scott/git/wp-graphql/src/data/Page.js
FN:3,_interopRequireDefault
FN:8,(anonymous_1)
FN:11,(anonymous_2)
FN:13,(anonymous_3)
FN:15,(anonymous_4)
FN:17,(anonymous_5)
FN:17,(anonymous_6)
FN:17,(anonymous_7)
FN:20,(anonymous_8)
FN:20,Page
FN:20,getID
FN:23,getEndpoint
FN:27,(anonymous_12)
FN:27,_callee
FN:29,_callee$
FN:31,load
FN:31,(anonymous_16)
FN:31,_callee2
FN:34,_callee2$
FN:36,loadBySlug
FNF:20
FNH:0
FNDA:0,_interopRequireDefault
FNDA:0,(anonymous_1)
FNDA:0,(anonymous_2)
FNDA:0,(anonymous_3)
FNDA:0,(anonymous_4)
FNDA:0,(anonymous_5)
FNDA:0,(anonymous_6)
FNDA:0,(anonymous_7)
FNDA:0,(anonymous_8)
FNDA:0,Page
FNDA:0,getID
FNDA:0,getEndpoint
FNDA:0,(anonymous_12)
FNDA:0,_callee
FNDA:0,_callee$
FNDA:0,load
FNDA:0,(anonymous_16)
FNDA:0,_callee2
FNDA:0,_callee2$
FNDA:0,loadBySlug
DA:1,0
DA:2,0
DA:3,0
DA:7,0
DA:8,0
DA:11,0
DA:13,0
DA:15,0
DA:17,0
DA:20,0
DA:22,0
DA:26,0
DA:27,0
DA:29,0
DA:30,0
DA:31,0
DA:34,0
DA:35,0
DA:36,0
LF:19
LH:0
BRDA:3,0,0,0
BRDA:3,0,1,0
BRDA:3,1,0,0
BRDA:3,1,1,0
BRDA:7,2,0,0
BRDA:7,2,1,0
BRDA:29,3,0,0
BRDA:29,3,1,0
BRDA:29,3,2,0
BRDA:29,3,3,0
BRDA:31,4,0,0
BRDA:31,4,1,0
BRDA:34,5,0,0
BRDA:34,5,1,0
BRDA:34,5,2,0
BRDA:34,5,3,0
BRDA:36,6,0,0
BRDA:36,6,1,0
BRF:18
BRH:0
end_of_record
TN:
SF:/Users/scott/git/wp-graphql/src/data/Post.js
FN:3,_interopRequireDefault
FN:8,(anonymous_1)
FN:11,(anonymous_2)
FN:13,(anonymous_3)
FN:15,(anonymous_4)
FN:19,(anonymous_5)
FN:19,Post
FN:19,getID
FN:22,getEndpoint
FN:26,(anonymous_9)
FN:26,_callee
FN:28,_callee$
FN:30,load
FN:30,(anonymous_13)
FN:30,_callee2
FN:33,_callee2$
FN:35,loadBySlug
FN:35,(anonymous_17)
FN:35,_callee3
FN:38,_callee3$
FN:42,(anonymous_20)
FN:42,collection
FNF:22
FNH:0
FNDA:0,_interopRequireDefault
FNDA:0,(anonymous_1)
FNDA:0,(anonymous_2)
FNDA:0,(anonymous_3)
FNDA:0,(anonymous_4)
FNDA:0,(anonymous_5)
FNDA:0,Post
FNDA:0,getID
FNDA:0,getEndpoint
FNDA:0,(anonymous_9)
FNDA:0,_callee
FNDA:0,_callee$
FNDA:0,load
FNDA:0,(anonymous_13)
FNDA:0,_callee2
FNDA:0,_callee2$
FNDA:0,loadBySlug
FNDA:0,(anonymous_17)
FNDA:0,_callee3
FNDA:0,_callee3$
FNDA:0,(anonymous_20)
FNDA:0,collection
DA:1,0
DA:2,0
DA:3,0
DA:7,0
DA:8,0
DA:11,0
DA:13,0
DA:15,0
DA:19,0
DA:21,0
DA:25,0
DA:26,0
DA:28,0
DA:29,0
DA:30,0
DA:33,0
DA:34,0
DA:35,0
DA:38,0
DA:39,0
DA:42,0
LF:21
LH:0
BRDA:3,0,0,0
BRDA:3,0,1,0
BRDA:3,1,0,0
BRDA:3,1,1,0
BRDA:7,2,0,0
BRDA:7,2,1,0
BRDA:28,3,0,0
BRDA:28,3,1,0
BRDA:28,3,2,0
BRDA:28,3,3,0
BRDA:30,4,0,0
BRDA:30,4,1,0
BRDA:33,5,0,0
BRDA:33,5,1,0
BRDA:33,5,2,0
BRDA:33,5,3,0
BRDA:35,6,0,0
BRDA:35,6,1,0
BRDA:38,7,0,0
BRDA:38,7,1,0
BRDA:38,8,0,0
BRDA:38,8,1,0
BRDA:38,9,0,0
BRDA:38,9,1,0
BRDA:38,9,2,0
BRDA:38,9,3,0
BRF:26
BRH:0
end_of_record
TN:
SF:/Users/scott/git/wp-graphql/src/data/Settings.js
FN:3,_interopRequireDefault
FN:9,(anonymous_1)
FN:11,(anonymous_2)
FN:12,(anonymous_3)
FN:17,(anonymous_4)
FN:17,Settings
FN:17,getID
FN:20,getEndpoint
FN:24,(anonymous_8)
FN:24,_callee
FN:24,_callee$
FN:28,load
FNF:12
FNH:0
FNDA:0,_interopRequireDefault
FNDA:0,(anonymous_1)
FNDA:0,(anonymous_2)
FNDA:0,(anonymous_3)
FNDA:0,(anonymous_4)
FNDA:0,Settings
FNDA:0,getID
FNDA:0,getEndpoint
FNDA:0,(anonymous_8)
FNDA:0,_callee
FNDA:0,_callee$
FNDA:0,load
DA:1,0
DA:2,0
DA:3,0
DA:8,0
DA:9,0
DA:11,0
DA:12,0
DA:17,0
DA:19,0
DA:23,0
DA:24,0
DA:27,0
DA:28,0
LF:13
LH:0
BRDA:3,0,0,0
BRDA:3,0,1,0
BRDA:3,1,0,0
BRDA:3,1,1,0
BRDA:8,2,0,0
BRDA:8,2,1,0
BRDA:24,3,0,0
BRDA:24,3,1,0
BRDA:24,3,2,0
BRDA:24,3,3,0
BRDA:28,4,0,0
BRDA:28,4,1,0
BRF:12
BRH:0
end_of_record
TN:
SF:/Users/scott/git/wp-graphql/src/data/Sidebar.js
FN:3,_interopRequireDefault
FN:14,(anonymous_1)
FN:15,(anonymous_2)
FN:16,(anonymous_3)
FN:16,(anonymous_4)
FN:20,(anonymous_5)
FN:20,Sidebar
FN:20,getID
FN:23,getEndpoint
FN:27,(anonymous_9)
FN:27,_callee
FN:29,_callee$
FN:31,load
FNF:13
FNH:0
FNDA:0,_interopRequireDefault
FNDA:0,(anonymous_1)
FNDA:0,(anonymous_2)
FNDA:0,(anonymous_3)
FNDA:0,(anonymous_4)
FNDA:0,(anonymous_5)
FNDA:0,Sidebar
FNDA:0,getID
FNDA:0,getEndpoint
FNDA:0,(anonymous_9)
FNDA:0,_callee
FNDA:0,_callee$
FNDA:0,load
DA:1,0
DA:2,0
DA:3,0
DA:7,0
DA:8,0
DA:9,0
DA:14,0
DA:15,0
DA:16,0
DA:20,0
DA:22,0
DA:26,0
DA:27,0
DA:29,0
DA:30,0
DA:31,0
LF:16
LH:0
BRDA:3,0,0,0
BRDA:3,0,1,0
BRDA:3,1,0,0
BRDA:3,1,1,0
BRDA:7,2,0,0
BRDA:7,2,1,0
BRDA:8,3,0,0
BRDA:8,3,1,0
BRDA:29,4,0,0
BRDA:29,4,1,0
BRDA:29,4,2,0
BRDA:29,4,3,0
BRDA:31,5,0,0
BRDA:31,5,1,0
BRF:14
BRH:0
end_of_record
TN:
SF:/Users/scott/git/wp-graphql/src/data/Tag.js
FN:3,_interopRequireDefault
FN:8,(anonymous_1)
FN:11,(anonymous_2)
FN:13,(anonymous_3)
FN:15,(anonymous_4)
FN:17,(anonymous_5)
FN:17,(anonymous_6)
FN:17,(anonymous_7)
FN:20,(anonymous_8)
FN:20,Tag
FN:20,getID
FN:23,getEndpoint
FN:27,(anonymous_12)
FN:27,_callee
FN:29,_callee$
FN:31,load
FN:31,(anonymous_16)
FN:31,_callee2
FN:34,_callee2$
FN:36,(anonymous_19)
FN:36,loadMany
FN:36,(anonymous_21)
FN:36,_callee3
FN:39,_callee3$
FN:41,loadBySlug
FNF:25
FNH:0
FNDA:0,_interopRequireDefault
FNDA:0,(anonymous_1)
FNDA:0,(anonymous_2)
FNDA:0,(anonymous_3)
FNDA:0,(anonymous_4)
FNDA:0,(anonymous_5)
FNDA:0,(anonymous_6)
FNDA:0,(anonymous_7)
FNDA:0,(anonymous_8)
FNDA:0,Tag
FNDA:0,getID
FNDA:0,getEndpoint
FNDA:0,(anonymous_12)
FNDA:0,_callee
FNDA:0,_callee$
FNDA:0,load
FNDA:0,(anonymous_16)
FNDA:0,_callee2
FNDA:0,_callee2$
FNDA:0,(anonymous_19)
FNDA:0,loadMany
FNDA:0,(anonymous_21)
FNDA:0,_callee3
FNDA:0,_callee3$
FNDA:0,loadBySlug
DA:1,0
DA:2,0
DA:3,0
DA:7,0
DA:8,0
DA:11,0
DA:13,0
DA:15,0
DA:17,0
DA:20,0
DA:22,0
DA:26,0
DA:27,0
DA:29,0
DA:30,0
DA:31,0
DA:34,0
DA:35,0
DA:36,0
DA:39,0
DA:40,0
DA:41,0
LF:22
LH:0
BRDA:3,0,0,0
BRDA:3,0,1,0
BRDA:3,1,0,0
BRDA:3,1,1,0
BRDA:7,2,0,0
BRDA:7,2,1,0
BRDA:29,3,0,0
BRDA:29,3,1,0
BRDA:29,3,2,0
BRDA:29,3,3,0
BRDA:31,4,0,0
BRDA:31,4,1,0
BRDA:34,5,0,0
BRDA:34,5,1,0
BRDA:34,5,2,0
BRDA:34,5,3,0
BRDA:36,6,0,0
BRDA:36,6,1,0
BRDA:39,7,0,0
BRDA:39,7,1,0
BRDA:39,7,2,0
BRDA:39,7,3,0
BRDA:41,8,0,0
BRDA:41,8,1,0
BRF:24
BRH:0
end_of_record
TN:
SF:/Users/scott/git/wp-graphql/src/data/Taxonomy.js
FN:3,_interopRequireDefault
FN:9,(anonymous_1)
FN:10,(anonymous_2)
FN:10,(anonymous_3)
FN:13,(anonymous_4)
FN:13,Taxonomy
FN:13,getID
FN:16,getEndpoint
FN:20,(anonymous_8)
FN:20,_callee
FN:22,_callee$
FN:24,load
FNF:12
FNH:0
FNDA:0,_interopRequireDefault
FNDA:0,(anonymous_1)
FNDA:0,(anonymous_2)
FNDA:0,(anonymous_3)
FNDA:0,(anonymous_4)
FNDA:0,Taxonomy
FNDA:0,getID
FNDA:0,getEndpoint
FNDA:0,(anonymous_8)
FNDA:0,_callee
FNDA:0,_callee$
FNDA:0,load
DA:1,0
DA:2,0
DA:3,0
DA:8,0
DA:9,0
DA:10,0
DA:13,0
DA:15,0
DA:19,0
DA:20,0
DA:22,0
DA:23,0
DA:24,0
LF:13
LH:0
BRDA:3,0,0,0
BRDA:3,0,1,0
BRDA:3,1,0,0
BRDA:3,1,1,0
BRDA:8,2,0,0
BRDA:8,2,1,0
BRDA:22,3,0,0
BRDA:22,3,1,0
BRDA:22,3,2,0
BRDA:22,3,3,0
BRDA:24,4,0,0
BRDA:24,4,1,0
BRF:12
BRH:0
end_of_record
TN:
SF:/Users/scott/git/wp-graphql/src/data/User.js
FN:3,_interopRequireDefault
FN:8,(anonymous_1)
FN:11,(anonymous_2)
FN:13,(anonymous_3)
FN:15,(anonymous_4)
FN:17,(anonymous_5)
FN:17,(anonymous_6)
FN:17,(anonymous_7)
FN:20,(anonymous_8)
FN:20,User
FN:20,getID
FN:23,getEndpoint
FN:27,(anonymous_12)
FN:27,_callee
FN:29,_callee$
FN:31,load
FN:31,(anonymous_16)
FN:31,_callee2
FN:34,_callee2$
FN:36,loadBySlug
FNF:20
FNH:0
FNDA:0,_interopRequireDefault
FNDA:0,(anonymous_1)
FNDA:0,(anonymous_2)
FNDA:0,(anonymous_3)
FNDA:0,(anonymous_4)
FNDA:0,(anonymous_5)
FNDA:0,(anonymous_6)
FNDA:0,(anonymous_7)
FNDA:0,(anonymous_8)
FNDA:0,User
FNDA:0,getID
FNDA:0,getEndpoint
FNDA:0,(anonymous_12)
FNDA:0,_callee
FNDA:0,_callee$
FNDA:0,load
FNDA:0,(anonymous_16)
FNDA:0,_callee2
FNDA:0,_callee2$
FNDA:0,loadBySlug
DA:1,0
DA:2,0
DA:3,0
DA:7,0
DA:8,0
DA:11,0
DA:13,0
DA:15,0
DA:17,0
DA:20,0
DA:22,0
DA:26,0
DA:27,0
DA:29,0
DA:30,0
DA:31,0
DA:34,0
DA:35,0
DA:36,0
LF:19
LH:0
BRDA:3,0,0,0
BRDA:3,0,1,0
BRDA:3,1,0,0
BRDA:3,1,1,0
BRDA:7,2,0,0
BRDA:7,2,1,0
BRDA:29,3,0,0
BRDA:29,3,1,0
BRDA:29,3,2,0
BRDA:29,3,3,0
BRDA:31,4,0,0
BRDA:31,4,1,0
BRDA:34,5,0,0
BRDA:34,5,1,0
BRDA:34,5,2,0
BRDA:34,5,3,0
BRDA:36,6,0,0
BRDA:36,6,1,0
BRF:18
BRH:0
end_of_record
TN:
SF:/Users/scott/git/wp-graphql/src/data/client.js
FN:15,getClient
FN:23,(anonymous_1)
FN:27,(anonymous_2)
FN:31,(anonymous_3)
FNF:4
FNH:0
FNDA:0,getClient
FNDA:0,(anonymous_1)
FNDA:0,(anonymous_2)
FNDA:0,(anonymous_3)
DA:6,1
DA:7,1
DA:10,1
DA:11,1
DA:16,0
DA:17,0
DA:20,0
DA:23,0
DA:24,0
DA:27,0
DA:28,0
DA:31,0
DA:32,0
DA:35,0
LF:14
LH:4
BRDA:16,0,0,0
BRDA:16,0,1,0
BRF:2
BRH:0
end_of_record
TN:
SF:/Users/scott/git/wp-graphql/src/data/utils.js
FN:5,(anonymous_0)
FN:7,(anonymous_1)
FN:28,(anonymous_2)
FN:32,(anonymous_3)
FN:33,(anonymous_4)
FN:37,(anonymous_5)
FN:42,(anonymous_6)
FN:51,(anonymous_7)
FN:52,(anonymous_8)
FN:53,(anonymous_9)
FN:53,(anonymous_10)
FN:68,(anonymous_11)
FNF:12
FNH:0
FNDA:0,(anonymous_0)
FNDA:0,(anonymous_1)
FNDA:0,(anonymous_2)
FNDA:0,(anonymous_3)
FNDA:0,(anonymous_4)
FNDA:0,(anonymous_5)
FNDA:0,(anonymous_6)
FNDA:0,(anonymous_7)
FNDA:0,(anonymous_8)
FNDA:0,(anonymous_9)
FNDA:0,(anonymous_10)
FNDA:0,(anonymous_11)
DA:5,1
DA:7,1
DA:8,0
DA:9,0
DA:10,0
DA:11,0
DA:14,0
DA:25,0
DA:28,1
DA:29,0
DA:31,0
DA:32,0
DA:33,0
DA:34,0
DA:35,0
DA:37,0
DA:42,1
DA:43,0
DA:44,0
DA:46,0
DA:51,0
DA:52,0
DA:53,0
DA:54,0
DA:55,0
DA:56,0
DA:61,0
DA:65,0
DA:66,0
DA:68,0
DA:69,0
DA:70,0
DA:71,0
DA:72,0
DA:77,0
LF:35
LH:4
BRDA:7,0,0,0
BRDA:10,1,0,0
BRDA:10,1,1,0
BRDA:34,2,0,0
BRDA:34,2,1,0
BRDA:42,3,0,0
BRDA:54,4,0,0
BRDA:54,4,1,0
BRDA:65,5,0,0
BRDA:65,5,1,0
BRDA:65,6,0,0
BRDA:65,6,1,0
BRDA:69,7,0,0
BRDA:69,7,1,0
BRDA:71,8,0,0
BRDA:71,8,1,0
BRF:16
BRH:0
end_of_record
TN:
SF:/Users/scott/git/wp-graphql/src/schema/index.js
FN:3,_interopRequireDefault
FNF:1
FNH:0
FNDA:0,_interopRequireDefault
DA:1,0
DA:2,0
DA:3,0
DA:5,0
DA:7,0
LF:5
LH:0
BRDA:3,0,0,0
BRDA:3,0,1,0
BRDA:3,1,0,0
BRDA:3,1,1,0
BRF:4
BRH:0
end_of_record
TN:
SF:/Users/scott/git/wp-graphql/src/schema/connection/Comment.js
FN:12,_interopRequireDefault
FN:40,(anonymous_1)
FN:40,_callee
FN:40,_callee$
FN:57,(anonymous_4)
FN:66,(anonymous_5)
FN:69,resolve
FNF:7
FNH:0
FNDA:0,_interopRequireDefault
FNDA:0,(anonymous_1)
FNDA:0,_callee
FNDA:0,_callee$
FNDA:0,(anonymous_4)
FNDA:0,(anonymous_5)
FNDA:0,resolve
DA:1,0
DA:2,0
DA:8,0
DA:9,0
DA:10,0
DA:11,0
DA:12,0
DA:14,0
DA:15,0
DA:40,0
DA:41,0
DA:42,0
DA:43,0
DA:44,0
DA:45,0
DA:46,0
DA:47,0
DA:48,0
DA:49,0
DA:51,0
DA:52,0
DA:54,0
DA:55,0
DA:56,0
DA:57,0
DA:58,0
DA:61,0
DA:62,0
DA:63,0
DA:64,0
DA:66,0
DA:69,0
LF:32
LH:0
BRDA:12,0,0,0
BRDA:12,0,1,0
BRDA:12,1,0,0
BRDA:12,1,1,0
BRDA:40,2,0,0
BRDA:40,2,1,0
BRDA:40,2,2,0
BRDA:40,2,3,0
BRDA:40,2,4,0
BRDA:40,2,5,0
BRDA:43,3,0,0
BRDA:43,3,1,0
BRDA:47,4,0,0
BRDA:47,4,1,0
BRDA:52,5,0,0
BRDA:52,5,1,0
BRDA:55,6,0,0
BRDA:55,6,1,0
BRDA:68,7,0,0
BRDA:68,7,1,0
BRDA:69,8,0,0
BRDA:69,8,1,0
BRF:22
BRH:0
end_of_record
TN:
SF:/Users/scott/git/wp-graphql/src/schema/connection/Post.js
FN:12,_interopRequireDefault
FN:94,resolve
FN:112,setFilter
FN:142,(anonymous_3)
FN:144,(anonymous_4)
FN:153,(anonymous_5)
FNF:6
FNH:0
FNDA:0,_interopRequireDefault
FNDA:0,resolve
FNDA:0,setFilter
FNDA:0,(anonymous_3)
FNDA:0,(anonymous_4)
FNDA:0,(anonymous_5)
DA:1,0
DA:2,0
DA:9,0
DA:10,0
DA:11,0
DA:12,0
DA:14,0
DA:15,0
DA:18,0
DA:95,0
DA:96,0
DA:97,0
DA:98,0
DA:101,0
DA:102,0
DA:103,0
DA:105,0
DA:108,0
DA:109,0
DA:112,0
DA:113,0
DA:114,0
DA:115,0
DA:117,0
DA:118,0
DA:122,0
DA:123,0
DA:124,0
DA:125,0
DA:126,0
DA:130,0
DA:132,0
DA:136,0
DA:138,0
DA:140,0
DA:142,0
DA:143,0
DA:144,0
DA:148,0
DA:149,0
DA:150,0
DA:151,0
DA:153,0
LF:43
LH:0
BRDA:12,0,0,0
BRDA:12,0,1,0
BRDA:12,1,0,0
BRDA:12,1,1,0
BRDA:97,2,0,0
BRDA:97,2,1,0
BRDA:97,3,0,0
BRDA:97,3,1,0
BRDA:101,4,0,0
BRDA:101,4,1,0
BRDA:108,5,0,0
BRDA:108,5,1,0
BRDA:112,6,0,0
BRDA:112,6,1,0
BRDA:112,7,0,0
BRDA:112,7,1,0
BRDA:113,8,0,0
BRDA:113,8,1,0
BRDA:114,9,0,0
BRDA:114,9,1,0
BRDA:117,10,0,0
BRDA:117,10,1,0
BRDA:122,11,0,0
BRDA:122,11,1,0
BRDA:122,12,0,0
BRDA:122,12,1,0
BRDA:123,13,0,0
BRDA:123,13,1,0
BRDA:125,14,0,0
BRDA:125,14,1,0
BRDA:143,15,0,0
BRDA:143,15,1,0
BRDA:155,16,0,0
BRDA:155,16,1,0
BRDA:156,17,0,0
BRDA:156,17,1,0
BRF:36
BRH:0
end_of_record
TN:
SF:/Users/scott/git/wp-graphql/src/schema/enum/CommentOrderby.js
FNF:0
FNH:0
DA:1,0
DA:3,0
DA:13,0
LF:3
LH:0
BRF:0
BRH:0
end_of_record
TN:
SF:/Users/scott/git/wp-graphql/src/schema/enum/CommentStatus.js
FNF:0
FNH:0
DA:1,0
DA:3,0
DA:8,0
LF:3
LH:0
BRF:0
BRH:0
end_of_record
TN:
SF:/Users/scott/git/wp-graphql/src/schema/enum/Format.js
FNF:0
FNH:0
DA:1,0
DA:3,0
DA:16,0
LF:3
LH:0
BRF:0
BRH:0
end_of_record
TN:
SF:/Users/scott/git/wp-graphql/src/schema/enum/MediaType.js
FNF:0
FNH:0
DA:1,0
DA:3,0
DA:11,0
LF:3
LH:0
BRF:0
BRH:0
end_of_record
TN:
SF:/Users/scott/git/wp-graphql/src/schema/enum/Order.js
FNF:0
FNH:0
DA:1,0
DA:3,0
DA:8,0
LF:3
LH:0
BRF:0
BRH:0
end_of_record
TN:
SF:/Users/scott/git/wp-graphql/src/schema/enum/PageOrderby.js
FNF:0
FNH:0
DA:1,0
DA:3,0
DA:13,0
LF:3
LH:0
BRF:0
BRH:0
end_of_record
TN:
SF:/Users/scott/git/wp-graphql/src/schema/enum/PingStatus.js
FNF:0
FNH:0
DA:1,0
DA:3,0
DA:8,0
LF:3
LH:0
BRF:0
BRH:0
end_of_record
TN:
SF:/Users/scott/git/wp-graphql/src/schema/enum/PostOrderby.js
FNF:0
FNH:0
DA:1,0
DA:3,0
DA:12,0
LF:3
LH:0
BRF:0
BRH:0
end_of_record
TN:
SF:/Users/scott/git/wp-graphql/src/schema/enum/TaxonomyOrderby.js
FNF:0
FNH:0
DA:1,0
DA:3,0
DA:13,0
LF:3
LH:0
BRF:0
BRH:0
end_of_record
TN:
SF:/Users/scott/git/wp-graphql/src/schema/enum/UserOrderby.js
FNF:0
FNH:0
DA:1,0
DA:3,0
DA:13,0
LF:3
LH:0
BRF:0
BRH:0
end_of_record
TN:
SF:/Users/scott/git/wp-graphql/src/schema/field/author.js
FN:2,_interopRequireDefault
FN:8,resolve
FNF:2
FNH:0
FNDA:0,_interopRequireDefault
FNDA:0,resolve
DA:1,0
DA:2,0
DA:8,0
LF:3
LH:0
BRDA:2,0,0,0
BRDA:2,0,1,0
BRDA:2,1,0,0
BRDA:2,1,1,0
BRDA:8,2,0,0
BRDA:8,2,1,0
BRF:6
BRH:0
end_of_record
TN:
SF:/Users/scott/git/wp-graphql/src/schema/field/content.js
FN:3,_interopRequireDefault
FNF:1
FNH:0
FNDA:0,_interopRequireDefault
DA:1,0
DA:2,0
DA:3,0
DA:5,0
DA:11,0
DA:17,0
LF:6
LH:0
BRDA:3,0,0,0
BRDA:3,0,1,0
BRDA:3,1,0,0
BRDA:3,1,1,0
BRF:4
BRH:0
end_of_record
TN:
SF:/Users/scott/git/wp-graphql/src/schema/field/date.js
FNF:0
FNH:0
DA:1,0
DA:3,0
DA:14,0
LF:3
LH:0
BRF:0
BRH:0
end_of_record
TN:
SF:/Users/scott/git/wp-graphql/src/schema/field/description.js
FNF:0
FNH:0
DA:1,0
LF:1
LH:0
BRF:0
BRH:0
end_of_record
TN:
SF:/Users/scott/git/wp-graphql/src/schema/field/identifier.js
FN:3,_interopRequireDefault
FN:5,globalIdField
FN:8,resolve
FNF:3
FNH:0
FNDA:0,_interopRequireDefault
FNDA:0,globalIdField
FNDA:0,resolve
DA:1,0
DA:3,0
DA:5,0
DA:8,0
DA:11,0
DA:18,0
DA:25,0
DA:32,0
DA:38,0
LF:9
LH:0
BRDA:3,0,0,0
BRDA:3,0,1,0
BRDA:3,1,0,0
BRDA:3,1,1,0
BRF:4
BRH:0
end_of_record
TN:
SF:/Users/scott/git/wp-graphql/src/schema/field/media.js
FN:6,_interopRequireDefault
FN:8,featuredMedia
FN:11,resolve
FNF:3
FNH:0
FNDA:0,_interopRequireDefault
FNDA:0,featuredMedia
FNDA:0,resolve
DA:1,0
DA:2,0
DA:3,0
DA:4,0
DA:5,0
DA:6,0
DA:8,0
DA:11,0
DA:14,0
DA:20,0
DA:26,0
DA:33,0
DA:39,0
DA:46,0
LF:14
LH:0
BRDA:6,0,0,0
BRDA:6,0,1,0
BRDA:6,1,0,0
BRDA:6,1,1,0
BRDA:11,2,0,0
BRDA:11,2,1,0
BRF:6
BRH:0
end_of_record
TN:
SF:/Users/scott/git/wp-graphql/src/schema/field/meta.js
FN:2,_interopRequireDefault
FN:4,metaResolver
FN:8,(anonymous_2)
FN:14,(anonymous_3)
FNF:4
FNH:0
FNDA:0,_interopRequireDefault
FNDA:0,metaResolver
FNDA:0,(anonymous_2)
FNDA:0,(anonymous_3)
DA:1,0
DA:2,0
DA:4,0
DA:5,0
DA:6,0
DA:8,0
DA:12,0
DA:14,0
LF:8
LH:0
BRDA:2,0,0,0
BRDA:2,0,1,0
BRDA:2,1,0,0
BRDA:2,1,1,0
BRDA:5,2,0,0
BRDA:5,2,1,0
BRDA:5,3,0,0
BRDA:5,3,1,0
BRF:8
BRH:0
end_of_record
TN:
SF:/Users/scott/git/wp-graphql/src/schema/field/post.js
FN:3,_interopRequireDefault
FNF:1
FNH:0
FNDA:0,_interopRequireDefault
DA:1,0
DA:3,0
DA:5,0
DA:12,0
DA:19,0
DA:25,0
LF:6
LH:0
BRDA:3,0,0,0
BRDA:3,0,1,0
BRDA:3,1,0,0
BRDA:3,1,1,0
BRF:4
BRH:0
end_of_record
TN:
SF:/Users/scott/git/wp-graphql/src/schema/field/protected.js
FNF:0
FNH:0
DA:1,0
LF:1
LH:0
BRF:0
BRH:0
end_of_record
TN:
SF:/Users/scott/git/wp-graphql/src/schema/field/raw.js
FNF:0
FNH:0
DA:1,0
LF:1
LH:0
BRF:0
BRH:0
end_of_record
TN:
SF:/Users/scott/git/wp-graphql/src/schema/field/rendered.js
FNF:0
FNH:0
DA:1,0
LF:1
LH:0
BRF:0
BRH:0
end_of_record
TN:
SF:/Users/scott/git/wp-graphql/src/schema/field/status.js
FN:2,_interopRequireDefault
FNF:1
FNH:0
FNDA:0,_interopRequireDefault
DA:1,0
DA:2,0
DA:4,0
DA:10,0
LF:4
LH:0
BRDA:2,0,0,0
BRDA:2,0,1,0
BRDA:2,1,0,0
BRDA:2,1,1,0
BRF:4
BRH:0
end_of_record
TN:
SF:/Users/scott/git/wp-graphql/src/schema/field/taxonomy.js
FN:4,_interopRequireDefault
FN:10,resolve
FNF:2
FNH:0
FNDA:0,_interopRequireDefault
FNDA:0,resolve
DA:1,0
DA:3,0
DA:4,0
DA:10,0
LF:4
LH:0
BRDA:4,0,0,0
BRDA:4,0,1,0
BRDA:4,1,0,0
BRDA:4,1,1,0
BRF:4
BRH:0
end_of_record
TN:
SF:/Users/scott/git/wp-graphql/src/schema/interface/Media.js
FN:9,_interopRequireDefault
FNF:1
FNH:0
FNDA:0,_interopRequireDefault
DA:1,0
DA:2,0
DA:3,0
DA:4,0
DA:5,0
DA:6,0
DA:7,0
DA:8,0
DA:9,0
DA:18,0
DA:47,0
LF:11
LH:0
BRDA:9,0,0,0
BRDA:9,0,1,0
BRDA:9,1,0,0
BRDA:9,1,1,0
BRF:4
BRH:0
end_of_record
TN:
SF:/Users/scott/git/wp-graphql/src/schema/interface/Post.js
FN:9,_interopRequireDefault
FNF:1
FNH:0
FNDA:0,_interopRequireDefault
DA:1,0
DA:2,0
DA:3,0
DA:4,0
DA:5,0
DA:6,0
DA:7,0
DA:8,0
DA:9,0
DA:11,0
DA:32,0
LF:11
LH:0
BRDA:9,0,0,0
BRDA:9,0,1,0
BRDA:9,1,0,0
BRDA:9,1,1,0
BRF:4
BRH:0
end_of_record
TN:
SF:/Users/scott/git/wp-graphql/src/schema/interface/Term.js
FN:12,_interopRequireDefault
FNF:1
FNH:0
FNDA:0,_interopRequireDefault
DA:1,0
DA:9,0
DA:10,0
DA:11,0
DA:12,0
DA:14,0
DA:28,0
LF:7
LH:0
BRDA:12,0,0,0
BRDA:12,0,1,0
BRDA:12,1,0,0
BRDA:12,1,1,0
BRF:4
BRH:0
end_of_record
TN:
SF:/Users/scott/git/wp-graphql/src/schema/mutation/Comment.js
FN:4,_interopRequireDefault
FN:21,createCommentMutation
FN:41,mutateAndGetPayload
FN:63,mutateAndGetPayload
FN:93,mutateAndGetPayload
FN:121,mutateAndGetPayload
FNF:6
FNH:0
FNDA:0,_interopRequireDefault
FNDA:0,createCommentMutation
FNDA:0,mutateAndGetPayload
FNDA:0,mutateAndGetPayload
FNDA:0,mutateAndGetPayload
FNDA:0,mutateAndGetPayload
DA:1,0
DA:2,0
DA:3,0
DA:4,0
DA:6,0
DA:21,0
DA:41,0
DA:47,0
DA:64,0
DA:65,0
DA:68,0
DA:69,0
DA:72,0
DA:73,0
DA:74,0
DA:75,0
DA:77,0
DA:94,0
DA:95,0
DA:98,0
DA:99,0
DA:100,0
DA:122,0
DA:123,0
DA:126,0
DA:127,0
DA:128,0
DA:129,0
LF:28
LH:0
BRDA:4,0,0,0
BRDA:4,0,1,0
BRDA:4,1,0,0
BRDA:4,1,1,0
BRDA:21,2,0,0
BRDA:21,2,1,0
BRDA:21,3,0,0
BRDA:21,3,1,0
BRDA:64,4,0,0
BRDA:64,4,1,0
BRDA:64,5,0,0
BRDA:64,5,1,0
BRDA:64,6,0,0
BRDA:64,6,1,0
BRDA:68,7,0,0
BRDA:68,7,1,0
BRDA:74,8,0,0
BRDA:74,8,1,0
BRDA:94,9,0,0
BRDA:94,9,1,0
BRDA:122,10,0,0
BRDA:122,10,1,0
BRF:22
BRH:0
end_of_record
TN:
SF:/Users/scott/git/wp-graphql/src/schema/type/Avatar.js
FNF:0
FNH:0
DA:1,0
DA:3,0
DA:8,0
LF:3
LH:0
BRF:0
BRH:0
end_of_record
TN:
SF:/Users/scott/git/wp-graphql/src/schema/type/Caption.js
FN:3,_interopRequireDefault
FNF:1
FNH:0
FNDA:0,_interopRequireDefault
DA:1,0
DA:3,0
DA:5,0
DA:8,0
LF:4
LH:0
BRDA:3,0,0,0
BRDA:3,0,1,0
BRDA:3,1,0,0
BRDA:3,1,1,0
BRF:4
BRH:0
end_of_record
TN:
SF:/Users/scott/git/wp-graphql/src/schema/type/Category.js
FN:7,_interopRequireDefault
FN:13,isTypeOf
FN:16,fields
FN:28,resolve
FNF:4
FNH:0
FNDA:0,_interopRequireDefault
FNDA:0,isTypeOf
FNDA:0,fields
FNDA:0,resolve
DA:1,0
DA:2,0
DA:3,0
DA:4,0
DA:5,0
DA:6,0
DA:7,0
DA:9,0
DA:14,0
DA:16,0
DA:28,0
LF:11
LH:0
BRDA:7,0,0,0
BRDA:7,0,1,0
BRDA:7,1,0,0
BRDA:7,1,1,0
BRDA:28,2,0,0
BRDA:28,2,1,0
BRF:6
BRH:0
end_of_record
TN:
SF:/Users/scott/git/wp-graphql/src/schema/type/Comment.js
FN:8,_interopRequireDefault
FN:13,fields
FN:22,resolve
FN:27,resolve
FN:52,resolve
FN:53,(anonymous_5)
FNF:6
FNH:0
FNDA:0,_interopRequireDefault
FNDA:0,fields
FNDA:0,resolve
FNDA:0,resolve
FNDA:0,resolve
FNDA:0,(anonymous_5)
DA:1,0
DA:2,0
DA:3,0
DA:4,0
DA:5,0
DA:6,0
DA:7,0
DA:8,0
DA:10,0
DA:13,0
DA:22,0
DA:27,0
DA:52,0
DA:53,0
DA:58,0
LF:15
LH:0
BRDA:8,0,0,0
BRDA:8,0,1,0
BRDA:8,1,0,0
BRDA:8,1,1,0
BRDA:27,2,0,0
BRDA:27,2,1,0
BRF:6
BRH:0
end_of_record
TN:
SF:/Users/scott/git/wp-graphql/src/schema/type/Content.js
FN:6,_interopRequireDefault
FNF:1
FNH:0
FNDA:0,_interopRequireDefault
DA:1,0
DA:3,0
DA:4,0
DA:6,0
DA:8,0
DA:12,0
LF:6
LH:0
BRDA:6,0,0,0
BRDA:6,0,1,0
BRDA:6,1,0,0
BRDA:6,1,1,0
BRF:4
BRH:0
end_of_record
TN:
SF:/Users/scott/git/wp-graphql/src/schema/type/Description.js
FN:3,_interopRequireDefault
FNF:1
FNH:0
FNDA:0,_interopRequireDefault
DA:1,0
DA:3,0
DA:5,0
DA:8,0
LF:4
LH:0
BRDA:3,0,0,0
BRDA:3,0,1,0
BRDA:3,1,0,0
BRDA:3,1,1,0
BRF:4
BRH:0
end_of_record
TN:
SF:/Users/scott/git/wp-graphql/src/schema/type/Excerpt.js
FN:6,_interopRequireDefault
FNF:1
FNH:0
FNDA:0,_interopRequireDefault
DA:1,0
DA:3,0
DA:4,0
DA:6,0
DA:8,0
DA:12,0
LF:6
LH:0
BRDA:6,0,0,0
BRDA:6,0,1,0
BRDA:6,1,0,0
BRDA:6,1,1,0
BRF:4
BRH:0
end_of_record
TN:
SF:/Users/scott/git/wp-graphql/src/schema/type/Guid.js
FN:3,_interopRequireDefault
FNF:1
FNH:0
FNDA:0,_interopRequireDefault
DA:1,0
DA:3,0
DA:5,0
DA:8,0
LF:4
LH:0
BRDA:3,0,0,0
BRDA:3,0,1,0
BRDA:3,1,0,0
BRDA:3,1,1,0
BRF:4
BRH:0
end_of_record
TN:
SF:/Users/scott/git/wp-graphql/src/schema/type/Labels.js
FNF:0
FNH:0
DA:1,0
DA:3,0
DA:10,0
LF:3
LH:0
BRF:0
BRH:0
end_of_record
TN:
SF:/Users/scott/git/wp-graphql/src/schema/type/Meta.js
FNF:0
FNH:0
DA:1,0
DA:3,0
DA:13,0
LF:3
LH:0
BRF:0
BRH:0
end_of_record
TN:
SF:/Users/scott/git/wp-graphql/src/schema/type/Mutation.js
FN:2,_interopRequireDefault
FN:7,fields
FNF:2
FNH:0
FNDA:0,_interopRequireDefault
FNDA:0,fields
DA:1,0
DA:2,0
DA:4,0
DA:7,0
LF:4
LH:0
BRDA:2,0,0,0
BRDA:2,0,1,0
BRDA:2,1,0,0
BRDA:2,1,1,0
BRF:4
BRH:0
end_of_record
TN:
SF:/Users/scott/git/wp-graphql/src/schema/type/NavMenu.js
FN:4,_interopRequireDefault
FNF:1
FNH:0
FNDA:0,_interopRequireDefault
DA:1,0
DA:2,0
DA:3,0
DA:4,0
DA:6,0
DA:15,0
LF:6
LH:0
BRDA:4,0,0,0
BRDA:4,0,1,0
BRDA:4,1,0,0
BRDA:4,1,1,0
BRF:4
BRH:0
end_of_record
TN:
SF:/Users/scott/git/wp-graphql/src/schema/type/NavMenuItem.js
FN:11,resolve
FN:16,resolve
FN:29,resolve
FN:34,resolve
FN:39,resolve
FN:44,resolve
FNF:6
FNH:0
FNDA:0,resolve
FNDA:0,resolve
FNDA:0,resolve
FNDA:0,resolve
FNDA:0,resolve
FNDA:0,resolve
DA:1,0
DA:2,0
DA:4,0
DA:11,0
DA:16,0
DA:29,0
DA:34,0
DA:39,0
DA:44,0
DA:56,0
LF:10
LH:0
BRDA:16,0,0,0
BRDA:16,0,1,0
BRDA:44,1,0,0
BRDA:44,1,1,0
BRF:4
BRH:0
end_of_record
TN:
SF:/Users/scott/git/wp-graphql/src/schema/type/Page.js
FN:11,_interopRequireDefault
FN:17,isTypeOf
FN:20,fields
FN:41,resolve
FNF:4
FNH:0
FNDA:0,_interopRequireDefault
FNDA:0,isTypeOf
FNDA:0,fields
FNDA:0,resolve
DA:1,0
DA:2,0
DA:3,0
DA:4,0
DA:5,0
DA:6,0
DA:7,0
DA:8,0
DA:9,0
DA:10,0
DA:11,0
DA:13,0
DA:18,0
DA:20,0
DA:41,0
DA:45,0
LF:16
LH:0
BRDA:11,0,0,0
BRDA:11,0,1,0
BRDA:11,1,0,0
BRDA:11,1,1,0
BRDA:41,2,0,0
BRDA:41,2,1,0
BRF:6
BRH:0
end_of_record
TN:
SF:/Users/scott/git/wp-graphql/src/schema/type/Post.js
FN:15,_interopRequireDefault
FN:21,isTypeOf
FN:24,fields
FN:47,resolve
FN:57,resolve
FNF:5
FNH:0
FNDA:0,_interopRequireDefault
FNDA:0,isTypeOf
FNDA:0,fields
FNDA:0,resolve
FNDA:0,resolve
DA:1,0
DA:2,0
DA:3,0
DA:4,0
DA:5,0
DA:6,0
DA:7,0
DA:8,0
DA:9,0
DA:10,0
DA:11,0
DA:12,0
DA:13,0
DA:14,0
DA:15,0
DA:17,0
DA:22,0
DA:24,0
DA:47,0
DA:48,0
DA:49,0
DA:51,0
DA:57,0
DA:58,0
DA:59,0
DA:61,0
DA:64,0
LF:27
LH:0
BRDA:15,0,0,0
BRDA:15,0,1,0
BRDA:15,1,0,0
BRDA:15,1,1,0
BRDA:48,2,0,0
BRDA:48,2,1,0
BRDA:58,3,0,0
BRDA:58,3,1,0
BRF:8
BRH:0
end_of_record
TN:
SF:/Users/scott/git/wp-graphql/src/schema/type/Query.js
FN:3,_interopRequireDefault
FN:10,fields
FN:14,resolve
FNF:3
FNH:0
FNDA:0,_interopRequireDefault
FNDA:0,fields
FNDA:0,resolve
DA:1,0
DA:2,0
DA:3,0
DA:5,0
DA:7,0
DA:10,0
DA:14,0
LF:7
LH:0
BRDA:3,0,0,0
BRDA:3,0,1,0
BRDA:3,1,0,0
BRDA:3,1,1,0
BRF:4
BRH:0
end_of_record
TN:
SF:/Users/scott/git/wp-graphql/src/schema/type/Rewrite.js
FN:3,_interopRequireDefault
FNF:1
FNH:0
FNDA:0,_interopRequireDefault
DA:1,0
DA:3,0
DA:5,0
DA:8,0
LF:4
LH:0
BRDA:3,0,0,0
BRDA:3,0,1,0
BRDA:3,1,0,0
BRDA:3,1,1,0
BRF:4
BRH:0
end_of_record
TN:
SF:/Users/scott/git/wp-graphql/src/schema/type/Settings.js
FNF:0
FNH:0
DA:1,0
DA:3,0
DA:21,0
LF:3
LH:0
BRF:0
BRH:0
end_of_record
TN:
SF:/Users/scott/git/wp-graphql/src/schema/type/Sidebar.js
FN:5,_interopRequireDefault
FN:17,resolve
FNF:2
FNH:0
FNDA:0,_interopRequireDefault
FNDA:0,resolve
DA:1,0
DA:3,0
DA:4,0
DA:5,0
DA:7,0
DA:17,0
DA:39,0
LF:7
LH:0
BRDA:5,0,0,0
BRDA:5,0,1,0
BRDA:5,1,0,0
BRDA:5,1,1,0
BRF:4
BRH:0
end_of_record
TN:
SF:/Users/scott/git/wp-graphql/src/schema/type/Status.js
FN:3,_interopRequireDefault
FNF:1
FNH:0
FNDA:0,_interopRequireDefault
DA:1,0
DA:3,0
DA:5,0
DA:18,0
LF:4
LH:0
BRDA:3,0,0,0
BRDA:3,0,1,0
BRDA:3,1,0,0
BRDA:3,1,1,0
BRF:4
BRH:0
end_of_record
TN:
SF:/Users/scott/git/wp-graphql/src/schema/type/Tag.js
FN:8,_interopRequireDefault
FN:14,isTypeOf
FNF:2
FNH:0
FNDA:0,_interopRequireDefault
FNDA:0,isTypeOf
DA:1,0
DA:3,0
DA:5,0
DA:6,0
DA:7,0
DA:8,0
DA:10,0
DA:15,0
DA:24,0
LF:9
LH:0
BRDA:8,0,0,0
BRDA:8,0,1,0
BRDA:8,1,0,0
BRDA:8,1,1,0
BRF:4
BRH:0
end_of_record
TN:
SF:/Users/scott/git/wp-graphql/src/schema/type/Taxonomy.js
FN:5,_interopRequireDefault
FN:15,resolve
FNF:2
FNH:0
FNDA:0,_interopRequireDefault
FNDA:0,resolve
DA:1,0
DA:2,0
DA:3,0
DA:4,0
DA:5,0
DA:7,0
DA:15,0
DA:31,0
LF:8
LH:0
BRDA:5,0,0,0
BRDA:5,0,1,0
BRDA:5,1,0,0
BRDA:5,1,1,0
BRF:4
BRH:0
end_of_record
TN:
SF:/Users/scott/git/wp-graphql/src/schema/type/Title.js
FN:3,_interopRequireDefault
FNF:1
FNH:0
FNDA:0,_interopRequireDefault
DA:1,0
DA:3,0
DA:5,0
DA:8,0
LF:4
LH:0
BRDA:3,0,0,0
BRDA:3,0,1,0
BRDA:3,1,0,0
BRDA:3,1,1,0
BRF:4
BRH:0
end_of_record
TN:
SF:/Users/scott/git/wp-graphql/src/schema/type/Type.js
FN:4,_interopRequireDefault
FN:15,resolve
FNF:2
FNH:0
FNDA:0,_interopRequireDefault
FNDA:0,resolve
DA:1,0
DA:2,0
DA:3,0
DA:4,0
DA:6,0
DA:15,0
DA:26,0
LF:7
LH:0
BRDA:4,0,0,0
BRDA:4,0,1,0
BRDA:4,1,0,0
BRDA:4,1,1,0
BRF:4
BRH:0
end_of_record
TN:
SF:/Users/scott/git/wp-graphql/src/schema/type/User.js
FN:6,_interopRequireDefault
FN:20,resolve
FN:21,(anonymous_2)
FNF:3
FNH:0
FNDA:0,_interopRequireDefault
FNDA:0,resolve
FNDA:0,(anonymous_2)
DA:1,0
DA:3,0
DA:5,0
DA:6,0
DA:8,0
DA:20,0
DA:21,0
DA:23,0
LF:8
LH:0
BRDA:6,0,0,0
BRDA:6,0,1,0
BRDA:6,1,0,0
BRDA:6,1,1,0
BRF:4
BRH:0
end_of_record
TN:
SF:/Users/scott/git/wp-graphql/src/schema/type/Viewer.js
FN:25,_interopRequireDefault
FN:27,itemResolver
FN:33,resolve
FN:43,fields
FN:61,resolve
FN:78,resolve
FN:82,resolve
FNF:7
FNH:0
FNDA:0,_interopRequireDefault
FNDA:0,itemResolver
FNDA:0,resolve
FNDA:0,fields
FNDA:0,resolve
FNDA:0,resolve
FNDA:0,resolve
DA:1,0
DA:2,0
DA:3,0
DA:4,0
DA:5,0
DA:6,0
DA:7,0
DA:8,0
DA:9,0
DA:10,0
DA:11,0
DA:12,0
DA:13,0
DA:14,0
DA:15,0
DA:16,0
DA:17,0
DA:18,0
DA:19,0
DA:20,0
DA:21,0
DA:22,0
DA:23,0
DA:24,0
DA:25,0
DA:27,0
DA:33,0
DA:34,0
DA:35,0
DA:37,0
DA:41,0
DA:43,0
DA:61,0
DA:62,0
DA:64,0
DA:66,0
DA:68,0
DA:78,0
DA:82,0
LF:39
LH:0
BRDA:25,0,0,0
BRDA:25,0,1,0
BRDA:25,1,0,0
BRDA:25,1,1,0
BRDA:34,2,0,0
BRDA:34,2,1,0
BRDA:34,3,0,0
BRDA:34,3,1,0
BRDA:62,4,0,0
BRDA:62,4,1,0
BRDA:62,4,2,0
BRF:11
BRH:0
end_of_record
TN:
SF:/Users/scott/git/wp-graphql/src/schema/type/Widget.js
FN:5,_interopRequireDefault
FNF:1
FNH:0
FNDA:0,_interopRequireDefault
DA:1,0
DA:3,0
DA:4,0
DA:5,0
DA:7,0
DA:19,0
LF:6
LH:0
BRDA:5,0,0,0
BRDA:5,0,1,0
BRDA:5,1,0,0
BRDA:5,1,1,0
BRF:4
BRH:0
end_of_record
TN:
SF:/Users/scott/git/wp-graphql/src/schema/type/relayNode.js
FN:23,_interopRequireDefault
FN:26,(anonymous_1)
FN:54,(anonymous_2)
FNF:3
FNH:0
FNDA:0,_interopRequireDefault
FNDA:0,(anonymous_1)
FNDA:0,(anonymous_2)
DA:1,0
DA:3,0
DA:4,0
DA:5,0
DA:6,0
DA:7,0
DA:8,0
DA:9,0
DA:10,0
DA:11,0
DA:12,0
DA:13,0
DA:15,0
DA:16,0
DA:17,0
DA:18,0
DA:19,0
DA:20,0
DA:21,0
DA:22,0
DA:23,0
DA:25,0
DA:27,0
DA:29,0
DA:31,0
DA:33,0
DA:35,0
DA:37,0
DA:39,0
DA:41,0
DA:43,0
DA:45,0
DA:47,0
DA:49,0
DA:51,0
DA:55,0
DA:57,0
DA:59,0
DA:61,0
DA:63,0
DA:65,0
DA:67,0
DA:69,0
DA:71,0
DA:73,0
DA:75,0
DA:77,0
DA:80,0
LF:48
LH:0
BRDA:23,0,0,0
BRDA:23,0,1,0
BRDA:23,1,0,0
BRDA:23,1,1,0
BRDA:29,2,0,0
BRDA:29,2,1,0
BRDA:29,2,2,0
BRDA:29,2,3,0
BRDA:29,2,4,0
BRDA:29,2,5,0
BRDA:29,2,6,0
BRDA:29,2,7,0
BRDA:29,2,8,0
BRDA:29,2,9,0
BRDA:29,2,10,0
BRDA:55,3,0,0
BRDA:55,3,1,0
BRDA:55,3,2,0
BRDA:55,3,3,0
BRDA:55,3,4,0
BRDA:55,3,5,0
BRDA:55,3,6,0
BRDA:55,3,7,0
BRDA:55,3,8,0
BRDA:55,3,9,0
BRF:25
BRH:0
end_of_record
TN:
SF:/Users/scott/git/wp-graphql/src/schema/type/Chart/Chart.js
FN:2,_interopRequireDefault
FN:11,resolve
FN:16,resolve
FN:21,resolve
FN:26,resolve
FN:31,resolve
FN:36,resolve
FNF:7
FNH:0
FNDA:0,_interopRequireDefault
FNDA:0,resolve
FNDA:0,resolve
FNDA:0,resolve
FNDA:0,resolve
FNDA:0,resolve
FNDA:0,resolve
DA:1,0
DA:2,0
DA:4,0
DA:11,0
DA:16,0
DA:21,0
DA:26,0
DA:31,0
DA:36,0
LF:9
LH:0
BRDA:2,0,0,0
BRDA:2,0,1,0
BRDA:2,1,0,0
BRDA:2,1,1,0
BRF:4
BRH:0
end_of_record
TN:
SF:/Users/scott/git/wp-graphql/src/schema/type/Chart/ChartItem.js
FN:2,_interopRequireDefault
FN:11,resolve
FN:16,resolve
FN:21,resolve
FN:26,resolve
FN:31,resolve
FN:36,resolve
FN:41,resolve
FNF:8
FNH:0
FNDA:0,_interopRequireDefault
FNDA:0,resolve
FNDA:0,resolve
FNDA:0,resolve
FNDA:0,resolve
FNDA:0,resolve
FNDA:0,resolve
FNDA:0,resolve
DA:1,0
DA:2,0
DA:4,0
DA:11,0
DA:16,0
DA:21,0
DA:26,0
DA:31,0
DA:36,0
DA:41,0
LF:10
LH:0
BRDA:2,0,0,0
BRDA:2,0,1,0
BRDA:2,1,0,0
BRDA:2,1,1,0
BRF:4
BRH:0
end_of_record
TN:
SF:/Users/scott/git/wp-graphql/src/schema/type/Chart/ChartItemImage.js
FN:10,resolve
FN:15,resolve
FNF:2
FNH:0
FNDA:0,resolve
FNDA:0,resolve
DA:1,0
DA:3,0
DA:10,0
DA:15,0
LF:4
LH:0
BRF:0
BRH:0
end_of_record
TN:
SF:/Users/scott/git/wp-graphql/src/schema/type/Chart/index.js
FN:1,_interopRequireDefault
FNF:1
FNH:0
FNDA:0,_interopRequireDefault
DA:1,0
LF:1
LH:0
BRDA:1,0,0,0
BRDA:1,0,1,0
BRDA:1,1,0,0
BRDA:1,1,1,0
BRF:4
BRH:0
end_of_record
TN:
SF:/Users/scott/git/wp-graphql/src/schema/type/Media/Size.js
FNF:0
FNH:0
DA:1,0
DA:3,0
DA:12,0
LF:3
LH:0
BRF:0
BRH:0
end_of_record
TN:
SF:/Users/scott/git/wp-graphql/src/schema/type/Media/fields.js
FN:10,_interopRequireDefault
FN:37,resolve
FNF:2
FNH:0
FNDA:0,_interopRequireDefault
FNDA:0,resolve
DA:1,0
DA:2,0
DA:3,0
DA:4,0
DA:5,0
DA:6,0
DA:7,0
DA:8,0
DA:9,0
DA:10,0
DA:37,0
LF:11
LH:0
BRDA:10,0,0,0
BRDA:10,0,1,0
BRDA:10,1,0,0
BRDA:10,1,1,0
BRF:4
BRH:0
end_of_record
TN:
SF:/Users/scott/git/wp-graphql/src/schema/type/Media/index.js
FN:5,_interopRequireDefault
FNF:1
FNH:0
FNDA:0,_interopRequireDefault
DA:1,0
DA:3,0
DA:4,0
DA:5,0
DA:7,0
DA:9,0
LF:6
LH:0
BRDA:5,0,0,0
BRDA:5,0,1,0
BRDA:5,1,0,0
BRDA:5,1,1,0
BRF:4
BRH:0
end_of_record
TN:
SF:/Users/scott/git/wp-graphql/src/schema/type/Media/Audio/Details.js
FNF:0
FNH:0
DA:1,0
DA:3,0
DA:7,0
LF:3
LH:0
BRF:0
BRH:0
end_of_record
TN:
SF:/Users/scott/git/wp-graphql/src/schema/type/Media/Audio/index.js
FN:5,_interopRequireDefault
FN:11,isTypeOf
FNF:2
FNH:0
FNDA:0,_interopRequireDefault
FNDA:0,isTypeOf
DA:1,0
DA:3,0
DA:4,0
DA:5,0
DA:7,0
DA:12,0
DA:16,0
LF:7
LH:0
BRDA:5,0,0,0
BRDA:5,0,1,0
BRDA:5,1,0,0
BRDA:5,1,1,0
BRF:4
BRH:0
end_of_record
TN:
SF:/Users/scott/git/wp-graphql/src/schema/type/Media/Image/Details.js
FN:3,_interopRequireDefault
FN:14,resolve
FN:15,(anonymous_2)
FNF:3
FNH:0
FNDA:0,_interopRequireDefault
FNDA:0,resolve
FNDA:0,(anonymous_2)
DA:1,0
DA:3,0
DA:5,0
DA:14,0
DA:15,0
DA:17,0
LF:6
LH:0
BRDA:3,0,0,0
BRDA:3,0,1,0
BRDA:3,1,0,0
BRDA:3,1,1,0
BRF:4
BRH:0
end_of_record
TN:
SF:/Users/scott/git/wp-graphql/src/schema/type/Media/Image/index.js
FN:5,_interopRequireDefault
FN:11,isTypeOf
FNF:2
FNH:0
FNDA:0,_interopRequireDefault
FNDA:0,isTypeOf
DA:1,0
DA:3,0
DA:4,0
DA:5,0
DA:7,0
DA:12,0
DA:16,0
LF:7
LH:0
BRDA:5,0,0,0
BRDA:5,0,1,0
BRDA:5,1,0,0
BRDA:5,1,1,0
BRF:4
BRH:0
end_of_record
TN:
SF:/Users/scott/git/wp-graphql/src/schema/type/Media/Video/Details.js
FNF:0
FNH:0
DA:1,0
DA:3,0
DA:7,0
LF:3
LH:0
BRF:0
BRH:0
end_of_record
TN:
SF:/Users/scott/git/wp-graphql/src/schema/type/Media/Video/index.js
FN:5,_interopRequireDefault
FN:11,isTypeOf
FNF:2
FNH:0
FNDA:0,_interopRequireDefault
FNDA:0,isTypeOf
DA:1,0
DA:3,0
DA:4,0
DA:5,0
DA:7,0
DA:12,0
DA:16,0
LF:7
LH:0
BRDA:5,0,0,0
BRDA:5,0,1,0
BRDA:5,1,0,0
BRDA:5,1,1,0
BRF:4
BRH:0
end_of_record
