TN:
SF:/Users/scott/git/wp-graphql/src/data/Category.js
FN:6,(anonymous_0)
FN:10,(anonymous_1)
FNF:2
FNH:2
FNDA:1,(anonymous_0)
FNDA:20,(anonymous_1)
DA:3,20
DA:7,1
DA:11,20
LF:3
LH:3
BRDA:3,0,0,20
BRDA:3,0,1,0
BRF:2
BRH:1
end_of_record
TN:
SF:/Users/scott/git/wp-graphql/src/data/Chart.js
FN:6,(anonymous_0)
FN:10,(anonymous_1)
FNF:2
FNH:2
FNDA:1,(anonymous_0)
FNDA:20,(anonymous_1)
DA:3,20
DA:7,1
DA:11,20
LF:3
LH:3
BRF:0
BRH:0
end_of_record
TN:
SF:/Users/scott/git/wp-graphql/src/data/Comment.js
FN:10,(anonymous_0)
FN:14,(anonymous_1)
FN:18,(anonymous_2)
FN:26,(anonymous_3)
FN:31,(anonymous_4)
FN:35,(anonymous_5)
FN:70,(anonymous_6)
FN:109,(anonymous_7)
FNF:8
FNH:4
FNDA:1,(anonymous_0)
FNDA:20,(anonymous_1)
FNDA:0,(anonymous_2)
FNDA:1,(anonymous_3)
FNDA:5,(anonymous_4)
FNDA:0,(anonymous_5)
FNDA:0,(anonymous_6)
FNDA:0,(anonymous_7)
DA:6,21
DA:7,21
DA:11,1
DA:15,20
DA:19,0
DA:20,0
DA:27,1
DA:28,1
DA:29,1
DA:31,5
DA:36,0
DA:37,0
DA:42,0
DA:43,0
DA:44,0
DA:47,0
DA:49,0
DA:56,0
DA:62,0
DA:71,0
DA:72,0
DA:73,0
DA:75,0
DA:76,0
DA:81,0
DA:82,0
DA:83,0
DA:86,0
DA:88,0
DA:95,0
DA:101,0
DA:110,0
DA:111,0
DA:113,0
DA:114,0
DA:119,0
DA:120,0
DA:123,0
DA:126,0
DA:127,0
DA:132,0
DA:136,0
LF:42
LH:8
BRDA:6,0,0,21
BRDA:6,0,1,0
BRDA:26,1,0,1
BRDA:42,2,0,0
BRDA:42,2,1,0
BRDA:64,3,0,0
BRDA:64,3,1,0
BRDA:81,4,0,0
BRDA:81,4,1,0
BRDA:126,5,0,0
BRDA:126,5,1,0
BRF:11
BRH:2
end_of_record
TN:
SF:/Users/scott/git/wp-graphql/src/data/Media.js
FN:6,(anonymous_0)
FN:10,(anonymous_1)
FNF:2
FNH:2
FNDA:1,(anonymous_0)
FNDA:20,(anonymous_1)
DA:3,20
DA:7,1
DA:11,20
LF:3
LH:3
BRDA:3,0,0,20
BRDA:3,0,1,0
BRF:2
BRH:1
end_of_record
TN:
SF:/Users/scott/git/wp-graphql/src/data/NavMenu.js
FN:12,(anonymous_0)
FN:16,(anonymous_1)
FNF:2
FNH:2
FNDA:1,(anonymous_0)
FNDA:20,(anonymous_1)
DA:3,20
DA:4,20
DA:5,0
DA:13,1
DA:17,20
LF:5
LH:4
BRDA:3,0,0,20
BRDA:3,0,1,0
BRDA:4,1,0,0
BRDA:4,1,1,20
BRF:4
BRH:2
end_of_record
TN:
SF:/Users/scott/git/wp-graphql/src/data/Page.js
FN:6,(anonymous_0)
FN:10,(anonymous_1)
FNF:2
FNH:2
FNDA:1,(anonymous_0)
FNDA:20,(anonymous_1)
DA:3,20
DA:7,1
DA:11,20
LF:3
LH:3
BRDA:3,0,0,20
BRDA:3,0,1,0
BRF:2
BRH:1
end_of_record
TN:
SF:/Users/scott/git/wp-graphql/src/data/Post.js
FN:7,(anonymous_0)
FN:11,(anonymous_1)
FN:15,(anonymous_2)
FN:19,(anonymous_3)
FNF:4
FNH:4
FNDA:1,(anonymous_0)
FNDA:41,(anonymous_1)
FNDA:1,(anonymous_2)
FNDA:5,(anonymous_3)
DA:4,23
DA:8,1
DA:12,41
DA:16,1
DA:17,1
DA:19,5
LF:6
LH:6
BRDA:4,0,0,23
BRDA:4,0,1,0
BRDA:15,1,0,1
BRF:3
BRH:2
end_of_record
TN:
SF:/Users/scott/git/wp-graphql/src/data/Settings.js
FN:6,(anonymous_0)
FN:10,(anonymous_1)
FNF:2
FNH:2
FNDA:1,(anonymous_0)
FNDA:20,(anonymous_1)
DA:3,20
DA:7,1
DA:11,20
LF:3
LH:3
BRDA:3,0,0,20
BRDA:3,0,1,0
BRF:2
BRH:1
end_of_record
TN:
SF:/Users/scott/git/wp-graphql/src/data/Sidebar.js
FN:12,(anonymous_0)
FN:16,(anonymous_1)
FNF:2
FNH:2
FNDA:1,(anonymous_0)
FNDA:20,(anonymous_1)
DA:3,20
DA:4,20
DA:5,0
DA:13,1
DA:17,20
LF:5
LH:4
BRDA:3,0,0,20
BRDA:3,0,1,0
BRDA:4,1,0,0
BRDA:4,1,1,20
BRF:4
BRH:2
end_of_record
TN:
SF:/Users/scott/git/wp-graphql/src/data/Tag.js
FN:6,(anonymous_0)
FN:10,(anonymous_1)
FNF:2
FNH:2
FNDA:1,(anonymous_0)
FNDA:20,(anonymous_1)
DA:3,20
DA:7,1
DA:11,20
LF:3
LH:3
BRDA:3,0,0,20
BRDA:3,0,1,0
BRF:2
BRH:1
end_of_record
TN:
SF:/Users/scott/git/wp-graphql/src/data/Taxonomy.js
FN:6,(anonymous_0)
FN:10,(anonymous_1)
FNF:2
FNH:2
FNDA:1,(anonymous_0)
FNDA:20,(anonymous_1)
DA:3,20
DA:7,1
DA:11,20
LF:3
LH:3
BRDA:3,0,0,20
BRDA:3,0,1,0
BRF:2
BRH:1
end_of_record
TN:
SF:/Users/scott/git/wp-graphql/src/data/User.js
FN:6,(anonymous_0)
FN:10,(anonymous_1)
FNF:2
FNH:2
FNDA:1,(anonymous_0)
FNDA:20,(anonymous_1)
DA:3,20
DA:7,1
DA:11,20
LF:3
LH:3
BRDA:3,0,0,20
BRDA:3,0,1,0
BRF:2
BRH:1
end_of_record
TN:
SF:/Users/scott/git/wp-graphql/src/data/client.js
FN:15,getClient
FN:23,(anonymous_1)
FN:27,(anonymous_2)
FN:31,(anonymous_3)
FNF:4
FNH:0
FNDA:0,getClient
FNDA:0,(anonymous_1)
FNDA:0,(anonymous_2)
FNDA:0,(anonymous_3)
DA:6,31
DA:7,31
DA:10,31
DA:11,31
DA:16,0
DA:17,0
DA:20,0
DA:23,0
DA:24,0
DA:27,0
DA:28,0
DA:31,0
DA:32,0
DA:35,0
LF:14
LH:4
BRDA:16,0,0,0
BRDA:16,0,1,0
BRF:2
BRH:0
end_of_record
TN:
SF:/Users/scott/git/wp-graphql/src/data/utils.js
FN:5,(anonymous_0)
FN:7,(anonymous_1)
FN:28,(anonymous_2)
FN:32,(anonymous_3)
FN:33,(anonymous_4)
FN:37,(anonymous_5)
FN:42,(anonymous_6)
FN:51,(anonymous_7)
FN:52,(anonymous_8)
FN:53,(anonymous_9)
FN:53,(anonymous_10)
FN:68,(anonymous_11)
FNF:12
FNH:0
FNDA:0,(anonymous_0)
FNDA:0,(anonymous_1)
FNDA:0,(anonymous_2)
FNDA:0,(anonymous_3)
FNDA:0,(anonymous_4)
FNDA:0,(anonymous_5)
FNDA:0,(anonymous_6)
FNDA:0,(anonymous_7)
FNDA:0,(anonymous_8)
FNDA:0,(anonymous_9)
FNDA:0,(anonymous_10)
FNDA:0,(anonymous_11)
DA:5,31
DA:7,31
DA:8,0
DA:9,0
DA:10,0
DA:11,0
DA:14,0
DA:25,0
DA:28,31
DA:29,0
DA:31,0
DA:32,0
DA:33,0
DA:34,0
DA:35,0
DA:37,0
DA:42,31
DA:43,0
DA:44,0
DA:46,0
DA:51,0
DA:52,0
DA:53,0
DA:54,0
DA:55,0
DA:56,0
DA:61,0
DA:65,0
DA:66,0
DA:68,0
DA:69,0
DA:70,0
DA:71,0
DA:72,0
DA:77,0
LF:35
LH:4
BRDA:7,0,0,0
BRDA:10,1,0,0
BRDA:10,1,1,0
BRDA:34,2,0,0
BRDA:34,2,1,0
BRDA:42,3,0,0
BRDA:54,4,0,0
BRDA:54,4,1,0
BRDA:65,5,0,0
BRDA:65,5,1,0
BRDA:65,6,0,0
BRDA:65,6,1,0
BRDA:69,7,0,0
BRDA:69,7,1,0
BRDA:71,8,0,0
BRDA:71,8,1,0
BRF:16
BRH:0
end_of_record
TN:
SF:/Users/scott/git/wp-graphql/src/data/loaders/Category.js
FN:9,getCategoryLoaders
FN:11,(anonymous_1)
FN:14,(anonymous_2)
FN:15,(anonymous_3)
FN:21,(anonymous_4)
FN:23,(anonymous_5)
FN:25,(anonymous_6)
FN:25,(anonymous_7)
FN:25,(anonymous_8)
FN:26,(anonymous_9)
FN:27,(anonymous_10)
FN:35,(anonymous_11)
FN:39,(anonymous_12)
FN:41,(anonymous_13)
FN:43,(anonymous_14)
FNF:15
FNH:5
FNDA:19,getCategoryLoaders
FNDA:0,(anonymous_1)
FNDA:0,(anonymous_2)
FNDA:0,(anonymous_3)
FNDA:0,(anonymous_4)
FNDA:0,(anonymous_5)
FNDA:0,(anonymous_6)
FNDA:0,(anonymous_7)
FNDA:0,(anonymous_8)
FNDA:0,(anonymous_9)
FNDA:0,(anonymous_10)
FNDA:2,(anonymous_11)
FNDA:2,(anonymous_12)
FNDA:3,(anonymous_13)
FNDA:2,(anonymous_14)
DA:5,19
DA:11,19
DA:12,0
DA:15,0
DA:16,0
DA:18,0
DA:21,19
DA:22,0
DA:23,0
DA:25,0
DA:27,0
DA:28,0
DA:30,0
DA:34,19
DA:36,2
DA:37,2
DA:40,2
DA:41,3
DA:44,2
DA:45,2
LF:20
LH:10
BRDA:37,0,0,2
BRDA:37,0,1,0
BRDA:41,1,0,2
BRDA:41,1,1,0
BRDA:45,2,0,2
BRDA:45,2,1,0
BRF:6
BRH:3
end_of_record
TN:
SF:/Users/scott/git/wp-graphql/src/data/loaders/Chart.js
FN:8,getChartLoaders
FN:9,(anonymous_1)
FN:11,(anonymous_2)
FN:12,(anonymous_3)
FN:18,(anonymous_4)
FNF:5
FNH:2
FNDA:19,getChartLoaders
FNDA:0,(anonymous_1)
FNDA:0,(anonymous_2)
FNDA:0,(anonymous_3)
FNDA:2,(anonymous_4)
DA:6,19
DA:9,19
DA:10,0
DA:12,0
DA:17,19
DA:19,2
DA:20,2
LF:7
LH:5
BRDA:20,0,0,2
BRDA:20,0,1,0
BRF:2
BRH:1
end_of_record
TN:
SF:/Users/scott/git/wp-graphql/src/data/loaders/Comment.js
FN:9,getCommentLoaders
FN:10,(anonymous_1)
FN:13,(anonymous_2)
FN:17,(anonymous_3)
FNF:4
FNH:2
FNDA:19,getCommentLoaders
FNDA:0,(anonymous_1)
FNDA:0,(anonymous_2)
FNDA:1,(anonymous_3)
DA:5,19
DA:10,19
DA:11,0
DA:13,0
DA:16,19
DA:18,1
DA:19,1
LF:7
LH:5
BRDA:19,0,0,1
BRDA:19,0,1,0
BRF:2
BRH:1
end_of_record
TN:
SF:/Users/scott/git/wp-graphql/src/data/loaders/Media.js
FN:9,getMediaLoaders
FN:10,(anonymous_1)
FN:13,(anonymous_2)
FN:15,(anonymous_3)
FN:18,(anonymous_4)
FN:22,(anonymous_5)
FN:27,(anonymous_6)
FNF:7
FNH:2
FNDA:19,getMediaLoaders
FNDA:0,(anonymous_1)
FNDA:0,(anonymous_2)
FNDA:0,(anonymous_3)
FNDA:0,(anonymous_4)
FNDA:2,(anonymous_5)
FNDA:0,(anonymous_6)
DA:5,19
DA:10,19
DA:11,0
DA:13,0
DA:15,19
DA:16,0
DA:18,0
DA:21,19
DA:23,2
DA:24,2
DA:28,0
DA:29,0
LF:12
LH:6
BRDA:24,0,0,2
BRDA:24,0,1,0
BRDA:29,1,0,0
BRDA:29,1,1,0
BRF:4
BRH:1
end_of_record
TN:
SF:/Users/scott/git/wp-graphql/src/data/loaders/NavMenu.js
FN:9,getNavMenuLoaders
FN:10,(anonymous_1)
FN:12,(anonymous_2)
FN:13,(anonymous_3)
FN:13,(anonymous_4)
FN:13,(anonymous_5)
FN:17,(anonymous_6)
FNF:7
FNH:2
FNDA:19,getNavMenuLoaders
FNDA:0,(anonymous_1)
FNDA:0,(anonymous_2)
FNDA:0,(anonymous_3)
FNDA:0,(anonymous_4)
FNDA:0,(anonymous_5)
FNDA:1,(anonymous_6)
DA:5,19
DA:10,19
DA:11,0
DA:12,0
DA:13,0
DA:16,19
DA:18,1
DA:19,1
LF:8
LH:5
BRDA:19,0,0,1
BRDA:19,0,1,0
BRF:2
BRH:1
end_of_record
TN:
SF:/Users/scott/git/wp-graphql/src/data/loaders/Page.js
FN:9,getPageLoaders
FN:11,(anonymous_1)
FN:14,(anonymous_2)
FN:15,(anonymous_3)
FN:21,(anonymous_4)
FN:23,(anonymous_5)
FN:25,(anonymous_6)
FN:25,(anonymous_7)
FN:25,(anonymous_8)
FN:26,(anonymous_9)
FN:27,(anonymous_10)
FN:34,(anonymous_11)
FN:38,(anonymous_12)
FNF:13
FNH:3
FNDA:19,getPageLoaders
FNDA:0,(anonymous_1)
FNDA:0,(anonymous_2)
FNDA:0,(anonymous_3)
FNDA:0,(anonymous_4)
FNDA:0,(anonymous_5)
FNDA:0,(anonymous_6)
FNDA:0,(anonymous_7)
FNDA:0,(anonymous_8)
FNDA:0,(anonymous_9)
FNDA:0,(anonymous_10)
FNDA:2,(anonymous_11)
FNDA:1,(anonymous_12)
DA:5,19
DA:11,19
DA:12,0
DA:15,0
DA:16,0
DA:18,0
DA:21,19
DA:22,0
DA:23,0
DA:25,0
DA:27,0
DA:28,0
DA:30,0
DA:33,19
DA:35,2
DA:36,2
DA:39,1
DA:40,1
LF:18
LH:8
BRDA:36,0,0,2
BRDA:36,0,1,0
BRDA:40,1,0,1
BRDA:40,1,1,0
BRF:4
BRH:2
end_of_record
TN:
SF:/Users/scott/git/wp-graphql/src/data/loaders/Post.js
FN:9,getPostLoaders
FN:11,(anonymous_1)
FN:14,(anonymous_2)
FN:15,(anonymous_3)
FN:21,(anonymous_4)
FN:24,(anonymous_5)
FN:25,(anonymous_6)
FN:33,(anonymous_7)
FN:37,(anonymous_8)
FNF:9
FNH:3
FNDA:19,getPostLoaders
FNDA:0,(anonymous_1)
FNDA:0,(anonymous_2)
FNDA:0,(anonymous_3)
FNDA:0,(anonymous_4)
FNDA:0,(anonymous_5)
FNDA:0,(anonymous_6)
FNDA:2,(anonymous_7)
FNDA:2,(anonymous_8)
DA:5,19
DA:11,19
DA:12,0
DA:15,0
DA:16,0
DA:18,0
DA:21,19
DA:22,0
DA:25,0
DA:26,0
DA:28,0
DA:32,19
DA:34,2
DA:35,2
DA:38,2
DA:39,2
LF:16
LH:8
BRDA:35,0,0,2
BRDA:35,0,1,0
BRDA:39,1,0,2
BRDA:39,1,1,0
BRF:4
BRH:2
end_of_record
TN:
SF:/Users/scott/git/wp-graphql/src/data/loaders/Settings.js
FN:10,getSettingsLoaders
FN:11,(anonymous_1)
FN:13,(anonymous_2)
FN:14,(anonymous_3)
FN:20,(anonymous_4)
FNF:5
FNH:2
FNDA:19,getSettingsLoaders
FNDA:0,(anonymous_1)
FNDA:0,(anonymous_2)
FNDA:0,(anonymous_3)
FNDA:2,(anonymous_4)
DA:6,19
DA:11,19
DA:12,0
DA:14,0
DA:19,19
DA:21,2
DA:22,2
LF:7
LH:5
BRDA:22,0,0,2
BRDA:22,0,1,0
BRF:2
BRH:1
end_of_record
TN:
SF:/Users/scott/git/wp-graphql/src/data/loaders/Sidebar.js
FN:9,getSidebarLoaders
FN:10,(anonymous_1)
FN:11,(anonymous_2)
FN:12,(anonymous_3)
FN:12,(anonymous_4)
FN:17,(anonymous_5)
FNF:6
FNH:2
FNDA:19,getSidebarLoaders
FNDA:0,(anonymous_1)
FNDA:0,(anonymous_2)
FNDA:0,(anonymous_3)
FNDA:0,(anonymous_4)
FNDA:1,(anonymous_5)
DA:5,19
DA:10,19
DA:11,0
DA:12,0
DA:16,19
DA:18,1
DA:19,1
LF:7
LH:5
BRDA:19,0,0,1
BRDA:19,0,1,0
BRF:2
BRH:1
end_of_record
TN:
SF:/Users/scott/git/wp-graphql/src/data/loaders/Tag.js
FN:9,getTagLoaders
FN:10,(anonymous_1)
FN:13,(anonymous_2)
FN:15,(anonymous_3)
FN:17,(anonymous_4)
FN:19,(anonymous_5)
FN:19,(anonymous_6)
FN:19,(anonymous_7)
FN:23,(anonymous_8)
FN:28,(anonymous_9)
FN:30,(anonymous_10)
FN:33,(anonymous_11)
FNF:12
FNH:5
FNDA:19,getTagLoaders
FNDA:0,(anonymous_1)
FNDA:0,(anonymous_2)
FNDA:0,(anonymous_3)
FNDA:0,(anonymous_4)
FNDA:0,(anonymous_5)
FNDA:0,(anonymous_6)
FNDA:0,(anonymous_7)
FNDA:1,(anonymous_8)
FNDA:2,(anonymous_9)
FNDA:3,(anonymous_10)
FNDA:2,(anonymous_11)
DA:5,19
DA:10,19
DA:11,0
DA:13,0
DA:15,19
DA:16,0
DA:17,0
DA:19,0
DA:22,19
DA:24,1
DA:25,1
DA:29,2
DA:30,3
DA:34,2
DA:35,2
LF:15
LH:10
BRDA:25,0,0,1
BRDA:25,0,1,0
BRDA:30,1,0,2
BRDA:30,1,1,0
BRDA:35,2,0,2
BRDA:35,2,1,0
BRF:6
BRH:3
end_of_record
TN:
SF:/Users/scott/git/wp-graphql/src/data/loaders/Taxonomy.js
FN:10,getTaxonomyLoaders
FN:11,(anonymous_1)
FN:12,(anonymous_2)
FN:12,(anonymous_3)
FN:16,(anonymous_4)
FNF:5
FNH:2
FNDA:19,getTaxonomyLoaders
FNDA:0,(anonymous_1)
FNDA:0,(anonymous_2)
FNDA:0,(anonymous_3)
FNDA:2,(anonymous_4)
DA:6,19
DA:11,19
DA:12,0
DA:15,19
DA:17,2
DA:18,2
LF:6
LH:5
BRDA:18,0,0,2
BRDA:18,0,1,0
BRF:2
BRH:1
end_of_record
TN:
SF:/Users/scott/git/wp-graphql/src/data/loaders/User.js
FN:9,getUserLoaders
FN:11,(anonymous_1)
FN:14,(anonymous_2)
FN:15,(anonymous_3)
FN:21,(anonymous_4)
FN:23,(anonymous_5)
FN:25,(anonymous_6)
FN:25,(anonymous_7)
FN:25,(anonymous_8)
FN:26,(anonymous_9)
FN:27,(anonymous_10)
FN:35,(anonymous_11)
FN:40,(anonymous_12)
FNF:13
FNH:3
FNDA:19,getUserLoaders
FNDA:0,(anonymous_1)
FNDA:0,(anonymous_2)
FNDA:0,(anonymous_3)
FNDA:0,(anonymous_4)
FNDA:0,(anonymous_5)
FNDA:0,(anonymous_6)
FNDA:0,(anonymous_7)
FNDA:0,(anonymous_8)
FNDA:0,(anonymous_9)
FNDA:0,(anonymous_10)
FNDA:2,(anonymous_11)
FNDA:1,(anonymous_12)
DA:5,19
DA:11,19
DA:12,0
DA:15,0
DA:16,0
DA:18,0
DA:21,19
DA:22,0
DA:23,0
DA:25,0
DA:27,0
DA:28,0
DA:30,0
DA:34,19
DA:36,2
DA:37,2
DA:41,1
DA:42,1
LF:18
LH:8
BRDA:37,0,0,2
BRDA:37,0,1,0
BRDA:42,1,0,1
BRDA:42,1,1,0
BRF:4
BRH:2
end_of_record
TN:
SF:/Users/scott/git/wp-graphql/src/data/loaders/index.js
FN:14,getLoaders
FNF:1
FNH:1
FNDA:18,getLoaders
DA:15,18
LF:1
LH:1
BRF:0
BRH:0
end_of_record
TN:
SF:/Users/scott/git/wp-graphql/src/schema/index.js
FN:3,_interopRequireDefault
FNF:1
FNH:0
FNDA:0,_interopRequireDefault
DA:1,0
DA:2,0
DA:3,0
DA:5,0
DA:7,0
LF:5
LH:0
BRDA:3,0,0,0
BRDA:3,0,1,0
BRDA:3,1,0,0
BRDA:3,1,1,0
BRF:4
BRH:0
end_of_record
TN:
SF:/Users/scott/git/wp-graphql/src/schema/connection/Comment.js
FN:39,(anonymous_0)
FN:56,(anonymous_1)
FN:65,(anonymous_2)
FNF:3
FNH:0
FNDA:0,(anonymous_0)
FNDA:0,(anonymous_1)
FNDA:0,(anonymous_2)
DA:13,3
DA:40,0
DA:41,0
DA:42,0
DA:43,0
DA:44,0
DA:45,0
DA:46,0
DA:47,0
DA:48,0
DA:50,0
DA:53,0
DA:54,0
DA:55,0
DA:56,0
DA:57,0
DA:60,0
DA:61,0
DA:62,0
DA:63,0
DA:65,0
DA:66,0
LF:22
LH:1
BRDA:42,0,0,0
BRDA:42,0,1,0
BRDA:46,1,0,0
BRDA:46,1,1,0
BRDA:53,2,0,0
BRDA:53,2,1,0
BRDA:55,3,0,0
BRDA:55,3,1,0
BRDA:67,4,0,0
BRDA:67,4,1,0
BRDA:68,5,0,0
BRDA:68,5,1,0
BRF:12
BRH:0
end_of_record
TN:
SF:/Users/scott/git/wp-graphql/src/schema/connection/Post.js
FN:94,(anonymous_0)
FN:112,(anonymous_1)
FN:142,(anonymous_2)
FN:144,(anonymous_3)
FN:153,(anonymous_4)
FNF:5
FNH:0
FNDA:0,(anonymous_0)
FNDA:0,(anonymous_1)
FNDA:0,(anonymous_2)
FNDA:0,(anonymous_3)
FNDA:0,(anonymous_4)
DA:14,2
DA:95,0
DA:96,0
DA:97,0
DA:98,0
DA:101,0
DA:102,0
DA:103,0
DA:105,0
DA:108,0
DA:109,0
DA:112,0
DA:113,0
DA:114,0
DA:115,0
DA:117,0
DA:118,0
DA:122,0
DA:123,0
DA:124,0
DA:125,0
DA:126,0
DA:130,0
DA:132,0
DA:136,0
DA:138,0
DA:140,0
DA:142,0
DA:143,0
DA:144,0
DA:148,0
DA:149,0
DA:150,0
DA:151,0
DA:153,0
DA:154,0
LF:36
LH:1
BRDA:97,0,0,0
BRDA:97,0,1,0
BRDA:97,1,0,0
BRDA:97,1,1,0
BRDA:101,2,0,0
BRDA:101,2,1,0
BRDA:108,3,0,0
BRDA:108,3,1,0
BRDA:112,4,0,0
BRDA:113,5,0,0
BRDA:113,5,1,0
BRDA:114,6,0,0
BRDA:114,6,1,0
BRDA:117,7,0,0
BRDA:117,7,1,0
BRDA:122,8,0,0
BRDA:122,8,1,0
BRDA:122,9,0,0
BRDA:122,9,1,0
BRDA:123,10,0,0
BRDA:123,10,1,0
BRDA:125,11,0,0
BRDA:125,11,1,0
BRDA:143,12,0,0
BRDA:143,12,1,0
BRDA:155,13,0,0
BRDA:155,13,1,0
BRDA:156,14,0,0
BRDA:156,14,1,0
BRF:29
BRH:0
end_of_record
TN:
SF:/Users/scott/git/wp-graphql/src/schema/enum/CommentOrderby.js
FNF:0
FNH:0
DA:3,4
LF:1
LH:1
BRF:0
BRH:0
end_of_record
TN:
SF:/Users/scott/git/wp-graphql/src/schema/enum/CommentStatus.js
FNF:0
FNH:0
DA:3,8
LF:1
LH:1
BRF:0
BRH:0
end_of_record
TN:
SF:/Users/scott/git/wp-graphql/src/schema/enum/Format.js
FNF:0
FNH:0
DA:3,8
LF:1
LH:1
BRF:0
BRH:0
end_of_record
TN:
SF:/Users/scott/git/wp-graphql/src/schema/enum/MediaType.js
FNF:0
FNH:0
DA:3,7
LF:1
LH:1
BRF:0
BRH:0
end_of_record
TN:
SF:/Users/scott/git/wp-graphql/src/schema/enum/Order.js
FNF:0
FNH:0
DA:3,4
LF:1
LH:1
BRF:0
BRH:0
end_of_record
TN:
SF:/Users/scott/git/wp-graphql/src/schema/enum/PageOrderby.js
FNF:0
FNH:0
DA:3,1
LF:1
LH:1
BRF:0
BRH:0
end_of_record
TN:
SF:/Users/scott/git/wp-graphql/src/schema/enum/PingStatus.js
FNF:0
FNH:0
DA:3,8
LF:1
LH:1
BRF:0
BRH:0
end_of_record
TN:
SF:/Users/scott/git/wp-graphql/src/schema/enum/PostOrderby.js
FNF:0
FNH:0
DA:3,3
LF:1
LH:1
BRF:0
BRH:0
end_of_record
TN:
SF:/Users/scott/git/wp-graphql/src/schema/enum/TaxonomyOrderby.js
FNF:0
FNH:0
DA:3,1
LF:1
LH:1
BRF:0
BRH:0
end_of_record
TN:
SF:/Users/scott/git/wp-graphql/src/schema/enum/UserOrderby.js
FNF:0
FNH:0
DA:3,1
LF:1
LH:1
BRF:0
BRH:0
end_of_record
TN:
SF:/Users/scott/git/wp-graphql/src/schema/field/author.js
FN:7,(anonymous_0)
FNF:1
FNH:1
FNDA:2,(anonymous_0)
DA:8,2
LF:1
LH:1
BRDA:8,0,0,1
BRDA:8,0,1,1
BRF:2
BRH:2
end_of_record
TN:
SF:/Users/scott/git/wp-graphql/src/schema/field/content.js
FNF:0
FNH:0
DA:5,10
DA:11,10
DA:17,10
LF:3
LH:3
BRF:0
BRH:0
end_of_record
TN:
SF:/Users/scott/git/wp-graphql/src/schema/field/date.js
FNF:0
FNH:0
DA:3,8
DA:14,8
LF:2
LH:2
BRF:0
BRH:0
end_of_record
TN:
SF:/Users/scott/git/wp-graphql/src/schema/field/description.js
FNF:0
FNH:0
LF:0
LH:0
BRF:0
BRH:0
end_of_record
TN:
SF:/Users/scott/git/wp-graphql/src/schema/field/identifier.js
FN:5,(anonymous_0)
FN:8,(anonymous_1)
FNF:2
FNH:2
FNDA:41,(anonymous_0)
FNDA:1,(anonymous_1)
DA:5,41
DA:8,1
DA:11,17
DA:18,17
DA:25,17
DA:32,17
DA:38,17
LF:7
LH:7
BRF:0
BRH:0
end_of_record
TN:
SF:/Users/scott/git/wp-graphql/src/schema/field/media.js
FN:7,(anonymous_0)
FN:10,(anonymous_1)
FNF:2
FNH:2
FNDA:7,(anonymous_0)
FNDA:2,(anonymous_1)
DA:7,7
DA:15,2
DA:18,6
DA:24,6
DA:30,6
DA:37,6
DA:43,6
DA:50,6
LF:8
LH:8
BRDA:15,0,0,1
BRDA:15,0,1,1
BRF:2
BRH:2
end_of_record
TN:
SF:/Users/scott/git/wp-graphql/src/schema/field/meta.js
FN:4,(anonymous_0)
FN:8,(anonymous_1)
FN:14,(anonymous_2)
FNF:3
FNH:3
FNDA:2,(anonymous_0)
FNDA:2,(anonymous_1)
FNDA:19,(anonymous_2)
DA:4,10
DA:5,2
DA:6,1
DA:8,2
DA:14,19
LF:5
LH:5
BRDA:5,0,0,1
BRDA:5,0,1,1
BRDA:5,1,0,2
BRDA:5,1,1,1
BRF:4
BRH:4
end_of_record
TN:
SF:/Users/scott/git/wp-graphql/src/schema/field/post.js
FNF:0
FNH:0
DA:5,7
DA:12,7
DA:19,7
DA:25,7
LF:4
LH:4
BRF:0
BRH:0
end_of_record
TN:
SF:/Users/scott/git/wp-graphql/src/schema/field/protected.js
FNF:0
FNH:0
LF:0
LH:0
BRF:0
BRH:0
end_of_record
TN:
SF:/Users/scott/git/wp-graphql/src/schema/field/raw.js
FNF:0
FNH:0
LF:0
LH:0
BRF:0
BRH:0
end_of_record
TN:
SF:/Users/scott/git/wp-graphql/src/schema/field/rendered.js
FNF:0
FNH:0
LF:0
LH:0
BRF:0
BRH:0
end_of_record
TN:
SF:/Users/scott/git/wp-graphql/src/schema/field/status.js
FNF:0
FNH:0
DA:4,7
DA:10,7
LF:2
LH:2
BRF:0
BRH:0
end_of_record
TN:
SF:/Users/scott/git/wp-graphql/src/schema/field/taxonomy.js
FN:9,(anonymous_0)
FNF:1
FNH:1
FNDA:1,(anonymous_0)
DA:10,1
LF:1
LH:1
BRF:0
BRH:0
end_of_record
TN:
SF:/Users/scott/git/wp-graphql/src/schema/interface/Media.js
FNF:0
FNH:0
DA:18,6
LF:1
LH:1
BRF:0
BRH:0
end_of_record
TN:
SF:/Users/scott/git/wp-graphql/src/schema/interface/Post.js
FNF:0
FNH:0
DA:11,4
LF:1
LH:1
BRF:0
BRH:0
end_of_record
TN:
SF:/Users/scott/git/wp-graphql/src/schema/interface/Term.js
FNF:0
FNH:0
DA:14,5
LF:1
LH:1
BRF:0
BRH:0
end_of_record
TN:
SF:/Users/scott/git/wp-graphql/src/schema/mutation/Comment.js
FN:4,_interopRequireDefault
FN:21,createCommentMutation
FN:41,mutateAndGetPayload
FN:63,mutateAndGetPayload
FN:93,mutateAndGetPayload
FN:121,mutateAndGetPayload
FNF:6
FNH:0
FNDA:0,_interopRequireDefault
FNDA:0,createCommentMutation
FNDA:0,mutateAndGetPayload
FNDA:0,mutateAndGetPayload
FNDA:0,mutateAndGetPayload
FNDA:0,mutateAndGetPayload
DA:1,0
DA:2,0
DA:3,0
DA:4,0
DA:6,0
DA:21,0
DA:41,0
DA:47,0
DA:64,0
DA:65,0
DA:68,0
DA:69,0
DA:72,0
DA:73,0
DA:74,0
DA:75,0
DA:77,0
DA:94,0
DA:95,0
DA:98,0
DA:99,0
DA:100,0
DA:122,0
DA:123,0
DA:126,0
DA:127,0
DA:128,0
DA:129,0
LF:28
LH:0
BRDA:4,0,0,0
BRDA:4,0,1,0
BRDA:4,1,0,0
BRDA:4,1,1,0
BRDA:21,2,0,0
BRDA:21,2,1,0
BRDA:21,3,0,0
BRDA:21,3,1,0
BRDA:64,4,0,0
BRDA:64,4,1,0
BRDA:64,5,0,0
BRDA:64,5,1,0
BRDA:64,6,0,0
BRDA:64,6,1,0
BRDA:68,7,0,0
BRDA:68,7,1,0
BRDA:74,8,0,0
BRDA:74,8,1,0
BRDA:94,9,0,0
BRDA:94,9,1,0
BRDA:122,10,0,0
BRDA:122,10,1,0
BRF:22
BRH:0
end_of_record
TN:
SF:/Users/scott/git/wp-graphql/src/schema/type/Avatar.js
FNF:0
FNH:0
DA:3,9
LF:1
LH:1
BRF:0
BRH:0
end_of_record
TN:
SF:/Users/scott/git/wp-graphql/src/schema/type/Caption.js
FNF:0
FNH:0
DA:5,6
LF:1
LH:1
BRF:0
BRH:0
end_of_record
TN:
SF:/Users/scott/git/wp-graphql/src/schema/type/Category.js
FN:16,(anonymous_0)
FN:28,(anonymous_1)
FNF:2
FNH:2
FNDA:2,(anonymous_0)
FNDA:2,(anonymous_1)
DA:9,4
DA:14,1
DA:16,2
DA:29,2
DA:34,4
LF:5
LH:5
BRDA:29,0,0,1
BRDA:29,0,1,1
BRF:2
BRH:2
end_of_record
TN:
SF:/Users/scott/git/wp-graphql/src/schema/type/Comment.js
FN:13,(anonymous_0)
FN:22,(anonymous_1)
FN:27,(anonymous_2)
FN:53,(anonymous_3)
FN:54,(anonymous_4)
FNF:5
FNH:5
FNDA:2,(anonymous_0)
FNDA:1,(anonymous_1)
FNDA:2,(anonymous_2)
FNDA:1,(anonymous_3)
FNDA:1,(anonymous_4)
DA:10,4
DA:13,2
DA:22,1
DA:28,2
DA:54,1
LF:5
LH:5
BRDA:28,0,0,1
BRDA:28,0,1,1
BRF:2
BRH:2
end_of_record
TN:
SF:/Users/scott/git/wp-graphql/src/schema/type/Content.js
FNF:0
FNH:0
DA:8,10
LF:1
LH:1
BRF:0
BRH:0
end_of_record
TN:
SF:/Users/scott/git/wp-graphql/src/schema/type/Description.js
FNF:0
FNH:0
DA:5,6
LF:1
LH:1
BRF:0
BRH:0
end_of_record
TN:
SF:/Users/scott/git/wp-graphql/src/schema/type/Excerpt.js
FNF:0
FNH:0
DA:8,10
LF:1
LH:1
BRF:0
BRH:0
end_of_record
TN:
SF:/Users/scott/git/wp-graphql/src/schema/type/Guid.js
FNF:0
FNH:0
DA:5,17
LF:1
LH:1
BRF:0
BRH:0
end_of_record
TN:
SF:/Users/scott/git/wp-graphql/src/schema/type/Labels.js
FNF:0
FNH:0
DA:3,7
LF:1
LH:1
BRF:0
BRH:0
end_of_record
TN:
SF:/Users/scott/git/wp-graphql/src/schema/type/Meta.js
FNF:0
FNH:0
DA:3,10
LF:1
LH:1
BRF:0
BRH:0
end_of_record
TN:
SF:/Users/scott/git/wp-graphql/src/schema/type/Mutation.js
FN:2,_interopRequireDefault
FN:7,fields
FNF:2
FNH:0
FNDA:0,_interopRequireDefault
FNDA:0,fields
DA:1,0
DA:2,0
DA:4,0
DA:7,0
LF:4
LH:0
BRDA:2,0,0,0
BRDA:2,0,1,0
BRDA:2,1,0,0
BRDA:2,1,1,0
BRF:4
BRH:0
end_of_record
TN:
SF:/Users/scott/git/wp-graphql/src/schema/type/NavMenu.js
FNF:0
FNH:0
DA:7,3
DA:22,3
LF:2
LH:2
BRF:0
BRH:0
end_of_record
TN:
SF:/Users/scott/git/wp-graphql/src/schema/type/NavMenuItem.js
FN:11,(anonymous_0)
FN:16,(anonymous_1)
FN:29,(anonymous_2)
FN:34,(anonymous_3)
FN:39,(anonymous_4)
FN:44,(anonymous_5)
FNF:6
FNH:6
FNDA:1,(anonymous_0)
FNDA:2,(anonymous_1)
FNDA:1,(anonymous_2)
FNDA:1,(anonymous_3)
FNDA:1,(anonymous_4)
FNDA:2,(anonymous_5)
DA:4,4
DA:11,1
DA:16,2
DA:29,1
DA:34,1
DA:39,1
DA:45,2
LF:7
LH:7
BRDA:16,0,0,1
BRDA:16,0,1,1
BRDA:45,1,0,1
BRDA:45,1,1,1
BRF:4
BRH:4
end_of_record
TN:
SF:/Users/scott/git/wp-graphql/src/schema/type/Page.js
FN:20,(anonymous_0)
FN:41,(anonymous_1)
FNF:2
FNH:2
FNDA:2,(anonymous_0)
FNDA:2,(anonymous_1)
DA:13,3
DA:18,1
DA:20,2
DA:42,2
DA:51,3
LF:5
LH:5
BRDA:42,0,0,1
BRDA:42,0,1,1
BRF:2
BRH:2
end_of_record
TN:
SF:/Users/scott/git/wp-graphql/src/schema/type/Post.js
FN:23,(anonymous_0)
FN:46,(anonymous_1)
FN:61,(anonymous_2)
FNF:3
FNH:3
FNDA:2,(anonymous_0)
FNDA:2,(anonymous_1)
FNDA:2,(anonymous_2)
DA:16,3
DA:21,1
DA:23,2
DA:52,2
DA:53,1
DA:55,1
DA:62,2
DA:63,1
DA:65,1
DA:72,3
LF:10
LH:10
BRDA:52,0,0,1
BRDA:52,0,1,1
BRDA:62,1,0,1
BRDA:62,1,1,1
BRF:4
BRH:4
end_of_record
TN:
SF:/Users/scott/git/wp-graphql/src/schema/type/Query.js
FN:10,(anonymous_0)
FN:14,(anonymous_1)
FNF:2
FNH:2
FNDA:2,(anonymous_0)
FNDA:1,(anonymous_1)
DA:5,1
DA:7,1
DA:10,2
DA:14,1
LF:4
LH:4
BRF:0
BRH:0
end_of_record
TN:
SF:/Users/scott/git/wp-graphql/src/schema/type/Rewrite.js
FNF:0
FNH:0
DA:5,7
LF:1
LH:1
BRF:0
BRH:0
end_of_record
TN:
SF:/Users/scott/git/wp-graphql/src/schema/type/Settings.js
FNF:0
FNH:0
DA:3,2
LF:1
LH:1
BRF:0
BRH:0
end_of_record
TN:
SF:/Users/scott/git/wp-graphql/src/schema/type/Sidebar.js
FN:18,(anonymous_0)
FNF:1
FNH:1
FNDA:1,(anonymous_0)
DA:7,3
DA:18,1
DA:45,3
LF:3
LH:3
BRF:0
BRH:0
end_of_record
TN:
SF:/Users/scott/git/wp-graphql/src/schema/type/Tag.js
FNF:0
FNH:0
DA:9,4
DA:14,1
DA:27,4
LF:3
LH:3
BRF:0
BRH:0
end_of_record
TN:
SF:/Users/scott/git/wp-graphql/src/schema/type/Taxonomy.js
FN:15,(anonymous_0)
FNF:1
FNH:1
FNDA:1,(anonymous_0)
DA:7,7
DA:15,1
LF:2
LH:2
BRF:0
BRH:0
end_of_record
TN:
SF:/Users/scott/git/wp-graphql/src/schema/type/Title.js
FNF:0
FNH:0
DA:5,10
LF:1
LH:1
BRF:0
BRH:0
end_of_record
TN:
SF:/Users/scott/git/wp-graphql/src/schema/type/User.js
FN:20,(anonymous_0)
FN:21,(anonymous_1)
FNF:2
FNH:2
FNDA:1,(anonymous_0)
FNDA:1,(anonymous_1)
DA:7,9
DA:21,1
DA:29,9
LF:3
LH:3
BRF:0
BRH:0
end_of_record
TN:
SF:/Users/scott/git/wp-graphql/src/schema/type/Viewer.js
FN:17,(anonymous_0)
FN:23,(anonymous_1)
FN:38,(anonymous_2)
FN:60,(anonymous_3)
FN:79,(anonymous_4)
FN:84,(anonymous_5)
FNF:6
FNH:6
FNDA:16,(anonymous_0)
FNDA:2,(anonymous_1)
FNDA:2,(anonymous_2)
FNDA:3,(anonymous_3)
FNDA:1,(anonymous_4)
FNDA:1,(anonymous_5)
DA:17,16
DA:29,2
DA:30,1
DA:32,1
DA:36,2
DA:39,2
DA:66,3
DA:68,1
DA:70,1
DA:72,1
DA:80,1
DA:85,1
DA:89,2
LF:13
LH:13
BRDA:29,0,0,1
BRDA:29,0,1,1
BRDA:29,1,0,2
BRDA:29,1,1,1
BRDA:66,2,0,1
BRDA:66,2,1,1
BRDA:66,2,2,1
BRF:7
BRH:7
end_of_record
TN:
SF:/Users/scott/git/wp-graphql/src/schema/type/Widget.js
FNF:0
FNH:0
DA:7,4
LF:1
LH:1
BRF:0
BRH:0
end_of_record
TN:
SF:/Users/scott/git/wp-graphql/src/schema/type/relayNode.js
FN:5,registerNodeType
FN:10,(anonymous_1)
FN:16,(anonymous_2)
FNF:3
FNH:1
FNDA:29,registerNodeType
FNDA:0,(anonymous_1)
FNDA:0,(anonymous_2)
DA:3,13
DA:6,29
DA:7,29
DA:10,13
DA:11,0
DA:12,0
DA:14,0
DA:16,0
LF:8
LH:4
BRDA:12,0,0,0
BRDA:16,1,0,0
BRDA:16,1,1,0
BRF:3
BRH:0
end_of_record
TN:
SF:/Users/scott/git/wp-graphql/src/schema/type/Chart/Chart.js
FN:11,(anonymous_0)
FN:16,(anonymous_1)
FN:21,(anonymous_2)
FN:26,(anonymous_3)
FN:31,(anonymous_4)
FN:36,(anonymous_5)
FNF:6
FNH:6
FNDA:1,(anonymous_0)
FNDA:1,(anonymous_1)
FNDA:1,(anonymous_2)
FNDA:1,(anonymous_3)
FNDA:1,(anonymous_4)
FNDA:1,(anonymous_5)
DA:4,3
DA:11,1
DA:16,1
DA:21,1
DA:26,1
DA:31,1
DA:36,1
LF:7
LH:7
BRF:0
BRH:0
end_of_record
TN:
SF:/Users/scott/git/wp-graphql/src/schema/type/Chart/ChartItem.js
FN:11,(anonymous_0)
FN:16,(anonymous_1)
FN:21,(anonymous_2)
FN:26,(anonymous_3)
FN:31,(anonymous_4)
FN:36,(anonymous_5)
FN:41,(anonymous_6)
FNF:7
FNH:7
FNDA:1,(anonymous_0)
FNDA:1,(anonymous_1)
FNDA:1,(anonymous_2)
FNDA:1,(anonymous_3)
FNDA:1,(anonymous_4)
FNDA:1,(anonymous_5)
FNDA:1,(anonymous_6)
DA:4,4
DA:11,1
DA:16,1
DA:21,1
DA:26,1
DA:31,1
DA:36,1
DA:41,1
LF:8
LH:8
BRF:0
BRH:0
end_of_record
TN:
SF:/Users/scott/git/wp-graphql/src/schema/type/Chart/ChartItemImage.js
FN:10,(anonymous_0)
FN:15,(anonymous_1)
FNF:2
FNH:2
FNDA:1,(anonymous_0)
FNDA:1,(anonymous_1)
DA:3,5
DA:10,1
DA:15,1
LF:3
LH:3
BRF:0
BRH:0
end_of_record
TN:
SF:/Users/scott/git/wp-graphql/src/schema/type/Chart/index.js
FNF:0
FNH:0
LF:0
LH:0
BRF:0
BRH:0
end_of_record
TN:
SF:/Users/scott/git/wp-graphql/src/schema/type/Media/Size.js
FNF:0
FNH:0
DA:3,6
LF:1
LH:1
BRF:0
BRH:0
end_of_record
TN:
SF:/Users/scott/git/wp-graphql/src/schema/type/Media/fields.js
FN:44,(anonymous_0)
FNF:1
FNH:1
FNDA:1,(anonymous_0)
DA:44,1
LF:1
LH:1
BRF:0
BRH:0
end_of_record
TN:
SF:/Users/scott/git/wp-graphql/src/schema/type/Media/index.js
FNF:0
FNH:0
DA:7,6
LF:1
LH:1
BRF:0
BRH:0
end_of_record
TN:
SF:/Users/scott/git/wp-graphql/src/schema/type/Media/Audio/Details.js
FNF:0
FNH:0
DA:3,6
LF:1
LH:1
BRF:0
BRH:0
end_of_record
TN:
SF:/Users/scott/git/wp-graphql/src/schema/type/Media/Audio/index.js
FNF:0
FNH:0
DA:7,6
DA:12,0
LF:2
LH:1
BRF:0
BRH:0
end_of_record
TN:
SF:/Users/scott/git/wp-graphql/src/schema/type/Media/Image/Details.js
FN:14,(anonymous_0)
FN:15,(anonymous_1)
FNF:2
FNH:0
FNDA:0,(anonymous_0)
FNDA:0,(anonymous_1)
DA:5,6
DA:15,0
LF:2
LH:1
BRF:0
BRH:0
end_of_record
TN:
SF:/Users/scott/git/wp-graphql/src/schema/type/Media/Image/index.js
FNF:0
FNH:0
DA:7,6
DA:12,0
LF:2
LH:1
BRF:0
BRH:0
end_of_record
TN:
SF:/Users/scott/git/wp-graphql/src/schema/type/Media/Video/Details.js
FNF:0
FNH:0
DA:3,6
LF:1
LH:1
BRF:0
BRH:0
end_of_record
TN:
SF:/Users/scott/git/wp-graphql/src/schema/type/Media/Video/index.js
FNF:0
FNH:0
DA:7,6
DA:12,0
LF:2
LH:1
BRF:0
BRH:0
end_of_record
